ERROR - 2024-09-19 20:53:07 --> mysqli_sql_exception: Unknown column 'email' in 'where clause' in /opt/lampp/htdocs/ADSO_N_2617510_G2/docs/trim7/PROYECTO-API-LATEST/PROYECTO-API/vendor/codeigniter4/framework/system/Database/MySQLi/Connection.php:306
Stack trace:
#0 /opt/lampp/htdocs/ADSO_N_2617510_G2/docs/trim7/PROYECTO-API-LATEST/PROYECTO-API/vendor/codeigniter4/framework/system/Database/MySQLi/Connection.php(306): mysqli->query()
#1 /opt/lampp/htdocs/ADSO_N_2617510_G2/docs/trim7/PROYECTO-API-LATEST/PROYECTO-API/vendor/codeigniter4/framework/system/Database/BaseConnection.php(693): CodeIgniter\Database\MySQLi\Connection->execute()
#2 /opt/lampp/htdocs/ADSO_N_2617510_G2/docs/trim7/PROYECTO-API-LATEST/PROYECTO-API/vendor/codeigniter4/framework/system/Database/BaseConnection.php(607): CodeIgniter\Database\BaseConnection->simpleQuery()
#3 /opt/lampp/htdocs/ADSO_N_2617510_G2/docs/trim7/PROYECTO-API-LATEST/PROYECTO-API/vendor/codeigniter4/framework/system/Database/BaseBuilder.php(1616): CodeIgniter\Database\BaseConnection->query()
#4 /opt/lampp/htdocs/ADSO_N_2617510_G2/docs/trim7/PROYECTO-API-LATEST/PROYECTO-API/vendor/codeigniter4/framework/system/Model.php(271): CodeIgniter\Database\BaseBuilder->get()
#5 /opt/lampp/htdocs/ADSO_N_2617510_G2/docs/trim7/PROYECTO-API-LATEST/PROYECTO-API/vendor/codeigniter4/framework/system/BaseModel.php(679): CodeIgniter\Model->doFirst()
#6 /opt/lampp/htdocs/ADSO_N_2617510_G2/docs/trim7/PROYECTO-API-LATEST/PROYECTO-API/app/Controllers/Login.php(19): CodeIgniter\BaseModel->first()
#7 /opt/lampp/htdocs/ADSO_N_2617510_G2/docs/trim7/PROYECTO-API-LATEST/PROYECTO-API/vendor/codeigniter4/framework/system/CodeIgniter.php(943): App\Controllers\Login->index()
#8 /opt/lampp/htdocs/ADSO_N_2617510_G2/docs/trim7/PROYECTO-API-LATEST/PROYECTO-API/vendor/codeigniter4/framework/system/CodeIgniter.php(503): CodeIgniter\CodeIgniter->runController()
#9 /opt/lampp/htdocs/ADSO_N_2617510_G2/docs/trim7/PROYECTO-API-LATEST/PROYECTO-API/vendor/codeigniter4/framework/system/CodeIgniter.php(361): CodeIgniter\CodeIgniter->handleRequest()
#10 /opt/lampp/htdocs/ADSO_N_2617510_G2/docs/trim7/PROYECTO-API-LATEST/PROYECTO-API/public/index.php(79): CodeIgniter\CodeIgniter->run()
#11 /opt/lampp/htdocs/ADSO_N_2617510_G2/docs/trim7/PROYECTO-API-LATEST/PROYECTO-API/vendor/codeigniter4/framework/system/Commands/Server/rewrite.php(47): require_once('...')
#12 {main}
CRITICAL - 2024-09-19 20:53:07 --> CodeIgniter\Database\Exceptions\DatabaseException: Unknown column 'email' in 'where clause'
in SYSTEMPATH/Database/BaseConnection.php on line 647.
 1 SYSTEMPATH/Database/BaseBuilder.php(1616): CodeIgniter\Database\BaseConnection->query()
 2 SYSTEMPATH/Model.php(271): CodeIgniter\Database\BaseBuilder->get()
 3 SYSTEMPATH/BaseModel.php(679): CodeIgniter\Model->doFirst()
 4 APPPATH/Controllers/Login.php(19): CodeIgniter\BaseModel->first()
 5 SYSTEMPATH/CodeIgniter.php(943): App\Controllers\Login->index()
 6 SYSTEMPATH/CodeIgniter.php(503): CodeIgniter\CodeIgniter->runController()
 7 SYSTEMPATH/CodeIgniter.php(361): CodeIgniter\CodeIgniter->handleRequest()
 8 FCPATH/index.php(79): CodeIgniter\CodeIgniter->run()
 9 SYSTEMPATH/Commands/Server/rewrite.php(47): require_once('/opt/lampp/htdocs/ADSO_N_2617510_G2/docs/trim7/PROYECTO-API-LATEST/PROYECTO-API/public/index.php')
CRITICAL - 2024-09-19 20:53:07 --> [Caused by] CodeIgniter\Database\Exceptions\DatabaseException: Unknown column 'email' in 'where clause'
in SYSTEMPATH/Database/MySQLi/Connection.php on line 311.
 1 SYSTEMPATH/Database/BaseConnection.php(693): CodeIgniter\Database\MySQLi\Connection->execute()
 2 SYSTEMPATH/Database/BaseConnection.php(607): CodeIgniter\Database\BaseConnection->simpleQuery()
 3 SYSTEMPATH/Database/BaseBuilder.php(1616): CodeIgniter\Database\BaseConnection->query()
 4 SYSTEMPATH/Model.php(271): CodeIgniter\Database\BaseBuilder->get()
 5 SYSTEMPATH/BaseModel.php(679): CodeIgniter\Model->doFirst()
 6 APPPATH/Controllers/Login.php(19): CodeIgniter\BaseModel->first()
 7 SYSTEMPATH/CodeIgniter.php(943): App\Controllers\Login->index()
 8 SYSTEMPATH/CodeIgniter.php(503): CodeIgniter\CodeIgniter->runController()
 9 SYSTEMPATH/CodeIgniter.php(361): CodeIgniter\CodeIgniter->handleRequest()
10 FCPATH/index.php(79): CodeIgniter\CodeIgniter->run()
11 SYSTEMPATH/Commands/Server/rewrite.php(47): require_once('/opt/lampp/htdocs/ADSO_N_2617510_G2/docs/trim7/PROYECTO-API-LATEST/PROYECTO-API/public/index.php')
CRITICAL - 2024-09-19 20:53:07 --> [Caused by] mysqli_sql_exception: Unknown column 'email' in 'where clause'
in SYSTEMPATH/Database/MySQLi/Connection.php on line 306.
 1 SYSTEMPATH/Database/MySQLi/Connection.php(306): mysqli->query()
 2 SYSTEMPATH/Database/BaseConnection.php(693): CodeIgniter\Database\MySQLi\Connection->execute()
 3 SYSTEMPATH/Database/BaseConnection.php(607): CodeIgniter\Database\BaseConnection->simpleQuery()
 4 SYSTEMPATH/Database/BaseBuilder.php(1616): CodeIgniter\Database\BaseConnection->query()
 5 SYSTEMPATH/Model.php(271): CodeIgniter\Database\BaseBuilder->get()
 6 SYSTEMPATH/BaseModel.php(679): CodeIgniter\Model->doFirst()
 7 APPPATH/Controllers/Login.php(19): CodeIgniter\BaseModel->first()
 8 SYSTEMPATH/CodeIgniter.php(943): App\Controllers\Login->index()
 9 SYSTEMPATH/CodeIgniter.php(503): CodeIgniter\CodeIgniter->runController()
10 SYSTEMPATH/CodeIgniter.php(361): CodeIgniter\CodeIgniter->handleRequest()
11 FCPATH/index.php(79): CodeIgniter\CodeIgniter->run()
12 SYSTEMPATH/Commands/Server/rewrite.php(47): require_once('/opt/lampp/htdocs/ADSO_N_2617510_G2/docs/trim7/PROYECTO-API-LATEST/PROYECTO-API/public/index.php')
ERROR - 2024-09-19 20:54:05 --> mysqli_sql_exception: Unknown column 'email' in 'where clause' in /opt/lampp/htdocs/ADSO_N_2617510_G2/docs/trim7/PROYECTO-API-LATEST/PROYECTO-API/vendor/codeigniter4/framework/system/Database/MySQLi/Connection.php:306
Stack trace:
#0 /opt/lampp/htdocs/ADSO_N_2617510_G2/docs/trim7/PROYECTO-API-LATEST/PROYECTO-API/vendor/codeigniter4/framework/system/Database/MySQLi/Connection.php(306): mysqli->query()
#1 /opt/lampp/htdocs/ADSO_N_2617510_G2/docs/trim7/PROYECTO-API-LATEST/PROYECTO-API/vendor/codeigniter4/framework/system/Database/BaseConnection.php(693): CodeIgniter\Database\MySQLi\Connection->execute()
#2 /opt/lampp/htdocs/ADSO_N_2617510_G2/docs/trim7/PROYECTO-API-LATEST/PROYECTO-API/vendor/codeigniter4/framework/system/Database/BaseConnection.php(607): CodeIgniter\Database\BaseConnection->simpleQuery()
#3 /opt/lampp/htdocs/ADSO_N_2617510_G2/docs/trim7/PROYECTO-API-LATEST/PROYECTO-API/vendor/codeigniter4/framework/system/Database/BaseBuilder.php(1616): CodeIgniter\Database\BaseConnection->query()
#4 /opt/lampp/htdocs/ADSO_N_2617510_G2/docs/trim7/PROYECTO-API-LATEST/PROYECTO-API/vendor/codeigniter4/framework/system/Model.php(271): CodeIgniter\Database\BaseBuilder->get()
#5 /opt/lampp/htdocs/ADSO_N_2617510_G2/docs/trim7/PROYECTO-API-LATEST/PROYECTO-API/vendor/codeigniter4/framework/system/BaseModel.php(679): CodeIgniter\Model->doFirst()
#6 /opt/lampp/htdocs/ADSO_N_2617510_G2/docs/trim7/PROYECTO-API-LATEST/PROYECTO-API/app/Controllers/Login.php(19): CodeIgniter\BaseModel->first()
#7 /opt/lampp/htdocs/ADSO_N_2617510_G2/docs/trim7/PROYECTO-API-LATEST/PROYECTO-API/vendor/codeigniter4/framework/system/CodeIgniter.php(943): App\Controllers\Login->index()
#8 /opt/lampp/htdocs/ADSO_N_2617510_G2/docs/trim7/PROYECTO-API-LATEST/PROYECTO-API/vendor/codeigniter4/framework/system/CodeIgniter.php(503): CodeIgniter\CodeIgniter->runController()
#9 /opt/lampp/htdocs/ADSO_N_2617510_G2/docs/trim7/PROYECTO-API-LATEST/PROYECTO-API/vendor/codeigniter4/framework/system/CodeIgniter.php(361): CodeIgniter\CodeIgniter->handleRequest()
#10 /opt/lampp/htdocs/ADSO_N_2617510_G2/docs/trim7/PROYECTO-API-LATEST/PROYECTO-API/public/index.php(79): CodeIgniter\CodeIgniter->run()
#11 /opt/lampp/htdocs/ADSO_N_2617510_G2/docs/trim7/PROYECTO-API-LATEST/PROYECTO-API/vendor/codeigniter4/framework/system/Commands/Server/rewrite.php(47): require_once('...')
#12 {main}
CRITICAL - 2024-09-19 20:54:05 --> CodeIgniter\Database\Exceptions\DatabaseException: Unknown column 'email' in 'where clause'
in SYSTEMPATH/Database/BaseConnection.php on line 647.
 1 SYSTEMPATH/Database/BaseBuilder.php(1616): CodeIgniter\Database\BaseConnection->query()
 2 SYSTEMPATH/Model.php(271): CodeIgniter\Database\BaseBuilder->get()
 3 SYSTEMPATH/BaseModel.php(679): CodeIgniter\Model->doFirst()
 4 APPPATH/Controllers/Login.php(19): CodeIgniter\BaseModel->first()
 5 SYSTEMPATH/CodeIgniter.php(943): App\Controllers\Login->index()
 6 SYSTEMPATH/CodeIgniter.php(503): CodeIgniter\CodeIgniter->runController()
 7 SYSTEMPATH/CodeIgniter.php(361): CodeIgniter\CodeIgniter->handleRequest()
 8 FCPATH/index.php(79): CodeIgniter\CodeIgniter->run()
 9 SYSTEMPATH/Commands/Server/rewrite.php(47): require_once('/opt/lampp/htdocs/ADSO_N_2617510_G2/docs/trim7/PROYECTO-API-LATEST/PROYECTO-API/public/index.php')
CRITICAL - 2024-09-19 20:54:05 --> [Caused by] CodeIgniter\Database\Exceptions\DatabaseException: Unknown column 'email' in 'where clause'
in SYSTEMPATH/Database/MySQLi/Connection.php on line 311.
 1 SYSTEMPATH/Database/BaseConnection.php(693): CodeIgniter\Database\MySQLi\Connection->execute()
 2 SYSTEMPATH/Database/BaseConnection.php(607): CodeIgniter\Database\BaseConnection->simpleQuery()
 3 SYSTEMPATH/Database/BaseBuilder.php(1616): CodeIgniter\Database\BaseConnection->query()
 4 SYSTEMPATH/Model.php(271): CodeIgniter\Database\BaseBuilder->get()
 5 SYSTEMPATH/BaseModel.php(679): CodeIgniter\Model->doFirst()
 6 APPPATH/Controllers/Login.php(19): CodeIgniter\BaseModel->first()
 7 SYSTEMPATH/CodeIgniter.php(943): App\Controllers\Login->index()
 8 SYSTEMPATH/CodeIgniter.php(503): CodeIgniter\CodeIgniter->runController()
 9 SYSTEMPATH/CodeIgniter.php(361): CodeIgniter\CodeIgniter->handleRequest()
10 FCPATH/index.php(79): CodeIgniter\CodeIgniter->run()
11 SYSTEMPATH/Commands/Server/rewrite.php(47): require_once('/opt/lampp/htdocs/ADSO_N_2617510_G2/docs/trim7/PROYECTO-API-LATEST/PROYECTO-API/public/index.php')
CRITICAL - 2024-09-19 20:54:05 --> [Caused by] mysqli_sql_exception: Unknown column 'email' in 'where clause'
in SYSTEMPATH/Database/MySQLi/Connection.php on line 306.
 1 SYSTEMPATH/Database/MySQLi/Connection.php(306): mysqli->query()
 2 SYSTEMPATH/Database/BaseConnection.php(693): CodeIgniter\Database\MySQLi\Connection->execute()
 3 SYSTEMPATH/Database/BaseConnection.php(607): CodeIgniter\Database\BaseConnection->simpleQuery()
 4 SYSTEMPATH/Database/BaseBuilder.php(1616): CodeIgniter\Database\BaseConnection->query()
 5 SYSTEMPATH/Model.php(271): CodeIgniter\Database\BaseBuilder->get()
 6 SYSTEMPATH/BaseModel.php(679): CodeIgniter\Model->doFirst()
 7 APPPATH/Controllers/Login.php(19): CodeIgniter\BaseModel->first()
 8 SYSTEMPATH/CodeIgniter.php(943): App\Controllers\Login->index()
 9 SYSTEMPATH/CodeIgniter.php(503): CodeIgniter\CodeIgniter->runController()
10 SYSTEMPATH/CodeIgniter.php(361): CodeIgniter\CodeIgniter->handleRequest()
11 FCPATH/index.php(79): CodeIgniter\CodeIgniter->run()
12 SYSTEMPATH/Commands/Server/rewrite.php(47): require_once('/opt/lampp/htdocs/ADSO_N_2617510_G2/docs/trim7/PROYECTO-API-LATEST/PROYECTO-API/public/index.php')
ERROR - 2024-09-19 20:54:26 --> mysqli_sql_exception: Unknown column 'email' in 'where clause' in /opt/lampp/htdocs/ADSO_N_2617510_G2/docs/trim7/PROYECTO-API-LATEST/PROYECTO-API/vendor/codeigniter4/framework/system/Database/MySQLi/Connection.php:306
Stack trace:
#0 /opt/lampp/htdocs/ADSO_N_2617510_G2/docs/trim7/PROYECTO-API-LATEST/PROYECTO-API/vendor/codeigniter4/framework/system/Database/MySQLi/Connection.php(306): mysqli->query()
#1 /opt/lampp/htdocs/ADSO_N_2617510_G2/docs/trim7/PROYECTO-API-LATEST/PROYECTO-API/vendor/codeigniter4/framework/system/Database/BaseConnection.php(693): CodeIgniter\Database\MySQLi\Connection->execute()
#2 /opt/lampp/htdocs/ADSO_N_2617510_G2/docs/trim7/PROYECTO-API-LATEST/PROYECTO-API/vendor/codeigniter4/framework/system/Database/BaseConnection.php(607): CodeIgniter\Database\BaseConnection->simpleQuery()
#3 /opt/lampp/htdocs/ADSO_N_2617510_G2/docs/trim7/PROYECTO-API-LATEST/PROYECTO-API/vendor/codeigniter4/framework/system/Database/BaseBuilder.php(1616): CodeIgniter\Database\BaseConnection->query()
#4 /opt/lampp/htdocs/ADSO_N_2617510_G2/docs/trim7/PROYECTO-API-LATEST/PROYECTO-API/vendor/codeigniter4/framework/system/Model.php(271): CodeIgniter\Database\BaseBuilder->get()
#5 /opt/lampp/htdocs/ADSO_N_2617510_G2/docs/trim7/PROYECTO-API-LATEST/PROYECTO-API/vendor/codeigniter4/framework/system/BaseModel.php(679): CodeIgniter\Model->doFirst()
#6 /opt/lampp/htdocs/ADSO_N_2617510_G2/docs/trim7/PROYECTO-API-LATEST/PROYECTO-API/app/Controllers/Login.php(19): CodeIgniter\BaseModel->first()
#7 /opt/lampp/htdocs/ADSO_N_2617510_G2/docs/trim7/PROYECTO-API-LATEST/PROYECTO-API/vendor/codeigniter4/framework/system/CodeIgniter.php(943): App\Controllers\Login->index()
#8 /opt/lampp/htdocs/ADSO_N_2617510_G2/docs/trim7/PROYECTO-API-LATEST/PROYECTO-API/vendor/codeigniter4/framework/system/CodeIgniter.php(503): CodeIgniter\CodeIgniter->runController()
#9 /opt/lampp/htdocs/ADSO_N_2617510_G2/docs/trim7/PROYECTO-API-LATEST/PROYECTO-API/vendor/codeigniter4/framework/system/CodeIgniter.php(361): CodeIgniter\CodeIgniter->handleRequest()
#10 /opt/lampp/htdocs/ADSO_N_2617510_G2/docs/trim7/PROYECTO-API-LATEST/PROYECTO-API/public/index.php(79): CodeIgniter\CodeIgniter->run()
#11 /opt/lampp/htdocs/ADSO_N_2617510_G2/docs/trim7/PROYECTO-API-LATEST/PROYECTO-API/vendor/codeigniter4/framework/system/Commands/Server/rewrite.php(47): require_once('...')
#12 {main}
CRITICAL - 2024-09-19 20:54:26 --> CodeIgniter\Database\Exceptions\DatabaseException: Unknown column 'email' in 'where clause'
in SYSTEMPATH/Database/BaseConnection.php on line 647.
 1 SYSTEMPATH/Database/BaseBuilder.php(1616): CodeIgniter\Database\BaseConnection->query()
 2 SYSTEMPATH/Model.php(271): CodeIgniter\Database\BaseBuilder->get()
 3 SYSTEMPATH/BaseModel.php(679): CodeIgniter\Model->doFirst()
 4 APPPATH/Controllers/Login.php(19): CodeIgniter\BaseModel->first()
 5 SYSTEMPATH/CodeIgniter.php(943): App\Controllers\Login->index()
 6 SYSTEMPATH/CodeIgniter.php(503): CodeIgniter\CodeIgniter->runController()
 7 SYSTEMPATH/CodeIgniter.php(361): CodeIgniter\CodeIgniter->handleRequest()
 8 FCPATH/index.php(79): CodeIgniter\CodeIgniter->run()
 9 SYSTEMPATH/Commands/Server/rewrite.php(47): require_once('/opt/lampp/htdocs/ADSO_N_2617510_G2/docs/trim7/PROYECTO-API-LATEST/PROYECTO-API/public/index.php')
CRITICAL - 2024-09-19 20:54:26 --> [Caused by] CodeIgniter\Database\Exceptions\DatabaseException: Unknown column 'email' in 'where clause'
in SYSTEMPATH/Database/MySQLi/Connection.php on line 311.
 1 SYSTEMPATH/Database/BaseConnection.php(693): CodeIgniter\Database\MySQLi\Connection->execute()
 2 SYSTEMPATH/Database/BaseConnection.php(607): CodeIgniter\Database\BaseConnection->simpleQuery()
 3 SYSTEMPATH/Database/BaseBuilder.php(1616): CodeIgniter\Database\BaseConnection->query()
 4 SYSTEMPATH/Model.php(271): CodeIgniter\Database\BaseBuilder->get()
 5 SYSTEMPATH/BaseModel.php(679): CodeIgniter\Model->doFirst()
 6 APPPATH/Controllers/Login.php(19): CodeIgniter\BaseModel->first()
 7 SYSTEMPATH/CodeIgniter.php(943): App\Controllers\Login->index()
 8 SYSTEMPATH/CodeIgniter.php(503): CodeIgniter\CodeIgniter->runController()
 9 SYSTEMPATH/CodeIgniter.php(361): CodeIgniter\CodeIgniter->handleRequest()
10 FCPATH/index.php(79): CodeIgniter\CodeIgniter->run()
11 SYSTEMPATH/Commands/Server/rewrite.php(47): require_once('/opt/lampp/htdocs/ADSO_N_2617510_G2/docs/trim7/PROYECTO-API-LATEST/PROYECTO-API/public/index.php')
CRITICAL - 2024-09-19 20:54:26 --> [Caused by] mysqli_sql_exception: Unknown column 'email' in 'where clause'
in SYSTEMPATH/Database/MySQLi/Connection.php on line 306.
 1 SYSTEMPATH/Database/MySQLi/Connection.php(306): mysqli->query()
 2 SYSTEMPATH/Database/BaseConnection.php(693): CodeIgniter\Database\MySQLi\Connection->execute()
 3 SYSTEMPATH/Database/BaseConnection.php(607): CodeIgniter\Database\BaseConnection->simpleQuery()
 4 SYSTEMPATH/Database/BaseBuilder.php(1616): CodeIgniter\Database\BaseConnection->query()
 5 SYSTEMPATH/Model.php(271): CodeIgniter\Database\BaseBuilder->get()
 6 SYSTEMPATH/BaseModel.php(679): CodeIgniter\Model->doFirst()
 7 APPPATH/Controllers/Login.php(19): CodeIgniter\BaseModel->first()
 8 SYSTEMPATH/CodeIgniter.php(943): App\Controllers\Login->index()
 9 SYSTEMPATH/CodeIgniter.php(503): CodeIgniter\CodeIgniter->runController()
10 SYSTEMPATH/CodeIgniter.php(361): CodeIgniter\CodeIgniter->handleRequest()
11 FCPATH/index.php(79): CodeIgniter\CodeIgniter->run()
12 SYSTEMPATH/Commands/Server/rewrite.php(47): require_once('/opt/lampp/htdocs/ADSO_N_2617510_G2/docs/trim7/PROYECTO-API-LATEST/PROYECTO-API/public/index.php')
ERROR - 2024-09-19 21:02:49 --> mysqli_sql_exception: Unknown column 'email' in 'where clause' in /opt/lampp/htdocs/ADSO_N_2617510_G2/docs/trim7/PROYECTO-API-LATEST/PROYECTO-API/vendor/codeigniter4/framework/system/Database/MySQLi/Connection.php:306
Stack trace:
#0 /opt/lampp/htdocs/ADSO_N_2617510_G2/docs/trim7/PROYECTO-API-LATEST/PROYECTO-API/vendor/codeigniter4/framework/system/Database/MySQLi/Connection.php(306): mysqli->query()
#1 /opt/lampp/htdocs/ADSO_N_2617510_G2/docs/trim7/PROYECTO-API-LATEST/PROYECTO-API/vendor/codeigniter4/framework/system/Database/BaseConnection.php(693): CodeIgniter\Database\MySQLi\Connection->execute()
#2 /opt/lampp/htdocs/ADSO_N_2617510_G2/docs/trim7/PROYECTO-API-LATEST/PROYECTO-API/vendor/codeigniter4/framework/system/Database/BaseConnection.php(607): CodeIgniter\Database\BaseConnection->simpleQuery()
#3 /opt/lampp/htdocs/ADSO_N_2617510_G2/docs/trim7/PROYECTO-API-LATEST/PROYECTO-API/vendor/codeigniter4/framework/system/Database/BaseBuilder.php(1616): CodeIgniter\Database\BaseConnection->query()
#4 /opt/lampp/htdocs/ADSO_N_2617510_G2/docs/trim7/PROYECTO-API-LATEST/PROYECTO-API/vendor/codeigniter4/framework/system/Model.php(271): CodeIgniter\Database\BaseBuilder->get()
#5 /opt/lampp/htdocs/ADSO_N_2617510_G2/docs/trim7/PROYECTO-API-LATEST/PROYECTO-API/vendor/codeigniter4/framework/system/BaseModel.php(679): CodeIgniter\Model->doFirst()
#6 /opt/lampp/htdocs/ADSO_N_2617510_G2/docs/trim7/PROYECTO-API-LATEST/PROYECTO-API/app/Controllers/Login.php(19): CodeIgniter\BaseModel->first()
#7 /opt/lampp/htdocs/ADSO_N_2617510_G2/docs/trim7/PROYECTO-API-LATEST/PROYECTO-API/vendor/codeigniter4/framework/system/CodeIgniter.php(943): App\Controllers\Login->index()
#8 /opt/lampp/htdocs/ADSO_N_2617510_G2/docs/trim7/PROYECTO-API-LATEST/PROYECTO-API/vendor/codeigniter4/framework/system/CodeIgniter.php(503): CodeIgniter\CodeIgniter->runController()
#9 /opt/lampp/htdocs/ADSO_N_2617510_G2/docs/trim7/PROYECTO-API-LATEST/PROYECTO-API/vendor/codeigniter4/framework/system/CodeIgniter.php(361): CodeIgniter\CodeIgniter->handleRequest()
#10 /opt/lampp/htdocs/ADSO_N_2617510_G2/docs/trim7/PROYECTO-API-LATEST/PROYECTO-API/public/index.php(79): CodeIgniter\CodeIgniter->run()
#11 /opt/lampp/htdocs/ADSO_N_2617510_G2/docs/trim7/PROYECTO-API-LATEST/PROYECTO-API/vendor/codeigniter4/framework/system/Commands/Server/rewrite.php(47): require_once('...')
#12 {main}
CRITICAL - 2024-09-19 21:02:49 --> CodeIgniter\Database\Exceptions\DatabaseException: Unknown column 'email' in 'where clause'
in SYSTEMPATH/Database/BaseConnection.php on line 647.
 1 SYSTEMPATH/Database/BaseBuilder.php(1616): CodeIgniter\Database\BaseConnection->query()
 2 SYSTEMPATH/Model.php(271): CodeIgniter\Database\BaseBuilder->get()
 3 SYSTEMPATH/BaseModel.php(679): CodeIgniter\Model->doFirst()
 4 APPPATH/Controllers/Login.php(19): CodeIgniter\BaseModel->first()
 5 SYSTEMPATH/CodeIgniter.php(943): App\Controllers\Login->index()
 6 SYSTEMPATH/CodeIgniter.php(503): CodeIgniter\CodeIgniter->runController()
 7 SYSTEMPATH/CodeIgniter.php(361): CodeIgniter\CodeIgniter->handleRequest()
 8 FCPATH/index.php(79): CodeIgniter\CodeIgniter->run()
 9 SYSTEMPATH/Commands/Server/rewrite.php(47): require_once('/opt/lampp/htdocs/ADSO_N_2617510_G2/docs/trim7/PROYECTO-API-LATEST/PROYECTO-API/public/index.php')
CRITICAL - 2024-09-19 21:02:49 --> [Caused by] CodeIgniter\Database\Exceptions\DatabaseException: Unknown column 'email' in 'where clause'
in SYSTEMPATH/Database/MySQLi/Connection.php on line 311.
 1 SYSTEMPATH/Database/BaseConnection.php(693): CodeIgniter\Database\MySQLi\Connection->execute()
 2 SYSTEMPATH/Database/BaseConnection.php(607): CodeIgniter\Database\BaseConnection->simpleQuery()
 3 SYSTEMPATH/Database/BaseBuilder.php(1616): CodeIgniter\Database\BaseConnection->query()
 4 SYSTEMPATH/Model.php(271): CodeIgniter\Database\BaseBuilder->get()
 5 SYSTEMPATH/BaseModel.php(679): CodeIgniter\Model->doFirst()
 6 APPPATH/Controllers/Login.php(19): CodeIgniter\BaseModel->first()
 7 SYSTEMPATH/CodeIgniter.php(943): App\Controllers\Login->index()
 8 SYSTEMPATH/CodeIgniter.php(503): CodeIgniter\CodeIgniter->runController()
 9 SYSTEMPATH/CodeIgniter.php(361): CodeIgniter\CodeIgniter->handleRequest()
10 FCPATH/index.php(79): CodeIgniter\CodeIgniter->run()
11 SYSTEMPATH/Commands/Server/rewrite.php(47): require_once('/opt/lampp/htdocs/ADSO_N_2617510_G2/docs/trim7/PROYECTO-API-LATEST/PROYECTO-API/public/index.php')
CRITICAL - 2024-09-19 21:02:49 --> [Caused by] mysqli_sql_exception: Unknown column 'email' in 'where clause'
in SYSTEMPATH/Database/MySQLi/Connection.php on line 306.
 1 SYSTEMPATH/Database/MySQLi/Connection.php(306): mysqli->query()
 2 SYSTEMPATH/Database/BaseConnection.php(693): CodeIgniter\Database\MySQLi\Connection->execute()
 3 SYSTEMPATH/Database/BaseConnection.php(607): CodeIgniter\Database\BaseConnection->simpleQuery()
 4 SYSTEMPATH/Database/BaseBuilder.php(1616): CodeIgniter\Database\BaseConnection->query()
 5 SYSTEMPATH/Model.php(271): CodeIgniter\Database\BaseBuilder->get()
 6 SYSTEMPATH/BaseModel.php(679): CodeIgniter\Model->doFirst()
 7 APPPATH/Controllers/Login.php(19): CodeIgniter\BaseModel->first()
 8 SYSTEMPATH/CodeIgniter.php(943): App\Controllers\Login->index()
 9 SYSTEMPATH/CodeIgniter.php(503): CodeIgniter\CodeIgniter->runController()
10 SYSTEMPATH/CodeIgniter.php(361): CodeIgniter\CodeIgniter->handleRequest()
11 FCPATH/index.php(79): CodeIgniter\CodeIgniter->run()
12 SYSTEMPATH/Commands/Server/rewrite.php(47): require_once('/opt/lampp/htdocs/ADSO_N_2617510_G2/docs/trim7/PROYECTO-API-LATEST/PROYECTO-API/public/index.php')
ERROR - 2024-09-19 21:02:50 --> mysqli_sql_exception: Unknown column 'email' in 'where clause' in /opt/lampp/htdocs/ADSO_N_2617510_G2/docs/trim7/PROYECTO-API-LATEST/PROYECTO-API/vendor/codeigniter4/framework/system/Database/MySQLi/Connection.php:306
Stack trace:
#0 /opt/lampp/htdocs/ADSO_N_2617510_G2/docs/trim7/PROYECTO-API-LATEST/PROYECTO-API/vendor/codeigniter4/framework/system/Database/MySQLi/Connection.php(306): mysqli->query()
#1 /opt/lampp/htdocs/ADSO_N_2617510_G2/docs/trim7/PROYECTO-API-LATEST/PROYECTO-API/vendor/codeigniter4/framework/system/Database/BaseConnection.php(693): CodeIgniter\Database\MySQLi\Connection->execute()
#2 /opt/lampp/htdocs/ADSO_N_2617510_G2/docs/trim7/PROYECTO-API-LATEST/PROYECTO-API/vendor/codeigniter4/framework/system/Database/BaseConnection.php(607): CodeIgniter\Database\BaseConnection->simpleQuery()
#3 /opt/lampp/htdocs/ADSO_N_2617510_G2/docs/trim7/PROYECTO-API-LATEST/PROYECTO-API/vendor/codeigniter4/framework/system/Database/BaseBuilder.php(1616): CodeIgniter\Database\BaseConnection->query()
#4 /opt/lampp/htdocs/ADSO_N_2617510_G2/docs/trim7/PROYECTO-API-LATEST/PROYECTO-API/vendor/codeigniter4/framework/system/Model.php(271): CodeIgniter\Database\BaseBuilder->get()
#5 /opt/lampp/htdocs/ADSO_N_2617510_G2/docs/trim7/PROYECTO-API-LATEST/PROYECTO-API/vendor/codeigniter4/framework/system/BaseModel.php(679): CodeIgniter\Model->doFirst()
#6 /opt/lampp/htdocs/ADSO_N_2617510_G2/docs/trim7/PROYECTO-API-LATEST/PROYECTO-API/app/Controllers/Login.php(19): CodeIgniter\BaseModel->first()
#7 /opt/lampp/htdocs/ADSO_N_2617510_G2/docs/trim7/PROYECTO-API-LATEST/PROYECTO-API/vendor/codeigniter4/framework/system/CodeIgniter.php(943): App\Controllers\Login->index()
#8 /opt/lampp/htdocs/ADSO_N_2617510_G2/docs/trim7/PROYECTO-API-LATEST/PROYECTO-API/vendor/codeigniter4/framework/system/CodeIgniter.php(503): CodeIgniter\CodeIgniter->runController()
#9 /opt/lampp/htdocs/ADSO_N_2617510_G2/docs/trim7/PROYECTO-API-LATEST/PROYECTO-API/vendor/codeigniter4/framework/system/CodeIgniter.php(361): CodeIgniter\CodeIgniter->handleRequest()
#10 /opt/lampp/htdocs/ADSO_N_2617510_G2/docs/trim7/PROYECTO-API-LATEST/PROYECTO-API/public/index.php(79): CodeIgniter\CodeIgniter->run()
#11 /opt/lampp/htdocs/ADSO_N_2617510_G2/docs/trim7/PROYECTO-API-LATEST/PROYECTO-API/vendor/codeigniter4/framework/system/Commands/Server/rewrite.php(47): require_once('...')
#12 {main}
CRITICAL - 2024-09-19 21:02:50 --> CodeIgniter\Database\Exceptions\DatabaseException: Unknown column 'email' in 'where clause'
in SYSTEMPATH/Database/BaseConnection.php on line 647.
 1 SYSTEMPATH/Database/BaseBuilder.php(1616): CodeIgniter\Database\BaseConnection->query()
 2 SYSTEMPATH/Model.php(271): CodeIgniter\Database\BaseBuilder->get()
 3 SYSTEMPATH/BaseModel.php(679): CodeIgniter\Model->doFirst()
 4 APPPATH/Controllers/Login.php(19): CodeIgniter\BaseModel->first()
 5 SYSTEMPATH/CodeIgniter.php(943): App\Controllers\Login->index()
 6 SYSTEMPATH/CodeIgniter.php(503): CodeIgniter\CodeIgniter->runController()
 7 SYSTEMPATH/CodeIgniter.php(361): CodeIgniter\CodeIgniter->handleRequest()
 8 FCPATH/index.php(79): CodeIgniter\CodeIgniter->run()
 9 SYSTEMPATH/Commands/Server/rewrite.php(47): require_once('/opt/lampp/htdocs/ADSO_N_2617510_G2/docs/trim7/PROYECTO-API-LATEST/PROYECTO-API/public/index.php')
CRITICAL - 2024-09-19 21:02:50 --> [Caused by] CodeIgniter\Database\Exceptions\DatabaseException: Unknown column 'email' in 'where clause'
in SYSTEMPATH/Database/MySQLi/Connection.php on line 311.
 1 SYSTEMPATH/Database/BaseConnection.php(693): CodeIgniter\Database\MySQLi\Connection->execute()
 2 SYSTEMPATH/Database/BaseConnection.php(607): CodeIgniter\Database\BaseConnection->simpleQuery()
 3 SYSTEMPATH/Database/BaseBuilder.php(1616): CodeIgniter\Database\BaseConnection->query()
 4 SYSTEMPATH/Model.php(271): CodeIgniter\Database\BaseBuilder->get()
 5 SYSTEMPATH/BaseModel.php(679): CodeIgniter\Model->doFirst()
 6 APPPATH/Controllers/Login.php(19): CodeIgniter\BaseModel->first()
 7 SYSTEMPATH/CodeIgniter.php(943): App\Controllers\Login->index()
 8 SYSTEMPATH/CodeIgniter.php(503): CodeIgniter\CodeIgniter->runController()
 9 SYSTEMPATH/CodeIgniter.php(361): CodeIgniter\CodeIgniter->handleRequest()
10 FCPATH/index.php(79): CodeIgniter\CodeIgniter->run()
11 SYSTEMPATH/Commands/Server/rewrite.php(47): require_once('/opt/lampp/htdocs/ADSO_N_2617510_G2/docs/trim7/PROYECTO-API-LATEST/PROYECTO-API/public/index.php')
CRITICAL - 2024-09-19 21:02:50 --> [Caused by] mysqli_sql_exception: Unknown column 'email' in 'where clause'
in SYSTEMPATH/Database/MySQLi/Connection.php on line 306.
 1 SYSTEMPATH/Database/MySQLi/Connection.php(306): mysqli->query()
 2 SYSTEMPATH/Database/BaseConnection.php(693): CodeIgniter\Database\MySQLi\Connection->execute()
 3 SYSTEMPATH/Database/BaseConnection.php(607): CodeIgniter\Database\BaseConnection->simpleQuery()
 4 SYSTEMPATH/Database/BaseBuilder.php(1616): CodeIgniter\Database\BaseConnection->query()
 5 SYSTEMPATH/Model.php(271): CodeIgniter\Database\BaseBuilder->get()
 6 SYSTEMPATH/BaseModel.php(679): CodeIgniter\Model->doFirst()
 7 APPPATH/Controllers/Login.php(19): CodeIgniter\BaseModel->first()
 8 SYSTEMPATH/CodeIgniter.php(943): App\Controllers\Login->index()
 9 SYSTEMPATH/CodeIgniter.php(503): CodeIgniter\CodeIgniter->runController()
10 SYSTEMPATH/CodeIgniter.php(361): CodeIgniter\CodeIgniter->handleRequest()
11 FCPATH/index.php(79): CodeIgniter\CodeIgniter->run()
12 SYSTEMPATH/Commands/Server/rewrite.php(47): require_once('/opt/lampp/htdocs/ADSO_N_2617510_G2/docs/trim7/PROYECTO-API-LATEST/PROYECTO-API/public/index.php')
CRITICAL - 2024-09-19 21:03:15 --> CodeIgniter\Database\Exceptions\DataException: There is no data to insert.
in SYSTEMPATH/BaseModel.php on line 791.
 1 SYSTEMPATH/BaseModel.php(791): CodeIgniter\Database\Exceptions\DataException::forEmptyDataset()
 2 SYSTEMPATH/Model.php(749): CodeIgniter\BaseModel->insert()
 3 SYSTEMPATH/BaseModel.php(716): CodeIgniter\Model->insert()
 4 APPPATH/Controllers/Register.php(27): CodeIgniter\BaseModel->save()
 5 SYSTEMPATH/CodeIgniter.php(943): App\Controllers\Register->index()
 6 SYSTEMPATH/CodeIgniter.php(503): CodeIgniter\CodeIgniter->runController()
 7 SYSTEMPATH/CodeIgniter.php(361): CodeIgniter\CodeIgniter->handleRequest()
 8 FCPATH/index.php(79): CodeIgniter\CodeIgniter->run()
 9 SYSTEMPATH/Commands/Server/rewrite.php(47): require_once('/opt/lampp/htdocs/ADSO_N_2617510_G2/docs/trim7/PROYECTO-API-LATEST/PROYECTO-API/public/index.php')
CRITICAL - 2024-09-19 21:03:17 --> CodeIgniter\Database\Exceptions\DataException: There is no data to insert.
in SYSTEMPATH/BaseModel.php on line 791.
 1 SYSTEMPATH/BaseModel.php(791): CodeIgniter\Database\Exceptions\DataException::forEmptyDataset()
 2 SYSTEMPATH/Model.php(749): CodeIgniter\BaseModel->insert()
 3 SYSTEMPATH/BaseModel.php(716): CodeIgniter\Model->insert()
 4 APPPATH/Controllers/Register.php(27): CodeIgniter\BaseModel->save()
 5 SYSTEMPATH/CodeIgniter.php(943): App\Controllers\Register->index()
 6 SYSTEMPATH/CodeIgniter.php(503): CodeIgniter\CodeIgniter->runController()
 7 SYSTEMPATH/CodeIgniter.php(361): CodeIgniter\CodeIgniter->handleRequest()
 8 FCPATH/index.php(79): CodeIgniter\CodeIgniter->run()
 9 SYSTEMPATH/Commands/Server/rewrite.php(47): require_once('/opt/lampp/htdocs/ADSO_N_2617510_G2/docs/trim7/PROYECTO-API-LATEST/PROYECTO-API/public/index.php')
CRITICAL - 2024-09-19 21:03:18 --> CodeIgniter\Database\Exceptions\DataException: There is no data to insert.
in SYSTEMPATH/BaseModel.php on line 791.
 1 SYSTEMPATH/BaseModel.php(791): CodeIgniter\Database\Exceptions\DataException::forEmptyDataset()
 2 SYSTEMPATH/Model.php(749): CodeIgniter\BaseModel->insert()
 3 SYSTEMPATH/BaseModel.php(716): CodeIgniter\Model->insert()
 4 APPPATH/Controllers/Register.php(27): CodeIgniter\BaseModel->save()
 5 SYSTEMPATH/CodeIgniter.php(943): App\Controllers\Register->index()
 6 SYSTEMPATH/CodeIgniter.php(503): CodeIgniter\CodeIgniter->runController()
 7 SYSTEMPATH/CodeIgniter.php(361): CodeIgniter\CodeIgniter->handleRequest()
 8 FCPATH/index.php(79): CodeIgniter\CodeIgniter->run()
 9 SYSTEMPATH/Commands/Server/rewrite.php(47): require_once('/opt/lampp/htdocs/ADSO_N_2617510_G2/docs/trim7/PROYECTO-API-LATEST/PROYECTO-API/public/index.php')
CRITICAL - 2024-09-19 21:03:19 --> CodeIgniter\Database\Exceptions\DataException: There is no data to insert.
in SYSTEMPATH/BaseModel.php on line 791.
 1 SYSTEMPATH/BaseModel.php(791): CodeIgniter\Database\Exceptions\DataException::forEmptyDataset()
 2 SYSTEMPATH/Model.php(749): CodeIgniter\BaseModel->insert()
 3 SYSTEMPATH/BaseModel.php(716): CodeIgniter\Model->insert()
 4 APPPATH/Controllers/Register.php(27): CodeIgniter\BaseModel->save()
 5 SYSTEMPATH/CodeIgniter.php(943): App\Controllers\Register->index()
 6 SYSTEMPATH/CodeIgniter.php(503): CodeIgniter\CodeIgniter->runController()
 7 SYSTEMPATH/CodeIgniter.php(361): CodeIgniter\CodeIgniter->handleRequest()
 8 FCPATH/index.php(79): CodeIgniter\CodeIgniter->run()
 9 SYSTEMPATH/Commands/Server/rewrite.php(47): require_once('/opt/lampp/htdocs/ADSO_N_2617510_G2/docs/trim7/PROYECTO-API-LATEST/PROYECTO-API/public/index.php')
CRITICAL - 2024-09-19 21:06:42 --> CodeIgniter\Database\Exceptions\DataException: There is no data to insert.
in SYSTEMPATH/BaseModel.php on line 791.
 1 SYSTEMPATH/BaseModel.php(791): CodeIgniter\Database\Exceptions\DataException::forEmptyDataset()
 2 SYSTEMPATH/Model.php(749): CodeIgniter\BaseModel->insert()
 3 SYSTEMPATH/BaseModel.php(716): CodeIgniter\Model->insert()
 4 APPPATH/Controllers/Register.php(27): CodeIgniter\BaseModel->save()
 5 SYSTEMPATH/CodeIgniter.php(943): App\Controllers\Register->index()
 6 SYSTEMPATH/CodeIgniter.php(503): CodeIgniter\CodeIgniter->runController()
 7 SYSTEMPATH/CodeIgniter.php(361): CodeIgniter\CodeIgniter->handleRequest()
 8 FCPATH/index.php(79): CodeIgniter\CodeIgniter->run()
 9 SYSTEMPATH/Commands/Server/rewrite.php(47): require_once('/opt/lampp/htdocs/ADSO_N_2617510_G2/docs/trim7/PROYECTO-API-LATEST/PROYECTO-API/public/index.php')
CRITICAL - 2024-09-19 21:07:21 --> CodeIgniter\Database\Exceptions\DataException: There is no data to insert.
in SYSTEMPATH/BaseModel.php on line 791.
 1 SYSTEMPATH/BaseModel.php(791): CodeIgniter\Database\Exceptions\DataException::forEmptyDataset()
 2 SYSTEMPATH/Model.php(749): CodeIgniter\BaseModel->insert()
 3 SYSTEMPATH/BaseModel.php(716): CodeIgniter\Model->insert()
 4 APPPATH/Controllers/Register.php(27): CodeIgniter\BaseModel->save()
 5 SYSTEMPATH/CodeIgniter.php(943): App\Controllers\Register->index()
 6 SYSTEMPATH/CodeIgniter.php(503): CodeIgniter\CodeIgniter->runController()
 7 SYSTEMPATH/CodeIgniter.php(361): CodeIgniter\CodeIgniter->handleRequest()
 8 FCPATH/index.php(79): CodeIgniter\CodeIgniter->run()
 9 SYSTEMPATH/Commands/Server/rewrite.php(47): require_once('/opt/lampp/htdocs/ADSO_N_2617510_G2/docs/trim7/PROYECTO-API-LATEST/PROYECTO-API/public/index.php')
ERROR - 2024-09-19 21:07:27 --> mysqli_sql_exception: Unknown column 'email' in 'where clause' in /opt/lampp/htdocs/ADSO_N_2617510_G2/docs/trim7/PROYECTO-API-LATEST/PROYECTO-API/vendor/codeigniter4/framework/system/Database/MySQLi/Connection.php:306
Stack trace:
#0 /opt/lampp/htdocs/ADSO_N_2617510_G2/docs/trim7/PROYECTO-API-LATEST/PROYECTO-API/vendor/codeigniter4/framework/system/Database/MySQLi/Connection.php(306): mysqli->query()
#1 /opt/lampp/htdocs/ADSO_N_2617510_G2/docs/trim7/PROYECTO-API-LATEST/PROYECTO-API/vendor/codeigniter4/framework/system/Database/BaseConnection.php(693): CodeIgniter\Database\MySQLi\Connection->execute()
#2 /opt/lampp/htdocs/ADSO_N_2617510_G2/docs/trim7/PROYECTO-API-LATEST/PROYECTO-API/vendor/codeigniter4/framework/system/Database/BaseConnection.php(607): CodeIgniter\Database\BaseConnection->simpleQuery()
#3 /opt/lampp/htdocs/ADSO_N_2617510_G2/docs/trim7/PROYECTO-API-LATEST/PROYECTO-API/vendor/codeigniter4/framework/system/Database/BaseBuilder.php(1616): CodeIgniter\Database\BaseConnection->query()
#4 /opt/lampp/htdocs/ADSO_N_2617510_G2/docs/trim7/PROYECTO-API-LATEST/PROYECTO-API/vendor/codeigniter4/framework/system/Model.php(271): CodeIgniter\Database\BaseBuilder->get()
#5 /opt/lampp/htdocs/ADSO_N_2617510_G2/docs/trim7/PROYECTO-API-LATEST/PROYECTO-API/vendor/codeigniter4/framework/system/BaseModel.php(679): CodeIgniter\Model->doFirst()
#6 /opt/lampp/htdocs/ADSO_N_2617510_G2/docs/trim7/PROYECTO-API-LATEST/PROYECTO-API/app/Controllers/Login.php(19): CodeIgniter\BaseModel->first()
#7 /opt/lampp/htdocs/ADSO_N_2617510_G2/docs/trim7/PROYECTO-API-LATEST/PROYECTO-API/vendor/codeigniter4/framework/system/CodeIgniter.php(943): App\Controllers\Login->index()
#8 /opt/lampp/htdocs/ADSO_N_2617510_G2/docs/trim7/PROYECTO-API-LATEST/PROYECTO-API/vendor/codeigniter4/framework/system/CodeIgniter.php(503): CodeIgniter\CodeIgniter->runController()
#9 /opt/lampp/htdocs/ADSO_N_2617510_G2/docs/trim7/PROYECTO-API-LATEST/PROYECTO-API/vendor/codeigniter4/framework/system/CodeIgniter.php(361): CodeIgniter\CodeIgniter->handleRequest()
#10 /opt/lampp/htdocs/ADSO_N_2617510_G2/docs/trim7/PROYECTO-API-LATEST/PROYECTO-API/public/index.php(79): CodeIgniter\CodeIgniter->run()
#11 /opt/lampp/htdocs/ADSO_N_2617510_G2/docs/trim7/PROYECTO-API-LATEST/PROYECTO-API/vendor/codeigniter4/framework/system/Commands/Server/rewrite.php(47): require_once('...')
#12 {main}
CRITICAL - 2024-09-19 21:07:27 --> CodeIgniter\Database\Exceptions\DatabaseException: Unknown column 'email' in 'where clause'
in SYSTEMPATH/Database/BaseConnection.php on line 647.
 1 SYSTEMPATH/Database/BaseBuilder.php(1616): CodeIgniter\Database\BaseConnection->query()
 2 SYSTEMPATH/Model.php(271): CodeIgniter\Database\BaseBuilder->get()
 3 SYSTEMPATH/BaseModel.php(679): CodeIgniter\Model->doFirst()
 4 APPPATH/Controllers/Login.php(19): CodeIgniter\BaseModel->first()
 5 SYSTEMPATH/CodeIgniter.php(943): App\Controllers\Login->index()
 6 SYSTEMPATH/CodeIgniter.php(503): CodeIgniter\CodeIgniter->runController()
 7 SYSTEMPATH/CodeIgniter.php(361): CodeIgniter\CodeIgniter->handleRequest()
 8 FCPATH/index.php(79): CodeIgniter\CodeIgniter->run()
 9 SYSTEMPATH/Commands/Server/rewrite.php(47): require_once('/opt/lampp/htdocs/ADSO_N_2617510_G2/docs/trim7/PROYECTO-API-LATEST/PROYECTO-API/public/index.php')
CRITICAL - 2024-09-19 21:07:27 --> [Caused by] CodeIgniter\Database\Exceptions\DatabaseException: Unknown column 'email' in 'where clause'
in SYSTEMPATH/Database/MySQLi/Connection.php on line 311.
 1 SYSTEMPATH/Database/BaseConnection.php(693): CodeIgniter\Database\MySQLi\Connection->execute()
 2 SYSTEMPATH/Database/BaseConnection.php(607): CodeIgniter\Database\BaseConnection->simpleQuery()
 3 SYSTEMPATH/Database/BaseBuilder.php(1616): CodeIgniter\Database\BaseConnection->query()
 4 SYSTEMPATH/Model.php(271): CodeIgniter\Database\BaseBuilder->get()
 5 SYSTEMPATH/BaseModel.php(679): CodeIgniter\Model->doFirst()
 6 APPPATH/Controllers/Login.php(19): CodeIgniter\BaseModel->first()
 7 SYSTEMPATH/CodeIgniter.php(943): App\Controllers\Login->index()
 8 SYSTEMPATH/CodeIgniter.php(503): CodeIgniter\CodeIgniter->runController()
 9 SYSTEMPATH/CodeIgniter.php(361): CodeIgniter\CodeIgniter->handleRequest()
10 FCPATH/index.php(79): CodeIgniter\CodeIgniter->run()
11 SYSTEMPATH/Commands/Server/rewrite.php(47): require_once('/opt/lampp/htdocs/ADSO_N_2617510_G2/docs/trim7/PROYECTO-API-LATEST/PROYECTO-API/public/index.php')
CRITICAL - 2024-09-19 21:07:27 --> [Caused by] mysqli_sql_exception: Unknown column 'email' in 'where clause'
in SYSTEMPATH/Database/MySQLi/Connection.php on line 306.
 1 SYSTEMPATH/Database/MySQLi/Connection.php(306): mysqli->query()
 2 SYSTEMPATH/Database/BaseConnection.php(693): CodeIgniter\Database\MySQLi\Connection->execute()
 3 SYSTEMPATH/Database/BaseConnection.php(607): CodeIgniter\Database\BaseConnection->simpleQuery()
 4 SYSTEMPATH/Database/BaseBuilder.php(1616): CodeIgniter\Database\BaseConnection->query()
 5 SYSTEMPATH/Model.php(271): CodeIgniter\Database\BaseBuilder->get()
 6 SYSTEMPATH/BaseModel.php(679): CodeIgniter\Model->doFirst()
 7 APPPATH/Controllers/Login.php(19): CodeIgniter\BaseModel->first()
 8 SYSTEMPATH/CodeIgniter.php(943): App\Controllers\Login->index()
 9 SYSTEMPATH/CodeIgniter.php(503): CodeIgniter\CodeIgniter->runController()
10 SYSTEMPATH/CodeIgniter.php(361): CodeIgniter\CodeIgniter->handleRequest()
11 FCPATH/index.php(79): CodeIgniter\CodeIgniter->run()
12 SYSTEMPATH/Commands/Server/rewrite.php(47): require_once('/opt/lampp/htdocs/ADSO_N_2617510_G2/docs/trim7/PROYECTO-API-LATEST/PROYECTO-API/public/index.php')
ERROR - 2024-09-19 21:07:28 --> mysqli_sql_exception: Unknown column 'email' in 'where clause' in /opt/lampp/htdocs/ADSO_N_2617510_G2/docs/trim7/PROYECTO-API-LATEST/PROYECTO-API/vendor/codeigniter4/framework/system/Database/MySQLi/Connection.php:306
Stack trace:
#0 /opt/lampp/htdocs/ADSO_N_2617510_G2/docs/trim7/PROYECTO-API-LATEST/PROYECTO-API/vendor/codeigniter4/framework/system/Database/MySQLi/Connection.php(306): mysqli->query()
#1 /opt/lampp/htdocs/ADSO_N_2617510_G2/docs/trim7/PROYECTO-API-LATEST/PROYECTO-API/vendor/codeigniter4/framework/system/Database/BaseConnection.php(693): CodeIgniter\Database\MySQLi\Connection->execute()
#2 /opt/lampp/htdocs/ADSO_N_2617510_G2/docs/trim7/PROYECTO-API-LATEST/PROYECTO-API/vendor/codeigniter4/framework/system/Database/BaseConnection.php(607): CodeIgniter\Database\BaseConnection->simpleQuery()
#3 /opt/lampp/htdocs/ADSO_N_2617510_G2/docs/trim7/PROYECTO-API-LATEST/PROYECTO-API/vendor/codeigniter4/framework/system/Database/BaseBuilder.php(1616): CodeIgniter\Database\BaseConnection->query()
#4 /opt/lampp/htdocs/ADSO_N_2617510_G2/docs/trim7/PROYECTO-API-LATEST/PROYECTO-API/vendor/codeigniter4/framework/system/Model.php(271): CodeIgniter\Database\BaseBuilder->get()
#5 /opt/lampp/htdocs/ADSO_N_2617510_G2/docs/trim7/PROYECTO-API-LATEST/PROYECTO-API/vendor/codeigniter4/framework/system/BaseModel.php(679): CodeIgniter\Model->doFirst()
#6 /opt/lampp/htdocs/ADSO_N_2617510_G2/docs/trim7/PROYECTO-API-LATEST/PROYECTO-API/app/Controllers/Login.php(19): CodeIgniter\BaseModel->first()
#7 /opt/lampp/htdocs/ADSO_N_2617510_G2/docs/trim7/PROYECTO-API-LATEST/PROYECTO-API/vendor/codeigniter4/framework/system/CodeIgniter.php(943): App\Controllers\Login->index()
#8 /opt/lampp/htdocs/ADSO_N_2617510_G2/docs/trim7/PROYECTO-API-LATEST/PROYECTO-API/vendor/codeigniter4/framework/system/CodeIgniter.php(503): CodeIgniter\CodeIgniter->runController()
#9 /opt/lampp/htdocs/ADSO_N_2617510_G2/docs/trim7/PROYECTO-API-LATEST/PROYECTO-API/vendor/codeigniter4/framework/system/CodeIgniter.php(361): CodeIgniter\CodeIgniter->handleRequest()
#10 /opt/lampp/htdocs/ADSO_N_2617510_G2/docs/trim7/PROYECTO-API-LATEST/PROYECTO-API/public/index.php(79): CodeIgniter\CodeIgniter->run()
#11 /opt/lampp/htdocs/ADSO_N_2617510_G2/docs/trim7/PROYECTO-API-LATEST/PROYECTO-API/vendor/codeigniter4/framework/system/Commands/Server/rewrite.php(47): require_once('...')
#12 {main}
CRITICAL - 2024-09-19 21:07:28 --> CodeIgniter\Database\Exceptions\DatabaseException: Unknown column 'email' in 'where clause'
in SYSTEMPATH/Database/BaseConnection.php on line 647.
 1 SYSTEMPATH/Database/BaseBuilder.php(1616): CodeIgniter\Database\BaseConnection->query()
 2 SYSTEMPATH/Model.php(271): CodeIgniter\Database\BaseBuilder->get()
 3 SYSTEMPATH/BaseModel.php(679): CodeIgniter\Model->doFirst()
 4 APPPATH/Controllers/Login.php(19): CodeIgniter\BaseModel->first()
 5 SYSTEMPATH/CodeIgniter.php(943): App\Controllers\Login->index()
 6 SYSTEMPATH/CodeIgniter.php(503): CodeIgniter\CodeIgniter->runController()
 7 SYSTEMPATH/CodeIgniter.php(361): CodeIgniter\CodeIgniter->handleRequest()
 8 FCPATH/index.php(79): CodeIgniter\CodeIgniter->run()
 9 SYSTEMPATH/Commands/Server/rewrite.php(47): require_once('/opt/lampp/htdocs/ADSO_N_2617510_G2/docs/trim7/PROYECTO-API-LATEST/PROYECTO-API/public/index.php')
CRITICAL - 2024-09-19 21:07:28 --> [Caused by] CodeIgniter\Database\Exceptions\DatabaseException: Unknown column 'email' in 'where clause'
in SYSTEMPATH/Database/MySQLi/Connection.php on line 311.
 1 SYSTEMPATH/Database/BaseConnection.php(693): CodeIgniter\Database\MySQLi\Connection->execute()
 2 SYSTEMPATH/Database/BaseConnection.php(607): CodeIgniter\Database\BaseConnection->simpleQuery()
 3 SYSTEMPATH/Database/BaseBuilder.php(1616): CodeIgniter\Database\BaseConnection->query()
 4 SYSTEMPATH/Model.php(271): CodeIgniter\Database\BaseBuilder->get()
 5 SYSTEMPATH/BaseModel.php(679): CodeIgniter\Model->doFirst()
 6 APPPATH/Controllers/Login.php(19): CodeIgniter\BaseModel->first()
 7 SYSTEMPATH/CodeIgniter.php(943): App\Controllers\Login->index()
 8 SYSTEMPATH/CodeIgniter.php(503): CodeIgniter\CodeIgniter->runController()
 9 SYSTEMPATH/CodeIgniter.php(361): CodeIgniter\CodeIgniter->handleRequest()
10 FCPATH/index.php(79): CodeIgniter\CodeIgniter->run()
11 SYSTEMPATH/Commands/Server/rewrite.php(47): require_once('/opt/lampp/htdocs/ADSO_N_2617510_G2/docs/trim7/PROYECTO-API-LATEST/PROYECTO-API/public/index.php')
CRITICAL - 2024-09-19 21:07:28 --> [Caused by] mysqli_sql_exception: Unknown column 'email' in 'where clause'
in SYSTEMPATH/Database/MySQLi/Connection.php on line 306.
 1 SYSTEMPATH/Database/MySQLi/Connection.php(306): mysqli->query()
 2 SYSTEMPATH/Database/BaseConnection.php(693): CodeIgniter\Database\MySQLi\Connection->execute()
 3 SYSTEMPATH/Database/BaseConnection.php(607): CodeIgniter\Database\BaseConnection->simpleQuery()
 4 SYSTEMPATH/Database/BaseBuilder.php(1616): CodeIgniter\Database\BaseConnection->query()
 5 SYSTEMPATH/Model.php(271): CodeIgniter\Database\BaseBuilder->get()
 6 SYSTEMPATH/BaseModel.php(679): CodeIgniter\Model->doFirst()
 7 APPPATH/Controllers/Login.php(19): CodeIgniter\BaseModel->first()
 8 SYSTEMPATH/CodeIgniter.php(943): App\Controllers\Login->index()
 9 SYSTEMPATH/CodeIgniter.php(503): CodeIgniter\CodeIgniter->runController()
10 SYSTEMPATH/CodeIgniter.php(361): CodeIgniter\CodeIgniter->handleRequest()
11 FCPATH/index.php(79): CodeIgniter\CodeIgniter->run()
12 SYSTEMPATH/Commands/Server/rewrite.php(47): require_once('/opt/lampp/htdocs/ADSO_N_2617510_G2/docs/trim7/PROYECTO-API-LATEST/PROYECTO-API/public/index.php')
CRITICAL - 2024-09-19 21:07:32 --> CodeIgniter\Database\Exceptions\DataException: There is no data to insert.
in SYSTEMPATH/BaseModel.php on line 791.
 1 SYSTEMPATH/BaseModel.php(791): CodeIgniter\Database\Exceptions\DataException::forEmptyDataset()
 2 SYSTEMPATH/Model.php(749): CodeIgniter\BaseModel->insert()
 3 SYSTEMPATH/BaseModel.php(716): CodeIgniter\Model->insert()
 4 APPPATH/Controllers/Register.php(27): CodeIgniter\BaseModel->save()
 5 SYSTEMPATH/CodeIgniter.php(943): App\Controllers\Register->index()
 6 SYSTEMPATH/CodeIgniter.php(503): CodeIgniter\CodeIgniter->runController()
 7 SYSTEMPATH/CodeIgniter.php(361): CodeIgniter\CodeIgniter->handleRequest()
 8 FCPATH/index.php(79): CodeIgniter\CodeIgniter->run()
 9 SYSTEMPATH/Commands/Server/rewrite.php(47): require_once('/opt/lampp/htdocs/ADSO_N_2617510_G2/docs/trim7/PROYECTO-API-LATEST/PROYECTO-API/public/index.php')
CRITICAL - 2024-09-19 21:07:33 --> CodeIgniter\Database\Exceptions\DataException: There is no data to insert.
in SYSTEMPATH/BaseModel.php on line 791.
 1 SYSTEMPATH/BaseModel.php(791): CodeIgniter\Database\Exceptions\DataException::forEmptyDataset()
 2 SYSTEMPATH/Model.php(749): CodeIgniter\BaseModel->insert()
 3 SYSTEMPATH/BaseModel.php(716): CodeIgniter\Model->insert()
 4 APPPATH/Controllers/Register.php(27): CodeIgniter\BaseModel->save()
 5 SYSTEMPATH/CodeIgniter.php(943): App\Controllers\Register->index()
 6 SYSTEMPATH/CodeIgniter.php(503): CodeIgniter\CodeIgniter->runController()
 7 SYSTEMPATH/CodeIgniter.php(361): CodeIgniter\CodeIgniter->handleRequest()
 8 FCPATH/index.php(79): CodeIgniter\CodeIgniter->run()
 9 SYSTEMPATH/Commands/Server/rewrite.php(47): require_once('/opt/lampp/htdocs/ADSO_N_2617510_G2/docs/trim7/PROYECTO-API-LATEST/PROYECTO-API/public/index.php')
CRITICAL - 2024-09-19 21:09:51 --> CodeIgniter\Database\Exceptions\DataException: There is no data to insert.
in SYSTEMPATH/BaseModel.php on line 791.
 1 SYSTEMPATH/BaseModel.php(791): CodeIgniter\Database\Exceptions\DataException::forEmptyDataset()
 2 SYSTEMPATH/Model.php(749): CodeIgniter\BaseModel->insert()
 3 SYSTEMPATH/BaseModel.php(716): CodeIgniter\Model->insert()
 4 APPPATH/Controllers/Register.php(27): CodeIgniter\BaseModel->save()
 5 SYSTEMPATH/CodeIgniter.php(943): App\Controllers\Register->index()
 6 SYSTEMPATH/CodeIgniter.php(503): CodeIgniter\CodeIgniter->runController()
 7 SYSTEMPATH/CodeIgniter.php(361): CodeIgniter\CodeIgniter->handleRequest()
 8 FCPATH/index.php(79): CodeIgniter\CodeIgniter->run()
 9 SYSTEMPATH/Commands/Server/rewrite.php(47): require_once('/opt/lampp/htdocs/ADSO_N_2617510_G2/docs/trim7/PROYECTO-API-LATEST/PROYECTO-API/public/index.php')
CRITICAL - 2024-09-19 21:10:00 --> CodeIgniter\Database\Exceptions\DataException: There is no data to insert.
in SYSTEMPATH/BaseModel.php on line 791.
 1 SYSTEMPATH/BaseModel.php(791): CodeIgniter\Database\Exceptions\DataException::forEmptyDataset()
 2 SYSTEMPATH/Model.php(749): CodeIgniter\BaseModel->insert()
 3 SYSTEMPATH/BaseModel.php(716): CodeIgniter\Model->insert()
 4 APPPATH/Controllers/Register.php(27): CodeIgniter\BaseModel->save()
 5 SYSTEMPATH/CodeIgniter.php(943): App\Controllers\Register->index()
 6 SYSTEMPATH/CodeIgniter.php(503): CodeIgniter\CodeIgniter->runController()
 7 SYSTEMPATH/CodeIgniter.php(361): CodeIgniter\CodeIgniter->handleRequest()
 8 FCPATH/index.php(79): CodeIgniter\CodeIgniter->run()
 9 SYSTEMPATH/Commands/Server/rewrite.php(47): require_once('/opt/lampp/htdocs/ADSO_N_2617510_G2/docs/trim7/PROYECTO-API-LATEST/PROYECTO-API/public/index.php')
CRITICAL - 2024-09-19 21:14:39 --> CodeIgniter\Database\Exceptions\DataException: There is no data to insert.
in SYSTEMPATH/BaseModel.php on line 791.
 1 SYSTEMPATH/BaseModel.php(791): CodeIgniter\Database\Exceptions\DataException::forEmptyDataset()
 2 SYSTEMPATH/Model.php(749): CodeIgniter\BaseModel->insert()
 3 SYSTEMPATH/BaseModel.php(716): CodeIgniter\Model->insert()
 4 APPPATH/Controllers/Register.php(27): CodeIgniter\BaseModel->save()
 5 SYSTEMPATH/CodeIgniter.php(943): App\Controllers\Register->index()
 6 SYSTEMPATH/CodeIgniter.php(503): CodeIgniter\CodeIgniter->runController()
 7 SYSTEMPATH/CodeIgniter.php(361): CodeIgniter\CodeIgniter->handleRequest()
 8 FCPATH/index.php(79): CodeIgniter\CodeIgniter->run()
 9 SYSTEMPATH/Commands/Server/rewrite.php(47): require_once('/opt/lampp/htdocs/ADSO_N_2617510_G2/docs/trim7/PROYECTO-API-LATEST/PROYECTO-API/public/index.php')
CRITICAL - 2024-09-19 21:15:14 --> CodeIgniter\Database\Exceptions\DataException: There is no data to insert.
in SYSTEMPATH/BaseModel.php on line 791.
 1 SYSTEMPATH/BaseModel.php(791): CodeIgniter\Database\Exceptions\DataException::forEmptyDataset()
 2 SYSTEMPATH/Model.php(749): CodeIgniter\BaseModel->insert()
 3 SYSTEMPATH/BaseModel.php(716): CodeIgniter\Model->insert()
 4 APPPATH/Controllers/Register.php(27): CodeIgniter\BaseModel->save()
 5 SYSTEMPATH/CodeIgniter.php(943): App\Controllers\Register->index()
 6 SYSTEMPATH/CodeIgniter.php(503): CodeIgniter\CodeIgniter->runController()
 7 SYSTEMPATH/CodeIgniter.php(361): CodeIgniter\CodeIgniter->handleRequest()
 8 FCPATH/index.php(79): CodeIgniter\CodeIgniter->run()
 9 SYSTEMPATH/Commands/Server/rewrite.php(47): require_once('/opt/lampp/htdocs/ADSO_N_2617510_G2/docs/trim7/PROYECTO-API-LATEST/PROYECTO-API/public/index.php')
CRITICAL - 2024-09-19 21:15:19 --> TypeError: Key material must be a string, resource, or OpenSSLAsymmetricKey
in VENDORPATH/firebase/php-jwt/src/Key.php on line 31.
 1 APPPATH/Filters/AuthFilter.php(48): Firebase\JWT\Key->__construct()
 2 SYSTEMPATH/Filters/Filters.php(182): App\Filters\AuthFilter->before()
 3 SYSTEMPATH/CodeIgniter.php(475): CodeIgniter\Filters\Filters->run()
 4 SYSTEMPATH/CodeIgniter.php(361): CodeIgniter\CodeIgniter->handleRequest()
 5 FCPATH/index.php(79): CodeIgniter\CodeIgniter->run()
 6 SYSTEMPATH/Commands/Server/rewrite.php(47): require_once('/opt/lampp/htdocs/ADSO_N_2617510_G2/docs/trim7/PROYECTO-API-LATEST/PROYECTO-API/public/index.php')
CRITICAL - 2024-09-19 21:15:23 --> TypeError: Key material must be a string, resource, or OpenSSLAsymmetricKey
in VENDORPATH/firebase/php-jwt/src/Key.php on line 31.
 1 APPPATH/Filters/AuthFilter.php(48): Firebase\JWT\Key->__construct()
 2 SYSTEMPATH/Filters/Filters.php(182): App\Filters\AuthFilter->before()
 3 SYSTEMPATH/CodeIgniter.php(475): CodeIgniter\Filters\Filters->run()
 4 SYSTEMPATH/CodeIgniter.php(361): CodeIgniter\CodeIgniter->handleRequest()
 5 FCPATH/index.php(79): CodeIgniter\CodeIgniter->run()
 6 SYSTEMPATH/Commands/Server/rewrite.php(47): require_once('/opt/lampp/htdocs/ADSO_N_2617510_G2/docs/trim7/PROYECTO-API-LATEST/PROYECTO-API/public/index.php')
CRITICAL - 2024-09-19 21:15:26 --> TypeError: Key material must be a string, resource, or OpenSSLAsymmetricKey
in VENDORPATH/firebase/php-jwt/src/Key.php on line 31.
 1 APPPATH/Filters/AuthFilter.php(48): Firebase\JWT\Key->__construct()
 2 SYSTEMPATH/Filters/Filters.php(182): App\Filters\AuthFilter->before()
 3 SYSTEMPATH/CodeIgniter.php(475): CodeIgniter\Filters\Filters->run()
 4 SYSTEMPATH/CodeIgniter.php(361): CodeIgniter\CodeIgniter->handleRequest()
 5 FCPATH/index.php(79): CodeIgniter\CodeIgniter->run()
 6 SYSTEMPATH/Commands/Server/rewrite.php(47): require_once('/opt/lampp/htdocs/ADSO_N_2617510_G2/docs/trim7/PROYECTO-API-LATEST/PROYECTO-API/public/index.php')
CRITICAL - 2024-09-19 21:15:32 --> TypeError: Key material must be a string, resource, or OpenSSLAsymmetricKey
in VENDORPATH/firebase/php-jwt/src/Key.php on line 31.
 1 APPPATH/Filters/AuthFilter.php(48): Firebase\JWT\Key->__construct()
 2 SYSTEMPATH/Filters/Filters.php(182): App\Filters\AuthFilter->before()
 3 SYSTEMPATH/CodeIgniter.php(475): CodeIgniter\Filters\Filters->run()
 4 SYSTEMPATH/CodeIgniter.php(361): CodeIgniter\CodeIgniter->handleRequest()
 5 FCPATH/index.php(79): CodeIgniter\CodeIgniter->run()
 6 SYSTEMPATH/Commands/Server/rewrite.php(47): require_once('/opt/lampp/htdocs/ADSO_N_2617510_G2/docs/trim7/PROYECTO-API-LATEST/PROYECTO-API/public/index.php')
CRITICAL - 2024-09-19 21:15:37 --> CodeIgniter\Database\Exceptions\DataException: There is no data to insert.
in SYSTEMPATH/BaseModel.php on line 791.
 1 SYSTEMPATH/BaseModel.php(791): CodeIgniter\Database\Exceptions\DataException::forEmptyDataset()
 2 SYSTEMPATH/Model.php(749): CodeIgniter\BaseModel->insert()
 3 SYSTEMPATH/BaseModel.php(716): CodeIgniter\Model->insert()
 4 APPPATH/Controllers/Register.php(27): CodeIgniter\BaseModel->save()
 5 SYSTEMPATH/CodeIgniter.php(943): App\Controllers\Register->index()
 6 SYSTEMPATH/CodeIgniter.php(503): CodeIgniter\CodeIgniter->runController()
 7 SYSTEMPATH/CodeIgniter.php(361): CodeIgniter\CodeIgniter->handleRequest()
 8 FCPATH/index.php(79): CodeIgniter\CodeIgniter->run()
 9 SYSTEMPATH/Commands/Server/rewrite.php(47): require_once('/opt/lampp/htdocs/ADSO_N_2617510_G2/docs/trim7/PROYECTO-API-LATEST/PROYECTO-API/public/index.php')
CRITICAL - 2024-09-19 21:23:14 --> CodeIgniter\Database\Exceptions\DataException: There is no data to insert.
in SYSTEMPATH/BaseModel.php on line 791.
 1 SYSTEMPATH/BaseModel.php(791): CodeIgniter\Database\Exceptions\DataException::forEmptyDataset()
 2 SYSTEMPATH/Model.php(749): CodeIgniter\BaseModel->insert()
 3 SYSTEMPATH/BaseModel.php(716): CodeIgniter\Model->insert()
 4 APPPATH/Controllers/Register.php(27): CodeIgniter\BaseModel->save()
 5 SYSTEMPATH/CodeIgniter.php(943): App\Controllers\Register->index()
 6 SYSTEMPATH/CodeIgniter.php(503): CodeIgniter\CodeIgniter->runController()
 7 SYSTEMPATH/CodeIgniter.php(361): CodeIgniter\CodeIgniter->handleRequest()
 8 FCPATH/index.php(79): CodeIgniter\CodeIgniter->run()
 9 SYSTEMPATH/Commands/Server/rewrite.php(47): require_once('/opt/lampp/htdocs/ADSO_N_2617510_G2/docs/trim7/PROYECTO-API-LATEST/PROYECTO-API/public/index.php')
CRITICAL - 2024-09-19 21:24:31 --> CodeIgniter\Database\Exceptions\DataException: There is no data to insert.
in SYSTEMPATH/BaseModel.php on line 791.
 1 SYSTEMPATH/BaseModel.php(791): CodeIgniter\Database\Exceptions\DataException::forEmptyDataset()
 2 SYSTEMPATH/Model.php(749): CodeIgniter\BaseModel->insert()
 3 SYSTEMPATH/BaseModel.php(716): CodeIgniter\Model->insert()
 4 APPPATH/Controllers/Register.php(27): CodeIgniter\BaseModel->save()
 5 SYSTEMPATH/CodeIgniter.php(943): App\Controllers\Register->index()
 6 SYSTEMPATH/CodeIgniter.php(503): CodeIgniter\CodeIgniter->runController()
 7 SYSTEMPATH/CodeIgniter.php(361): CodeIgniter\CodeIgniter->handleRequest()
 8 FCPATH/index.php(79): CodeIgniter\CodeIgniter->run()
 9 SYSTEMPATH/Commands/Server/rewrite.php(47): require_once('/opt/lampp/htdocs/ADSO_N_2617510_G2/docs/trim7/PROYECTO-API-LATEST/PROYECTO-API/public/index.php')
CRITICAL - 2024-09-19 21:24:32 --> CodeIgniter\Database\Exceptions\DataException: There is no data to insert.
in SYSTEMPATH/BaseModel.php on line 791.
 1 SYSTEMPATH/BaseModel.php(791): CodeIgniter\Database\Exceptions\DataException::forEmptyDataset()
 2 SYSTEMPATH/Model.php(749): CodeIgniter\BaseModel->insert()
 3 SYSTEMPATH/BaseModel.php(716): CodeIgniter\Model->insert()
 4 APPPATH/Controllers/Register.php(27): CodeIgniter\BaseModel->save()
 5 SYSTEMPATH/CodeIgniter.php(943): App\Controllers\Register->index()
 6 SYSTEMPATH/CodeIgniter.php(503): CodeIgniter\CodeIgniter->runController()
 7 SYSTEMPATH/CodeIgniter.php(361): CodeIgniter\CodeIgniter->handleRequest()
 8 FCPATH/index.php(79): CodeIgniter\CodeIgniter->run()
 9 SYSTEMPATH/Commands/Server/rewrite.php(47): require_once('/opt/lampp/htdocs/ADSO_N_2617510_G2/docs/trim7/PROYECTO-API-LATEST/PROYECTO-API/public/index.php')
CRITICAL - 2024-09-19 21:31:44 --> CodeIgniter\Database\Exceptions\DataException: There is no data to insert.
in SYSTEMPATH/BaseModel.php on line 791.
 1 SYSTEMPATH/BaseModel.php(791): CodeIgniter\Database\Exceptions\DataException::forEmptyDataset()
 2 SYSTEMPATH/Model.php(749): CodeIgniter\BaseModel->insert()
 3 SYSTEMPATH/BaseModel.php(716): CodeIgniter\Model->insert()
 4 APPPATH/Controllers/Register.php(27): CodeIgniter\BaseModel->save()
 5 SYSTEMPATH/CodeIgniter.php(943): App\Controllers\Register->index()
 6 SYSTEMPATH/CodeIgniter.php(503): CodeIgniter\CodeIgniter->runController()
 7 SYSTEMPATH/CodeIgniter.php(361): CodeIgniter\CodeIgniter->handleRequest()
 8 FCPATH/index.php(79): CodeIgniter\CodeIgniter->run()
 9 SYSTEMPATH/Commands/Server/rewrite.php(47): require_once('/opt/lampp/htdocs/ADSO_N_2617510_G2/docs/trim7/PROYECTO-API-LATEST/PROYECTO-API/public/index.php')
CRITICAL - 2024-09-19 21:34:51 --> InvalidArgumentException: key must be a string when using hmac
in VENDORPATH/firebase/php-jwt/src/JWT.php on line 249.
 1 VENDORPATH/firebase/php-jwt/src/JWT.php(219): Firebase\JWT\JWT::sign()
 2 APPPATH/Controllers/Login.php(38): Firebase\JWT\JWT::encode()
 3 SYSTEMPATH/CodeIgniter.php(943): App\Controllers\Login->index()
 4 SYSTEMPATH/CodeIgniter.php(503): CodeIgniter\CodeIgniter->runController()
 5 SYSTEMPATH/CodeIgniter.php(361): CodeIgniter\CodeIgniter->handleRequest()
 6 FCPATH/index.php(79): CodeIgniter\CodeIgniter->run()
 7 SYSTEMPATH/Commands/Server/rewrite.php(47): require_once('/opt/lampp/htdocs/ADSO_N_2617510_G2/docs/trim7/PROYECTO-API-LATEST/PROYECTO-API/public/index.php')
CRITICAL - 2024-09-19 21:35:09 --> InvalidArgumentException: key must be a string when using hmac
in VENDORPATH/firebase/php-jwt/src/JWT.php on line 249.
 1 VENDORPATH/firebase/php-jwt/src/JWT.php(219): Firebase\JWT\JWT::sign()
 2 APPPATH/Controllers/Login.php(38): Firebase\JWT\JWT::encode()
 3 SYSTEMPATH/CodeIgniter.php(943): App\Controllers\Login->index()
 4 SYSTEMPATH/CodeIgniter.php(503): CodeIgniter\CodeIgniter->runController()
 5 SYSTEMPATH/CodeIgniter.php(361): CodeIgniter\CodeIgniter->handleRequest()
 6 FCPATH/index.php(79): CodeIgniter\CodeIgniter->run()
 7 SYSTEMPATH/Commands/Server/rewrite.php(47): require_once('/opt/lampp/htdocs/ADSO_N_2617510_G2/docs/trim7/PROYECTO-API-LATEST/PROYECTO-API/public/index.php')
CRITICAL - 2024-09-19 21:37:20 --> InvalidArgumentException: key must be a string when using hmac
in VENDORPATH/firebase/php-jwt/src/JWT.php on line 249.
 1 VENDORPATH/firebase/php-jwt/src/JWT.php(219): Firebase\JWT\JWT::sign()
 2 APPPATH/Controllers/Login.php(38): Firebase\JWT\JWT::encode()
 3 SYSTEMPATH/CodeIgniter.php(943): App\Controllers\Login->index()
 4 SYSTEMPATH/CodeIgniter.php(503): CodeIgniter\CodeIgniter->runController()
 5 SYSTEMPATH/CodeIgniter.php(361): CodeIgniter\CodeIgniter->handleRequest()
 6 FCPATH/index.php(79): CodeIgniter\CodeIgniter->run()
 7 SYSTEMPATH/Commands/Server/rewrite.php(47): require_once('/opt/lampp/htdocs/ADSO_N_2617510_G2/docs/trim7/PROYECTO-API-LATEST/PROYECTO-API/public/index.php')
CRITICAL - 2024-09-19 21:38:13 --> InvalidArgumentException: key must be a string when using hmac
in VENDORPATH/firebase/php-jwt/src/JWT.php on line 249.
 1 VENDORPATH/firebase/php-jwt/src/JWT.php(219): Firebase\JWT\JWT::sign()
 2 APPPATH/Controllers/Login.php(38): Firebase\JWT\JWT::encode()
 3 SYSTEMPATH/CodeIgniter.php(943): App\Controllers\Login->index()
 4 SYSTEMPATH/CodeIgniter.php(503): CodeIgniter\CodeIgniter->runController()
 5 SYSTEMPATH/CodeIgniter.php(361): CodeIgniter\CodeIgniter->handleRequest()
 6 FCPATH/index.php(79): CodeIgniter\CodeIgniter->run()
 7 SYSTEMPATH/Commands/Server/rewrite.php(47): require_once('/opt/lampp/htdocs/ADSO_N_2617510_G2/docs/trim7/PROYECTO-API-LATEST/PROYECTO-API/public/index.php')
CRITICAL - 2024-09-19 21:38:34 --> InvalidArgumentException: key must be a string when using hmac
in VENDORPATH/firebase/php-jwt/src/JWT.php on line 249.
 1 VENDORPATH/firebase/php-jwt/src/JWT.php(219): Firebase\JWT\JWT::sign()
 2 APPPATH/Controllers/Login.php(38): Firebase\JWT\JWT::encode()
 3 SYSTEMPATH/CodeIgniter.php(943): App\Controllers\Login->index()
 4 SYSTEMPATH/CodeIgniter.php(503): CodeIgniter\CodeIgniter->runController()
 5 SYSTEMPATH/CodeIgniter.php(361): CodeIgniter\CodeIgniter->handleRequest()
 6 FCPATH/index.php(79): CodeIgniter\CodeIgniter->run()
 7 SYSTEMPATH/Commands/Server/rewrite.php(47): require_once('/opt/lampp/htdocs/ADSO_N_2617510_G2/docs/trim7/PROYECTO-API-LATEST/PROYECTO-API/public/index.php')
CRITICAL - 2024-09-19 21:39:14 --> InvalidArgumentException: key must be a string when using hmac
in VENDORPATH/firebase/php-jwt/src/JWT.php on line 249.
 1 VENDORPATH/firebase/php-jwt/src/JWT.php(219): Firebase\JWT\JWT::sign()
 2 APPPATH/Controllers/Login.php(38): Firebase\JWT\JWT::encode()
 3 SYSTEMPATH/CodeIgniter.php(943): App\Controllers\Login->index()
 4 SYSTEMPATH/CodeIgniter.php(503): CodeIgniter\CodeIgniter->runController()
 5 SYSTEMPATH/CodeIgniter.php(361): CodeIgniter\CodeIgniter->handleRequest()
 6 FCPATH/index.php(79): CodeIgniter\CodeIgniter->run()
 7 SYSTEMPATH/Commands/Server/rewrite.php(47): require_once('/opt/lampp/htdocs/ADSO_N_2617510_G2/docs/trim7/PROYECTO-API-LATEST/PROYECTO-API/public/index.php')
CRITICAL - 2024-09-19 21:40:38 --> InvalidArgumentException: key must be a string when using hmac
in VENDORPATH/firebase/php-jwt/src/JWT.php on line 249.
 1 VENDORPATH/firebase/php-jwt/src/JWT.php(219): Firebase\JWT\JWT::sign()
 2 APPPATH/Controllers/Login.php(38): Firebase\JWT\JWT::encode()
 3 SYSTEMPATH/CodeIgniter.php(943): App\Controllers\Login->index()
 4 SYSTEMPATH/CodeIgniter.php(503): CodeIgniter\CodeIgniter->runController()
 5 SYSTEMPATH/CodeIgniter.php(361): CodeIgniter\CodeIgniter->handleRequest()
 6 FCPATH/index.php(79): CodeIgniter\CodeIgniter->run()
 7 SYSTEMPATH/Commands/Server/rewrite.php(47): require_once('/opt/lampp/htdocs/ADSO_N_2617510_G2/docs/trim7/PROYECTO-API-LATEST/PROYECTO-API/public/index.php')
CRITICAL - 2024-09-19 21:44:16 --> InvalidArgumentException: key must be a string when using hmac
in VENDORPATH/firebase/php-jwt/src/JWT.php on line 249.
 1 VENDORPATH/firebase/php-jwt/src/JWT.php(219): Firebase\JWT\JWT::sign()
 2 APPPATH/Controllers/Login.php(38): Firebase\JWT\JWT::encode()
 3 SYSTEMPATH/CodeIgniter.php(943): App\Controllers\Login->index()
 4 SYSTEMPATH/CodeIgniter.php(503): CodeIgniter\CodeIgniter->runController()
 5 SYSTEMPATH/CodeIgniter.php(361): CodeIgniter\CodeIgniter->handleRequest()
 6 FCPATH/index.php(79): CodeIgniter\CodeIgniter->run()
 7 SYSTEMPATH/Commands/Server/rewrite.php(47): require_once('/opt/lampp/htdocs/ADSO_N_2617510_G2/docs/trim7/PROYECTO-API-LATEST/PROYECTO-API/public/index.php')
CRITICAL - 2024-09-19 21:44:17 --> InvalidArgumentException: key must be a string when using hmac
in VENDORPATH/firebase/php-jwt/src/JWT.php on line 249.
 1 VENDORPATH/firebase/php-jwt/src/JWT.php(219): Firebase\JWT\JWT::sign()
 2 APPPATH/Controllers/Login.php(38): Firebase\JWT\JWT::encode()
 3 SYSTEMPATH/CodeIgniter.php(943): App\Controllers\Login->index()
 4 SYSTEMPATH/CodeIgniter.php(503): CodeIgniter\CodeIgniter->runController()
 5 SYSTEMPATH/CodeIgniter.php(361): CodeIgniter\CodeIgniter->handleRequest()
 6 FCPATH/index.php(79): CodeIgniter\CodeIgniter->run()
 7 SYSTEMPATH/Commands/Server/rewrite.php(47): require_once('/opt/lampp/htdocs/ADSO_N_2617510_G2/docs/trim7/PROYECTO-API-LATEST/PROYECTO-API/public/index.php')
CRITICAL - 2024-09-19 21:44:28 --> InvalidArgumentException: key must be a string when using hmac
in VENDORPATH/firebase/php-jwt/src/JWT.php on line 249.
 1 VENDORPATH/firebase/php-jwt/src/JWT.php(219): Firebase\JWT\JWT::sign()
 2 APPPATH/Controllers/Login.php(38): Firebase\JWT\JWT::encode()
 3 SYSTEMPATH/CodeIgniter.php(943): App\Controllers\Login->index()
 4 SYSTEMPATH/CodeIgniter.php(503): CodeIgniter\CodeIgniter->runController()
 5 SYSTEMPATH/CodeIgniter.php(361): CodeIgniter\CodeIgniter->handleRequest()
 6 FCPATH/index.php(79): CodeIgniter\CodeIgniter->run()
 7 SYSTEMPATH/Commands/Server/rewrite.php(47): require_once('/opt/lampp/htdocs/ADSO_N_2617510_G2/docs/trim7/PROYECTO-API-LATEST/PROYECTO-API/public/index.php')
CRITICAL - 2024-09-19 21:46:00 --> InvalidArgumentException: key must be a string when using hmac
in VENDORPATH/firebase/php-jwt/src/JWT.php on line 249.
 1 VENDORPATH/firebase/php-jwt/src/JWT.php(219): Firebase\JWT\JWT::sign()
 2 APPPATH/Controllers/Login.php(38): Firebase\JWT\JWT::encode()
 3 SYSTEMPATH/CodeIgniter.php(943): App\Controllers\Login->index()
 4 SYSTEMPATH/CodeIgniter.php(503): CodeIgniter\CodeIgniter->runController()
 5 SYSTEMPATH/CodeIgniter.php(361): CodeIgniter\CodeIgniter->handleRequest()
 6 FCPATH/index.php(79): CodeIgniter\CodeIgniter->run()
 7 SYSTEMPATH/Commands/Server/rewrite.php(47): require_once('/opt/lampp/htdocs/ADSO_N_2617510_G2/docs/trim7/PROYECTO-API-LATEST/PROYECTO-API/public/index.php')
CRITICAL - 2024-09-19 22:00:11 --> InvalidArgumentException: key must be a string when using hmac
in VENDORPATH/firebase/php-jwt/src/JWT.php on line 249.
 1 VENDORPATH/firebase/php-jwt/src/JWT.php(219): Firebase\JWT\JWT::sign()
 2 APPPATH/Controllers/Login.php(38): Firebase\JWT\JWT::encode()
 3 SYSTEMPATH/CodeIgniter.php(943): App\Controllers\Login->index()
 4 SYSTEMPATH/CodeIgniter.php(503): CodeIgniter\CodeIgniter->runController()
 5 SYSTEMPATH/CodeIgniter.php(361): CodeIgniter\CodeIgniter->handleRequest()
 6 FCPATH/index.php(79): CodeIgniter\CodeIgniter->run()
 7 SYSTEMPATH/Commands/Server/rewrite.php(47): require_once('/opt/lampp/htdocs/ADSO_N_2617510_G2/docs/trim7/PROYECTO-API-LATEST/PROYECTO-API/public/index.php')
CRITICAL - 2024-09-19 22:00:38 --> InvalidArgumentException: key must be a string when using hmac
in VENDORPATH/firebase/php-jwt/src/JWT.php on line 249.
 1 VENDORPATH/firebase/php-jwt/src/JWT.php(219): Firebase\JWT\JWT::sign()
 2 APPPATH/Controllers/Login.php(38): Firebase\JWT\JWT::encode()
 3 SYSTEMPATH/CodeIgniter.php(943): App\Controllers\Login->index()
 4 SYSTEMPATH/CodeIgniter.php(503): CodeIgniter\CodeIgniter->runController()
 5 SYSTEMPATH/CodeIgniter.php(361): CodeIgniter\CodeIgniter->handleRequest()
 6 FCPATH/index.php(79): CodeIgniter\CodeIgniter->run()
 7 SYSTEMPATH/Commands/Server/rewrite.php(47): require_once('/opt/lampp/htdocs/ADSO_N_2617510_G2/docs/trim7/PROYECTO-API-LATEST/PROYECTO-API/public/index.php')
CRITICAL - 2024-09-19 22:09:58 --> Firebase\JWT\SignatureInvalidException: Signature verification failed
in VENDORPATH/firebase/php-jwt/src/JWT.php on line 150.
 1 APPPATH/Filters/AuthFilter.php(48): Firebase\JWT\JWT::decode()
 2 SYSTEMPATH/Filters/Filters.php(182): App\Filters\AuthFilter->before()
 3 SYSTEMPATH/CodeIgniter.php(475): CodeIgniter\Filters\Filters->run()
 4 SYSTEMPATH/CodeIgniter.php(361): CodeIgniter\CodeIgniter->handleRequest()
 5 FCPATH/index.php(79): CodeIgniter\CodeIgniter->run()
 6 SYSTEMPATH/Commands/Server/rewrite.php(47): require_once('/opt/lampp/htdocs/ADSO_N_2617510_G2/docs/trim7/PROYECTO-API-LATEST/PROYECTO-API/public/index.php')
CRITICAL - 2024-09-19 22:20:41 --> Firebase\JWT\SignatureInvalidException: Signature verification failed
in VENDORPATH/firebase/php-jwt/src/JWT.php on line 150.
 1 APPPATH/Filters/AuthFilter.php(48): Firebase\JWT\JWT::decode()
 2 SYSTEMPATH/Filters/Filters.php(182): App\Filters\AuthFilter->before()
 3 SYSTEMPATH/CodeIgniter.php(475): CodeIgniter\Filters\Filters->run()
 4 SYSTEMPATH/CodeIgniter.php(361): CodeIgniter\CodeIgniter->handleRequest()
 5 FCPATH/index.php(79): CodeIgniter\CodeIgniter->run()
 6 SYSTEMPATH/Commands/Server/rewrite.php(47): require_once('/opt/lampp/htdocs/ADSO_N_2617510_G2/docs/trim7/PROYECTO-API-LATEST/PROYECTO-API/public/index.php')
