ERROR - 2024-11-26 00:09:52 --> mysqli_sql_exception: Table 'proyecto_mvc.tb_parqueadero' doesn't exist in /home/cvilla/Documentos/Sena/apcr-api/PROYECTO-API/vendor/codeigniter4/framework/system/Database/MySQLi/Connection.php:306
Stack trace:
#0 /home/cvilla/Documentos/Sena/apcr-api/PROYECTO-API/vendor/codeigniter4/framework/system/Database/MySQLi/Connection.php(306): mysqli->query()
#1 /home/cvilla/Documentos/Sena/apcr-api/PROYECTO-API/vendor/codeigniter4/framework/system/Database/BaseConnection.php(693): CodeIgniter\Database\MySQLi\Connection->execute()
#2 /home/cvilla/Documentos/Sena/apcr-api/PROYECTO-API/vendor/codeigniter4/framework/system/Database/BaseConnection.php(607): CodeIgniter\Database\BaseConnection->simpleQuery()
#3 /home/cvilla/Documentos/Sena/apcr-api/PROYECTO-API/vendor/codeigniter4/framework/system/Database/BaseBuilder.php(1616): CodeIgniter\Database\BaseConnection->query()
#4 /home/cvilla/Documentos/Sena/apcr-api/PROYECTO-API/vendor/codeigniter4/framework/system/Model.php(243): CodeIgniter\Database\BaseBuilder->get()
#5 /home/cvilla/Documentos/Sena/apcr-api/PROYECTO-API/vendor/codeigniter4/framework/system/BaseModel.php(641): CodeIgniter\Model->doFindAll()
#6 /home/cvilla/Documentos/Sena/apcr-api/PROYECTO-API/app/Controllers/Parqueadero.php(15): CodeIgniter\BaseModel->findAll()
#7 /home/cvilla/Documentos/Sena/apcr-api/PROYECTO-API/vendor/codeigniter4/framework/system/CodeIgniter.php(943): App\Controllers\Parqueadero->index()
#8 /home/cvilla/Documentos/Sena/apcr-api/PROYECTO-API/vendor/codeigniter4/framework/system/CodeIgniter.php(503): CodeIgniter\CodeIgniter->runController()
#9 /home/cvilla/Documentos/Sena/apcr-api/PROYECTO-API/vendor/codeigniter4/framework/system/CodeIgniter.php(361): CodeIgniter\CodeIgniter->handleRequest()
#10 /home/cvilla/Documentos/Sena/apcr-api/PROYECTO-API/public/index.php(79): CodeIgniter\CodeIgniter->run()
#11 /home/cvilla/Documentos/Sena/apcr-api/PROYECTO-API/vendor/codeigniter4/framework/system/Commands/Server/rewrite.php(47): require_once('...')
#12 {main}
CRITICAL - 2024-11-26 00:09:52 --> CodeIgniter\Database\Exceptions\DatabaseException: Table 'proyecto_mvc.tb_parqueadero' doesn't exist
in SYSTEMPATH/Database/BaseConnection.php on line 647.
 1 SYSTEMPATH/Database/BaseBuilder.php(1616): CodeIgniter\Database\BaseConnection->query()
 2 SYSTEMPATH/Model.php(243): CodeIgniter\Database\BaseBuilder->get()
 3 SYSTEMPATH/BaseModel.php(641): CodeIgniter\Model->doFindAll()
 4 APPPATH/Controllers/Parqueadero.php(15): CodeIgniter\BaseModel->findAll()
 5 SYSTEMPATH/CodeIgniter.php(943): App\Controllers\Parqueadero->index()
 6 SYSTEMPATH/CodeIgniter.php(503): CodeIgniter\CodeIgniter->runController()
 7 SYSTEMPATH/CodeIgniter.php(361): CodeIgniter\CodeIgniter->handleRequest()
 8 FCPATH/index.php(79): CodeIgniter\CodeIgniter->run()
 9 SYSTEMPATH/Commands/Server/rewrite.php(47): require_once('/home/cvilla/Documentos/Sena/apcr-api/PROYECTO-API/public/index.php')
CRITICAL - 2024-11-26 00:09:52 --> [Caused by] CodeIgniter\Database\Exceptions\DatabaseException: Table 'proyecto_mvc.tb_parqueadero' doesn't exist
in SYSTEMPATH/Database/MySQLi/Connection.php on line 311.
 1 SYSTEMPATH/Database/BaseConnection.php(693): CodeIgniter\Database\MySQLi\Connection->execute()
 2 SYSTEMPATH/Database/BaseConnection.php(607): CodeIgniter\Database\BaseConnection->simpleQuery()
 3 SYSTEMPATH/Database/BaseBuilder.php(1616): CodeIgniter\Database\BaseConnection->query()
 4 SYSTEMPATH/Model.php(243): CodeIgniter\Database\BaseBuilder->get()
 5 SYSTEMPATH/BaseModel.php(641): CodeIgniter\Model->doFindAll()
 6 APPPATH/Controllers/Parqueadero.php(15): CodeIgniter\BaseModel->findAll()
 7 SYSTEMPATH/CodeIgniter.php(943): App\Controllers\Parqueadero->index()
 8 SYSTEMPATH/CodeIgniter.php(503): CodeIgniter\CodeIgniter->runController()
 9 SYSTEMPATH/CodeIgniter.php(361): CodeIgniter\CodeIgniter->handleRequest()
10 FCPATH/index.php(79): CodeIgniter\CodeIgniter->run()
11 SYSTEMPATH/Commands/Server/rewrite.php(47): require_once('/home/cvilla/Documentos/Sena/apcr-api/PROYECTO-API/public/index.php')
CRITICAL - 2024-11-26 00:09:52 --> [Caused by] mysqli_sql_exception: Table 'proyecto_mvc.tb_parqueadero' doesn't exist
in SYSTEMPATH/Database/MySQLi/Connection.php on line 306.
 1 SYSTEMPATH/Database/MySQLi/Connection.php(306): mysqli->query()
 2 SYSTEMPATH/Database/BaseConnection.php(693): CodeIgniter\Database\MySQLi\Connection->execute()
 3 SYSTEMPATH/Database/BaseConnection.php(607): CodeIgniter\Database\BaseConnection->simpleQuery()
 4 SYSTEMPATH/Database/BaseBuilder.php(1616): CodeIgniter\Database\BaseConnection->query()
 5 SYSTEMPATH/Model.php(243): CodeIgniter\Database\BaseBuilder->get()
 6 SYSTEMPATH/BaseModel.php(641): CodeIgniter\Model->doFindAll()
 7 APPPATH/Controllers/Parqueadero.php(15): CodeIgniter\BaseModel->findAll()
 8 SYSTEMPATH/CodeIgniter.php(943): App\Controllers\Parqueadero->index()
 9 SYSTEMPATH/CodeIgniter.php(503): CodeIgniter\CodeIgniter->runController()
10 SYSTEMPATH/CodeIgniter.php(361): CodeIgniter\CodeIgniter->handleRequest()
11 FCPATH/index.php(79): CodeIgniter\CodeIgniter->run()
12 SYSTEMPATH/Commands/Server/rewrite.php(47): require_once('/home/cvilla/Documentos/Sena/apcr-api/PROYECTO-API/public/index.php')
ERROR - 2024-11-26 00:10:17 --> mysqli_sql_exception: Table 'proyecto_mvc.tb_parqueadero' doesn't exist in /home/cvilla/Documentos/Sena/apcr-api/PROYECTO-API/vendor/codeigniter4/framework/system/Database/MySQLi/Connection.php:306
Stack trace:
#0 /home/cvilla/Documentos/Sena/apcr-api/PROYECTO-API/vendor/codeigniter4/framework/system/Database/MySQLi/Connection.php(306): mysqli->query()
#1 /home/cvilla/Documentos/Sena/apcr-api/PROYECTO-API/vendor/codeigniter4/framework/system/Database/BaseConnection.php(693): CodeIgniter\Database\MySQLi\Connection->execute()
#2 /home/cvilla/Documentos/Sena/apcr-api/PROYECTO-API/vendor/codeigniter4/framework/system/Database/BaseConnection.php(607): CodeIgniter\Database\BaseConnection->simpleQuery()
#3 /home/cvilla/Documentos/Sena/apcr-api/PROYECTO-API/vendor/codeigniter4/framework/system/Database/BaseBuilder.php(1616): CodeIgniter\Database\BaseConnection->query()
#4 /home/cvilla/Documentos/Sena/apcr-api/PROYECTO-API/vendor/codeigniter4/framework/system/Model.php(243): CodeIgniter\Database\BaseBuilder->get()
#5 /home/cvilla/Documentos/Sena/apcr-api/PROYECTO-API/vendor/codeigniter4/framework/system/BaseModel.php(641): CodeIgniter\Model->doFindAll()
#6 /home/cvilla/Documentos/Sena/apcr-api/PROYECTO-API/app/Controllers/Parqueadero.php(15): CodeIgniter\BaseModel->findAll()
#7 /home/cvilla/Documentos/Sena/apcr-api/PROYECTO-API/vendor/codeigniter4/framework/system/CodeIgniter.php(943): App\Controllers\Parqueadero->index()
#8 /home/cvilla/Documentos/Sena/apcr-api/PROYECTO-API/vendor/codeigniter4/framework/system/CodeIgniter.php(503): CodeIgniter\CodeIgniter->runController()
#9 /home/cvilla/Documentos/Sena/apcr-api/PROYECTO-API/vendor/codeigniter4/framework/system/CodeIgniter.php(361): CodeIgniter\CodeIgniter->handleRequest()
#10 /home/cvilla/Documentos/Sena/apcr-api/PROYECTO-API/public/index.php(79): CodeIgniter\CodeIgniter->run()
#11 /home/cvilla/Documentos/Sena/apcr-api/PROYECTO-API/vendor/codeigniter4/framework/system/Commands/Server/rewrite.php(47): require_once('...')
#12 {main}
CRITICAL - 2024-11-26 00:10:17 --> CodeIgniter\Database\Exceptions\DatabaseException: Table 'proyecto_mvc.tb_parqueadero' doesn't exist
in SYSTEMPATH/Database/BaseConnection.php on line 647.
 1 SYSTEMPATH/Database/BaseBuilder.php(1616): CodeIgniter\Database\BaseConnection->query()
 2 SYSTEMPATH/Model.php(243): CodeIgniter\Database\BaseBuilder->get()
 3 SYSTEMPATH/BaseModel.php(641): CodeIgniter\Model->doFindAll()
 4 APPPATH/Controllers/Parqueadero.php(15): CodeIgniter\BaseModel->findAll()
 5 SYSTEMPATH/CodeIgniter.php(943): App\Controllers\Parqueadero->index()
 6 SYSTEMPATH/CodeIgniter.php(503): CodeIgniter\CodeIgniter->runController()
 7 SYSTEMPATH/CodeIgniter.php(361): CodeIgniter\CodeIgniter->handleRequest()
 8 FCPATH/index.php(79): CodeIgniter\CodeIgniter->run()
 9 SYSTEMPATH/Commands/Server/rewrite.php(47): require_once('/home/cvilla/Documentos/Sena/apcr-api/PROYECTO-API/public/index.php')
CRITICAL - 2024-11-26 00:10:17 --> [Caused by] CodeIgniter\Database\Exceptions\DatabaseException: Table 'proyecto_mvc.tb_parqueadero' doesn't exist
in SYSTEMPATH/Database/MySQLi/Connection.php on line 311.
 1 SYSTEMPATH/Database/BaseConnection.php(693): CodeIgniter\Database\MySQLi\Connection->execute()
 2 SYSTEMPATH/Database/BaseConnection.php(607): CodeIgniter\Database\BaseConnection->simpleQuery()
 3 SYSTEMPATH/Database/BaseBuilder.php(1616): CodeIgniter\Database\BaseConnection->query()
 4 SYSTEMPATH/Model.php(243): CodeIgniter\Database\BaseBuilder->get()
 5 SYSTEMPATH/BaseModel.php(641): CodeIgniter\Model->doFindAll()
 6 APPPATH/Controllers/Parqueadero.php(15): CodeIgniter\BaseModel->findAll()
 7 SYSTEMPATH/CodeIgniter.php(943): App\Controllers\Parqueadero->index()
 8 SYSTEMPATH/CodeIgniter.php(503): CodeIgniter\CodeIgniter->runController()
 9 SYSTEMPATH/CodeIgniter.php(361): CodeIgniter\CodeIgniter->handleRequest()
10 FCPATH/index.php(79): CodeIgniter\CodeIgniter->run()
11 SYSTEMPATH/Commands/Server/rewrite.php(47): require_once('/home/cvilla/Documentos/Sena/apcr-api/PROYECTO-API/public/index.php')
CRITICAL - 2024-11-26 00:10:17 --> [Caused by] mysqli_sql_exception: Table 'proyecto_mvc.tb_parqueadero' doesn't exist
in SYSTEMPATH/Database/MySQLi/Connection.php on line 306.
 1 SYSTEMPATH/Database/MySQLi/Connection.php(306): mysqli->query()
 2 SYSTEMPATH/Database/BaseConnection.php(693): CodeIgniter\Database\MySQLi\Connection->execute()
 3 SYSTEMPATH/Database/BaseConnection.php(607): CodeIgniter\Database\BaseConnection->simpleQuery()
 4 SYSTEMPATH/Database/BaseBuilder.php(1616): CodeIgniter\Database\BaseConnection->query()
 5 SYSTEMPATH/Model.php(243): CodeIgniter\Database\BaseBuilder->get()
 6 SYSTEMPATH/BaseModel.php(641): CodeIgniter\Model->doFindAll()
 7 APPPATH/Controllers/Parqueadero.php(15): CodeIgniter\BaseModel->findAll()
 8 SYSTEMPATH/CodeIgniter.php(943): App\Controllers\Parqueadero->index()
 9 SYSTEMPATH/CodeIgniter.php(503): CodeIgniter\CodeIgniter->runController()
10 SYSTEMPATH/CodeIgniter.php(361): CodeIgniter\CodeIgniter->handleRequest()
11 FCPATH/index.php(79): CodeIgniter\CodeIgniter->run()
12 SYSTEMPATH/Commands/Server/rewrite.php(47): require_once('/home/cvilla/Documentos/Sena/apcr-api/PROYECTO-API/public/index.php')
ERROR - 2024-11-26 00:10:22 --> mysqli_sql_exception: Table 'proyecto_mvc.tb_parqueadero' doesn't exist in /home/cvilla/Documentos/Sena/apcr-api/PROYECTO-API/vendor/codeigniter4/framework/system/Database/MySQLi/Connection.php:306
Stack trace:
#0 /home/cvilla/Documentos/Sena/apcr-api/PROYECTO-API/vendor/codeigniter4/framework/system/Database/MySQLi/Connection.php(306): mysqli->query()
#1 /home/cvilla/Documentos/Sena/apcr-api/PROYECTO-API/vendor/codeigniter4/framework/system/Database/BaseConnection.php(693): CodeIgniter\Database\MySQLi\Connection->execute()
#2 /home/cvilla/Documentos/Sena/apcr-api/PROYECTO-API/vendor/codeigniter4/framework/system/Database/BaseConnection.php(607): CodeIgniter\Database\BaseConnection->simpleQuery()
#3 /home/cvilla/Documentos/Sena/apcr-api/PROYECTO-API/vendor/codeigniter4/framework/system/Database/BaseBuilder.php(1616): CodeIgniter\Database\BaseConnection->query()
#4 /home/cvilla/Documentos/Sena/apcr-api/PROYECTO-API/vendor/codeigniter4/framework/system/Model.php(243): CodeIgniter\Database\BaseBuilder->get()
#5 /home/cvilla/Documentos/Sena/apcr-api/PROYECTO-API/vendor/codeigniter4/framework/system/BaseModel.php(641): CodeIgniter\Model->doFindAll()
#6 /home/cvilla/Documentos/Sena/apcr-api/PROYECTO-API/app/Controllers/Parqueadero.php(15): CodeIgniter\BaseModel->findAll()
#7 /home/cvilla/Documentos/Sena/apcr-api/PROYECTO-API/vendor/codeigniter4/framework/system/CodeIgniter.php(943): App\Controllers\Parqueadero->index()
#8 /home/cvilla/Documentos/Sena/apcr-api/PROYECTO-API/vendor/codeigniter4/framework/system/CodeIgniter.php(503): CodeIgniter\CodeIgniter->runController()
#9 /home/cvilla/Documentos/Sena/apcr-api/PROYECTO-API/vendor/codeigniter4/framework/system/CodeIgniter.php(361): CodeIgniter\CodeIgniter->handleRequest()
#10 /home/cvilla/Documentos/Sena/apcr-api/PROYECTO-API/public/index.php(79): CodeIgniter\CodeIgniter->run()
#11 /home/cvilla/Documentos/Sena/apcr-api/PROYECTO-API/vendor/codeigniter4/framework/system/Commands/Server/rewrite.php(47): require_once('...')
#12 {main}
CRITICAL - 2024-11-26 00:10:22 --> CodeIgniter\Database\Exceptions\DatabaseException: Table 'proyecto_mvc.tb_parqueadero' doesn't exist
in SYSTEMPATH/Database/BaseConnection.php on line 647.
 1 SYSTEMPATH/Database/BaseBuilder.php(1616): CodeIgniter\Database\BaseConnection->query()
 2 SYSTEMPATH/Model.php(243): CodeIgniter\Database\BaseBuilder->get()
 3 SYSTEMPATH/BaseModel.php(641): CodeIgniter\Model->doFindAll()
 4 APPPATH/Controllers/Parqueadero.php(15): CodeIgniter\BaseModel->findAll()
 5 SYSTEMPATH/CodeIgniter.php(943): App\Controllers\Parqueadero->index()
 6 SYSTEMPATH/CodeIgniter.php(503): CodeIgniter\CodeIgniter->runController()
 7 SYSTEMPATH/CodeIgniter.php(361): CodeIgniter\CodeIgniter->handleRequest()
 8 FCPATH/index.php(79): CodeIgniter\CodeIgniter->run()
 9 SYSTEMPATH/Commands/Server/rewrite.php(47): require_once('/home/cvilla/Documentos/Sena/apcr-api/PROYECTO-API/public/index.php')
CRITICAL - 2024-11-26 00:10:22 --> [Caused by] CodeIgniter\Database\Exceptions\DatabaseException: Table 'proyecto_mvc.tb_parqueadero' doesn't exist
in SYSTEMPATH/Database/MySQLi/Connection.php on line 311.
 1 SYSTEMPATH/Database/BaseConnection.php(693): CodeIgniter\Database\MySQLi\Connection->execute()
 2 SYSTEMPATH/Database/BaseConnection.php(607): CodeIgniter\Database\BaseConnection->simpleQuery()
 3 SYSTEMPATH/Database/BaseBuilder.php(1616): CodeIgniter\Database\BaseConnection->query()
 4 SYSTEMPATH/Model.php(243): CodeIgniter\Database\BaseBuilder->get()
 5 SYSTEMPATH/BaseModel.php(641): CodeIgniter\Model->doFindAll()
 6 APPPATH/Controllers/Parqueadero.php(15): CodeIgniter\BaseModel->findAll()
 7 SYSTEMPATH/CodeIgniter.php(943): App\Controllers\Parqueadero->index()
 8 SYSTEMPATH/CodeIgniter.php(503): CodeIgniter\CodeIgniter->runController()
 9 SYSTEMPATH/CodeIgniter.php(361): CodeIgniter\CodeIgniter->handleRequest()
10 FCPATH/index.php(79): CodeIgniter\CodeIgniter->run()
11 SYSTEMPATH/Commands/Server/rewrite.php(47): require_once('/home/cvilla/Documentos/Sena/apcr-api/PROYECTO-API/public/index.php')
CRITICAL - 2024-11-26 00:10:22 --> [Caused by] mysqli_sql_exception: Table 'proyecto_mvc.tb_parqueadero' doesn't exist
in SYSTEMPATH/Database/MySQLi/Connection.php on line 306.
 1 SYSTEMPATH/Database/MySQLi/Connection.php(306): mysqli->query()
 2 SYSTEMPATH/Database/BaseConnection.php(693): CodeIgniter\Database\MySQLi\Connection->execute()
 3 SYSTEMPATH/Database/BaseConnection.php(607): CodeIgniter\Database\BaseConnection->simpleQuery()
 4 SYSTEMPATH/Database/BaseBuilder.php(1616): CodeIgniter\Database\BaseConnection->query()
 5 SYSTEMPATH/Model.php(243): CodeIgniter\Database\BaseBuilder->get()
 6 SYSTEMPATH/BaseModel.php(641): CodeIgniter\Model->doFindAll()
 7 APPPATH/Controllers/Parqueadero.php(15): CodeIgniter\BaseModel->findAll()
 8 SYSTEMPATH/CodeIgniter.php(943): App\Controllers\Parqueadero->index()
 9 SYSTEMPATH/CodeIgniter.php(503): CodeIgniter\CodeIgniter->runController()
10 SYSTEMPATH/CodeIgniter.php(361): CodeIgniter\CodeIgniter->handleRequest()
11 FCPATH/index.php(79): CodeIgniter\CodeIgniter->run()
12 SYSTEMPATH/Commands/Server/rewrite.php(47): require_once('/home/cvilla/Documentos/Sena/apcr-api/PROYECTO-API/public/index.php')
CRITICAL - 2024-11-26 00:43:53 --> Firebase\JWT\ExpiredException: Expired token
in VENDORPATH/firebase/php-jwt/src/JWT.php on line 176.
 1 APPPATH/Filters/AuthFilter.php(48): Firebase\JWT\JWT::decode()
 2 SYSTEMPATH/Filters/Filters.php(182): App\Filters\AuthFilter->before()
 3 SYSTEMPATH/CodeIgniter.php(475): CodeIgniter\Filters\Filters->run()
 4 SYSTEMPATH/CodeIgniter.php(361): CodeIgniter\CodeIgniter->handleRequest()
 5 FCPATH/index.php(79): CodeIgniter\CodeIgniter->run()
 6 SYSTEMPATH/Commands/Server/rewrite.php(47): require_once('/home/cvilla/Documentos/Sena/apcr-api/PROYECTO-API/public/index.php')
CRITICAL - 2024-11-26 02:19:06 --> Firebase\JWT\ExpiredException: Expired token
in VENDORPATH/firebase/php-jwt/src/JWT.php on line 176.
 1 APPPATH/Filters/AuthFilter.php(48): Firebase\JWT\JWT::decode()
 2 SYSTEMPATH/Filters/Filters.php(182): App\Filters\AuthFilter->before()
 3 SYSTEMPATH/CodeIgniter.php(475): CodeIgniter\Filters\Filters->run()
 4 SYSTEMPATH/CodeIgniter.php(361): CodeIgniter\CodeIgniter->handleRequest()
 5 FCPATH/index.php(79): CodeIgniter\CodeIgniter->run()
 6 SYSTEMPATH/Commands/Server/rewrite.php(47): require_once('/home/cvilla/Documentos/Sena/apcr-api/PROYECTO-API/public/index.php')
CRITICAL - 2024-11-26 02:19:08 --> Firebase\JWT\ExpiredException: Expired token
in VENDORPATH/firebase/php-jwt/src/JWT.php on line 176.
 1 APPPATH/Filters/AuthFilter.php(48): Firebase\JWT\JWT::decode()
 2 SYSTEMPATH/Filters/Filters.php(182): App\Filters\AuthFilter->before()
 3 SYSTEMPATH/CodeIgniter.php(475): CodeIgniter\Filters\Filters->run()
 4 SYSTEMPATH/CodeIgniter.php(361): CodeIgniter\CodeIgniter->handleRequest()
 5 FCPATH/index.php(79): CodeIgniter\CodeIgniter->run()
 6 SYSTEMPATH/Commands/Server/rewrite.php(47): require_once('/home/cvilla/Documentos/Sena/apcr-api/PROYECTO-API/public/index.php')
CRITICAL - 2024-11-26 17:46:09 --> Firebase\JWT\ExpiredException: Expired token
in VENDORPATH/firebase/php-jwt/src/JWT.php on line 176.
 1 APPPATH/Filters/AuthFilter.php(48): Firebase\JWT\JWT::decode()
 2 SYSTEMPATH/Filters/Filters.php(182): App\Filters\AuthFilter->before()
 3 SYSTEMPATH/CodeIgniter.php(475): CodeIgniter\Filters\Filters->run()
 4 SYSTEMPATH/CodeIgniter.php(361): CodeIgniter\CodeIgniter->handleRequest()
 5 FCPATH/index.php(79): CodeIgniter\CodeIgniter->run()
 6 SYSTEMPATH/Commands/Server/rewrite.php(47): require_once('/home/cvilla/Documentos/Sena/apcr-api/PROYECTO-API/public/index.php')
CRITICAL - 2024-11-26 17:46:15 --> Firebase\JWT\ExpiredException: Expired token
in VENDORPATH/firebase/php-jwt/src/JWT.php on line 176.
 1 APPPATH/Filters/AuthFilter.php(48): Firebase\JWT\JWT::decode()
 2 SYSTEMPATH/Filters/Filters.php(182): App\Filters\AuthFilter->before()
 3 SYSTEMPATH/CodeIgniter.php(475): CodeIgniter\Filters\Filters->run()
 4 SYSTEMPATH/CodeIgniter.php(361): CodeIgniter\CodeIgniter->handleRequest()
 5 FCPATH/index.php(79): CodeIgniter\CodeIgniter->run()
 6 SYSTEMPATH/Commands/Server/rewrite.php(47): require_once('/home/cvilla/Documentos/Sena/apcr-api/PROYECTO-API/public/index.php')
CRITICAL - 2024-11-26 17:46:44 --> Firebase\JWT\ExpiredException: Expired token
in VENDORPATH/firebase/php-jwt/src/JWT.php on line 176.
 1 APPPATH/Filters/AuthFilter.php(48): Firebase\JWT\JWT::decode()
 2 SYSTEMPATH/Filters/Filters.php(182): App\Filters\AuthFilter->before()
 3 SYSTEMPATH/CodeIgniter.php(475): CodeIgniter\Filters\Filters->run()
 4 SYSTEMPATH/CodeIgniter.php(361): CodeIgniter\CodeIgniter->handleRequest()
 5 FCPATH/index.php(79): CodeIgniter\CodeIgniter->run()
 6 SYSTEMPATH/Commands/Server/rewrite.php(47): require_once('/home/cvilla/Documentos/Sena/apcr-api/PROYECTO-API/public/index.php')
CRITICAL - 2024-11-26 17:47:13 --> CodeIgniter\HTTP\Exceptions\HTTPException: Failed to parse JSON string. Error: Syntax error
in SYSTEMPATH/HTTP/IncomingRequest.php on line 588.
 1 SYSTEMPATH/HTTP/IncomingRequest.php(588): CodeIgniter\HTTP\Exceptions\HTTPException::forInvalidJSON()
 2 APPPATH/Controllers/Parqueadero.php(22): CodeIgniter\HTTP\IncomingRequest->getJSON()
 3 SYSTEMPATH/CodeIgniter.php(943): App\Controllers\Parqueadero->solicitarParqueadero()
 4 SYSTEMPATH/CodeIgniter.php(503): CodeIgniter\CodeIgniter->runController()
 5 SYSTEMPATH/CodeIgniter.php(361): CodeIgniter\CodeIgniter->handleRequest()
 6 FCPATH/index.php(79): CodeIgniter\CodeIgniter->run()
 7 SYSTEMPATH/Commands/Server/rewrite.php(47): require_once('/home/cvilla/Documentos/Sena/apcr-api/PROYECTO-API/public/index.php')
CRITICAL - 2024-11-26 17:53:25 --> Firebase\JWT\ExpiredException: Expired token
in VENDORPATH/firebase/php-jwt/src/JWT.php on line 176.
 1 APPPATH/Filters/AuthFilter.php(48): Firebase\JWT\JWT::decode()
 2 SYSTEMPATH/Filters/Filters.php(182): App\Filters\AuthFilter->before()
 3 SYSTEMPATH/CodeIgniter.php(475): CodeIgniter\Filters\Filters->run()
 4 SYSTEMPATH/CodeIgniter.php(361): CodeIgniter\CodeIgniter->handleRequest()
 5 FCPATH/index.php(79): CodeIgniter\CodeIgniter->run()
 6 SYSTEMPATH/Commands/Server/rewrite.php(47): require_once('/home/cvilla/Documentos/Sena/apcr-api/PROYECTO-API/public/index.php')
CRITICAL - 2024-11-26 18:12:52 --> Firebase\JWT\ExpiredException: Expired token
in VENDORPATH/firebase/php-jwt/src/JWT.php on line 176.
 1 APPPATH/Filters/AuthFilter.php(48): Firebase\JWT\JWT::decode()
 2 SYSTEMPATH/Filters/Filters.php(182): App\Filters\AuthFilter->before()
 3 SYSTEMPATH/CodeIgniter.php(475): CodeIgniter\Filters\Filters->run()
 4 SYSTEMPATH/CodeIgniter.php(361): CodeIgniter\CodeIgniter->handleRequest()
 5 FCPATH/index.php(79): CodeIgniter\CodeIgniter->run()
 6 SYSTEMPATH/Commands/Server/rewrite.php(47): require_once('/home/cvilla/Documentos/Sena/apcr-api/PROYECTO-API/public/index.php')
ERROR - 2024-11-26 18:13:39 --> mysqli_sql_exception: You have an error in your SQL syntax; check the manual that corresponds to your MySQL server version for the right syntax to use near ') VALUES ('cvilla@example.com', '$2y$10$L8ULtjjw2z8MSt.75CtjiOzb//7aqLnpBGCvVHBL' at line 1 in /home/cvilla/Documentos/Sena/apcr-api/PROYECTO-API/vendor/codeigniter4/framework/system/Database/MySQLi/Connection.php:306
Stack trace:
#0 /home/cvilla/Documentos/Sena/apcr-api/PROYECTO-API/vendor/codeigniter4/framework/system/Database/MySQLi/Connection.php(306): mysqli->query()
#1 /home/cvilla/Documentos/Sena/apcr-api/PROYECTO-API/vendor/codeigniter4/framework/system/Database/BaseConnection.php(693): CodeIgniter\Database\MySQLi\Connection->execute()
#2 /home/cvilla/Documentos/Sena/apcr-api/PROYECTO-API/vendor/codeigniter4/framework/system/Database/BaseConnection.php(607): CodeIgniter\Database\BaseConnection->simpleQuery()
#3 /home/cvilla/Documentos/Sena/apcr-api/PROYECTO-API/vendor/codeigniter4/framework/system/Database/BaseBuilder.php(2307): CodeIgniter\Database\BaseConnection->query()
#4 /home/cvilla/Documentos/Sena/apcr-api/PROYECTO-API/vendor/codeigniter4/framework/system/Model.php(327): CodeIgniter\Database\BaseBuilder->insert()
#5 /home/cvilla/Documentos/Sena/apcr-api/PROYECTO-API/vendor/codeigniter4/framework/system/BaseModel.php(805): CodeIgniter\Model->doInsert()
#6 /home/cvilla/Documentos/Sena/apcr-api/PROYECTO-API/vendor/codeigniter4/framework/system/Model.php(749): CodeIgniter\BaseModel->insert()
#7 /home/cvilla/Documentos/Sena/apcr-api/PROYECTO-API/app/Controllers/Residente.php(60): CodeIgniter\Model->insert()
#8 /home/cvilla/Documentos/Sena/apcr-api/PROYECTO-API/vendor/codeigniter4/framework/system/CodeIgniter.php(943): App\Controllers\Residente->insert()
#9 /home/cvilla/Documentos/Sena/apcr-api/PROYECTO-API/vendor/codeigniter4/framework/system/CodeIgniter.php(503): CodeIgniter\CodeIgniter->runController()
#10 /home/cvilla/Documentos/Sena/apcr-api/PROYECTO-API/vendor/codeigniter4/framework/system/CodeIgniter.php(361): CodeIgniter\CodeIgniter->handleRequest()
#11 /home/cvilla/Documentos/Sena/apcr-api/PROYECTO-API/public/index.php(79): CodeIgniter\CodeIgniter->run()
#12 /home/cvilla/Documentos/Sena/apcr-api/PROYECTO-API/vendor/codeigniter4/framework/system/Commands/Server/rewrite.php(47): require_once('...')
#13 {main}
CRITICAL - 2024-11-26 18:13:39 --> CodeIgniter\Database\Exceptions\DatabaseException: You have an error in your SQL syntax; check the manual that corresponds to your MySQL server version for the right syntax to use near ') VALUES ('cvilla@example.com', '$2y$10$L8ULtjjw2z8MSt.75CtjiOzb//7aqLnpBGCvVHBL' at line 1
in SYSTEMPATH/Database/BaseConnection.php on line 647.
 1 SYSTEMPATH/Database/BaseBuilder.php(2307): CodeIgniter\Database\BaseConnection->query()
 2 SYSTEMPATH/Model.php(327): CodeIgniter\Database\BaseBuilder->insert()
 3 SYSTEMPATH/BaseModel.php(805): CodeIgniter\Model->doInsert()
 4 SYSTEMPATH/Model.php(749): CodeIgniter\BaseModel->insert()
 5 APPPATH/Controllers/Residente.php(60): CodeIgniter\Model->insert()
 6 SYSTEMPATH/CodeIgniter.php(943): App\Controllers\Residente->insert()
 7 SYSTEMPATH/CodeIgniter.php(503): CodeIgniter\CodeIgniter->runController()
 8 SYSTEMPATH/CodeIgniter.php(361): CodeIgniter\CodeIgniter->handleRequest()
 9 FCPATH/index.php(79): CodeIgniter\CodeIgniter->run()
10 SYSTEMPATH/Commands/Server/rewrite.php(47): require_once('/home/cvilla/Documentos/Sena/apcr-api/PROYECTO-API/public/index.php')
CRITICAL - 2024-11-26 18:13:39 --> [Caused by] CodeIgniter\Database\Exceptions\DatabaseException: You have an error in your SQL syntax; check the manual that corresponds to your MySQL server version for the right syntax to use near ') VALUES ('cvilla@example.com', '$2y$10$L8ULtjjw2z8MSt.75CtjiOzb//7aqLnpBGCvVHBL' at line 1
in SYSTEMPATH/Database/MySQLi/Connection.php on line 311.
 1 SYSTEMPATH/Database/BaseConnection.php(693): CodeIgniter\Database\MySQLi\Connection->execute()
 2 SYSTEMPATH/Database/BaseConnection.php(607): CodeIgniter\Database\BaseConnection->simpleQuery()
 3 SYSTEMPATH/Database/BaseBuilder.php(2307): CodeIgniter\Database\BaseConnection->query()
 4 SYSTEMPATH/Model.php(327): CodeIgniter\Database\BaseBuilder->insert()
 5 SYSTEMPATH/BaseModel.php(805): CodeIgniter\Model->doInsert()
 6 SYSTEMPATH/Model.php(749): CodeIgniter\BaseModel->insert()
 7 APPPATH/Controllers/Residente.php(60): CodeIgniter\Model->insert()
 8 SYSTEMPATH/CodeIgniter.php(943): App\Controllers\Residente->insert()
 9 SYSTEMPATH/CodeIgniter.php(503): CodeIgniter\CodeIgniter->runController()
10 SYSTEMPATH/CodeIgniter.php(361): CodeIgniter\CodeIgniter->handleRequest()
11 FCPATH/index.php(79): CodeIgniter\CodeIgniter->run()
12 SYSTEMPATH/Commands/Server/rewrite.php(47): require_once('/home/cvilla/Documentos/Sena/apcr-api/PROYECTO-API/public/index.php')
CRITICAL - 2024-11-26 18:13:39 --> [Caused by] mysqli_sql_exception: You have an error in your SQL syntax; check the manual that corresponds to your MySQL server version for the right syntax to use near ') VALUES ('cvilla@example.com', '$2y$10$L8ULtjjw2z8MSt.75CtjiOzb//7aqLnpBGCvVHBL' at line 1
in SYSTEMPATH/Database/MySQLi/Connection.php on line 306.
 1 SYSTEMPATH/Database/MySQLi/Connection.php(306): mysqli->query()
 2 SYSTEMPATH/Database/BaseConnection.php(693): CodeIgniter\Database\MySQLi\Connection->execute()
 3 SYSTEMPATH/Database/BaseConnection.php(607): CodeIgniter\Database\BaseConnection->simpleQuery()
 4 SYSTEMPATH/Database/BaseBuilder.php(2307): CodeIgniter\Database\BaseConnection->query()
 5 SYSTEMPATH/Model.php(327): CodeIgniter\Database\BaseBuilder->insert()
 6 SYSTEMPATH/BaseModel.php(805): CodeIgniter\Model->doInsert()
 7 SYSTEMPATH/Model.php(749): CodeIgniter\BaseModel->insert()
 8 APPPATH/Controllers/Residente.php(60): CodeIgniter\Model->insert()
 9 SYSTEMPATH/CodeIgniter.php(943): App\Controllers\Residente->insert()
10 SYSTEMPATH/CodeIgniter.php(503): CodeIgniter\CodeIgniter->runController()
11 SYSTEMPATH/CodeIgniter.php(361): CodeIgniter\CodeIgniter->handleRequest()
12 FCPATH/index.php(79): CodeIgniter\CodeIgniter->run()
13 SYSTEMPATH/Commands/Server/rewrite.php(47): require_once('/home/cvilla/Documentos/Sena/apcr-api/PROYECTO-API/public/index.php')
CRITICAL - 2024-11-26 19:40:57 --> Firebase\JWT\ExpiredException: Expired token
in VENDORPATH/firebase/php-jwt/src/JWT.php on line 176.
 1 APPPATH/Filters/AuthFilter.php(48): Firebase\JWT\JWT::decode()
 2 SYSTEMPATH/Filters/Filters.php(182): App\Filters\AuthFilter->before()
 3 SYSTEMPATH/CodeIgniter.php(475): CodeIgniter\Filters\Filters->run()
 4 SYSTEMPATH/CodeIgniter.php(361): CodeIgniter\CodeIgniter->handleRequest()
 5 FCPATH/index.php(79): CodeIgniter\CodeIgniter->run()
 6 SYSTEMPATH/Commands/Server/rewrite.php(47): require_once('/home/cvilla/Documentos/Sena/apcr-api/PROYECTO-API/public/index.php')
CRITICAL - 2024-11-26 19:40:58 --> Firebase\JWT\ExpiredException: Expired token
in VENDORPATH/firebase/php-jwt/src/JWT.php on line 176.
 1 APPPATH/Filters/AuthFilter.php(48): Firebase\JWT\JWT::decode()
 2 SYSTEMPATH/Filters/Filters.php(182): App\Filters\AuthFilter->before()
 3 SYSTEMPATH/CodeIgniter.php(475): CodeIgniter\Filters\Filters->run()
 4 SYSTEMPATH/CodeIgniter.php(361): CodeIgniter\CodeIgniter->handleRequest()
 5 FCPATH/index.php(79): CodeIgniter\CodeIgniter->run()
 6 SYSTEMPATH/Commands/Server/rewrite.php(47): require_once('/home/cvilla/Documentos/Sena/apcr-api/PROYECTO-API/public/index.php')
ERROR - 2024-11-26 19:41:43 --> mysqli_sql_exception: You have an error in your SQL syntax; check the manual that corresponds to your MySQL server version for the right syntax to use near ') VALUES ('cvilla@example.com', '$2y$10$a.Rv/TGC1Tmu6umxobvbvOqKKwU0.3CH/y.b/ijv' at line 1 in /home/cvilla/Documentos/Sena/apcr-api/PROYECTO-API/vendor/codeigniter4/framework/system/Database/MySQLi/Connection.php:306
Stack trace:
#0 /home/cvilla/Documentos/Sena/apcr-api/PROYECTO-API/vendor/codeigniter4/framework/system/Database/MySQLi/Connection.php(306): mysqli->query()
#1 /home/cvilla/Documentos/Sena/apcr-api/PROYECTO-API/vendor/codeigniter4/framework/system/Database/BaseConnection.php(693): CodeIgniter\Database\MySQLi\Connection->execute()
#2 /home/cvilla/Documentos/Sena/apcr-api/PROYECTO-API/vendor/codeigniter4/framework/system/Database/BaseConnection.php(607): CodeIgniter\Database\BaseConnection->simpleQuery()
#3 /home/cvilla/Documentos/Sena/apcr-api/PROYECTO-API/vendor/codeigniter4/framework/system/Database/BaseBuilder.php(2307): CodeIgniter\Database\BaseConnection->query()
#4 /home/cvilla/Documentos/Sena/apcr-api/PROYECTO-API/vendor/codeigniter4/framework/system/Model.php(327): CodeIgniter\Database\BaseBuilder->insert()
#5 /home/cvilla/Documentos/Sena/apcr-api/PROYECTO-API/vendor/codeigniter4/framework/system/BaseModel.php(805): CodeIgniter\Model->doInsert()
#6 /home/cvilla/Documentos/Sena/apcr-api/PROYECTO-API/vendor/codeigniter4/framework/system/Model.php(749): CodeIgniter\BaseModel->insert()
#7 /home/cvilla/Documentos/Sena/apcr-api/PROYECTO-API/app/Controllers/Residente.php(60): CodeIgniter\Model->insert()
#8 /home/cvilla/Documentos/Sena/apcr-api/PROYECTO-API/vendor/codeigniter4/framework/system/CodeIgniter.php(943): App\Controllers\Residente->insert()
#9 /home/cvilla/Documentos/Sena/apcr-api/PROYECTO-API/vendor/codeigniter4/framework/system/CodeIgniter.php(503): CodeIgniter\CodeIgniter->runController()
#10 /home/cvilla/Documentos/Sena/apcr-api/PROYECTO-API/vendor/codeigniter4/framework/system/CodeIgniter.php(361): CodeIgniter\CodeIgniter->handleRequest()
#11 /home/cvilla/Documentos/Sena/apcr-api/PROYECTO-API/public/index.php(79): CodeIgniter\CodeIgniter->run()
#12 /home/cvilla/Documentos/Sena/apcr-api/PROYECTO-API/vendor/codeigniter4/framework/system/Commands/Server/rewrite.php(47): require_once('...')
#13 {main}
CRITICAL - 2024-11-26 19:41:43 --> CodeIgniter\Database\Exceptions\DatabaseException: You have an error in your SQL syntax; check the manual that corresponds to your MySQL server version for the right syntax to use near ') VALUES ('cvilla@example.com', '$2y$10$a.Rv/TGC1Tmu6umxobvbvOqKKwU0.3CH/y.b/ijv' at line 1
in SYSTEMPATH/Database/BaseConnection.php on line 647.
 1 SYSTEMPATH/Database/BaseBuilder.php(2307): CodeIgniter\Database\BaseConnection->query()
 2 SYSTEMPATH/Model.php(327): CodeIgniter\Database\BaseBuilder->insert()
 3 SYSTEMPATH/BaseModel.php(805): CodeIgniter\Model->doInsert()
 4 SYSTEMPATH/Model.php(749): CodeIgniter\BaseModel->insert()
 5 APPPATH/Controllers/Residente.php(60): CodeIgniter\Model->insert()
 6 SYSTEMPATH/CodeIgniter.php(943): App\Controllers\Residente->insert()
 7 SYSTEMPATH/CodeIgniter.php(503): CodeIgniter\CodeIgniter->runController()
 8 SYSTEMPATH/CodeIgniter.php(361): CodeIgniter\CodeIgniter->handleRequest()
 9 FCPATH/index.php(79): CodeIgniter\CodeIgniter->run()
10 SYSTEMPATH/Commands/Server/rewrite.php(47): require_once('/home/cvilla/Documentos/Sena/apcr-api/PROYECTO-API/public/index.php')
CRITICAL - 2024-11-26 19:41:43 --> [Caused by] CodeIgniter\Database\Exceptions\DatabaseException: You have an error in your SQL syntax; check the manual that corresponds to your MySQL server version for the right syntax to use near ') VALUES ('cvilla@example.com', '$2y$10$a.Rv/TGC1Tmu6umxobvbvOqKKwU0.3CH/y.b/ijv' at line 1
in SYSTEMPATH/Database/MySQLi/Connection.php on line 311.
 1 SYSTEMPATH/Database/BaseConnection.php(693): CodeIgniter\Database\MySQLi\Connection->execute()
 2 SYSTEMPATH/Database/BaseConnection.php(607): CodeIgniter\Database\BaseConnection->simpleQuery()
 3 SYSTEMPATH/Database/BaseBuilder.php(2307): CodeIgniter\Database\BaseConnection->query()
 4 SYSTEMPATH/Model.php(327): CodeIgniter\Database\BaseBuilder->insert()
 5 SYSTEMPATH/BaseModel.php(805): CodeIgniter\Model->doInsert()
 6 SYSTEMPATH/Model.php(749): CodeIgniter\BaseModel->insert()
 7 APPPATH/Controllers/Residente.php(60): CodeIgniter\Model->insert()
 8 SYSTEMPATH/CodeIgniter.php(943): App\Controllers\Residente->insert()
 9 SYSTEMPATH/CodeIgniter.php(503): CodeIgniter\CodeIgniter->runController()
10 SYSTEMPATH/CodeIgniter.php(361): CodeIgniter\CodeIgniter->handleRequest()
11 FCPATH/index.php(79): CodeIgniter\CodeIgniter->run()
12 SYSTEMPATH/Commands/Server/rewrite.php(47): require_once('/home/cvilla/Documentos/Sena/apcr-api/PROYECTO-API/public/index.php')
CRITICAL - 2024-11-26 19:41:43 --> [Caused by] mysqli_sql_exception: You have an error in your SQL syntax; check the manual that corresponds to your MySQL server version for the right syntax to use near ') VALUES ('cvilla@example.com', '$2y$10$a.Rv/TGC1Tmu6umxobvbvOqKKwU0.3CH/y.b/ijv' at line 1
in SYSTEMPATH/Database/MySQLi/Connection.php on line 306.
 1 SYSTEMPATH/Database/MySQLi/Connection.php(306): mysqli->query()
 2 SYSTEMPATH/Database/BaseConnection.php(693): CodeIgniter\Database\MySQLi\Connection->execute()
 3 SYSTEMPATH/Database/BaseConnection.php(607): CodeIgniter\Database\BaseConnection->simpleQuery()
 4 SYSTEMPATH/Database/BaseBuilder.php(2307): CodeIgniter\Database\BaseConnection->query()
 5 SYSTEMPATH/Model.php(327): CodeIgniter\Database\BaseBuilder->insert()
 6 SYSTEMPATH/BaseModel.php(805): CodeIgniter\Model->doInsert()
 7 SYSTEMPATH/Model.php(749): CodeIgniter\BaseModel->insert()
 8 APPPATH/Controllers/Residente.php(60): CodeIgniter\Model->insert()
 9 SYSTEMPATH/CodeIgniter.php(943): App\Controllers\Residente->insert()
10 SYSTEMPATH/CodeIgniter.php(503): CodeIgniter\CodeIgniter->runController()
11 SYSTEMPATH/CodeIgniter.php(361): CodeIgniter\CodeIgniter->handleRequest()
12 FCPATH/index.php(79): CodeIgniter\CodeIgniter->run()
13 SYSTEMPATH/Commands/Server/rewrite.php(47): require_once('/home/cvilla/Documentos/Sena/apcr-api/PROYECTO-API/public/index.php')
CRITICAL - 2024-11-26 19:52:43 --> Error: Call to undefined method App\Controllers\Residente::respond()
in APPPATH/Controllers/Residente.php on line 64.
 1 SYSTEMPATH/CodeIgniter.php(943): App\Controllers\Residente->insert()
 2 SYSTEMPATH/CodeIgniter.php(503): CodeIgniter\CodeIgniter->runController()
 3 SYSTEMPATH/CodeIgniter.php(361): CodeIgniter\CodeIgniter->handleRequest()
 4 FCPATH/index.php(79): CodeIgniter\CodeIgniter->run()
 5 SYSTEMPATH/Commands/Server/rewrite.php(47): require_once('/home/cvilla/Documentos/Sena/apcr-api/PROYECTO-API/public/index.php')
