ERROR - 2024-09-20 00:29:25 --> Error connecting to the database: mysqli_sql_exception: Connection refused in /opt/lampp/htdocs/ADSO_N_2617510_G2/docs/trim7/PROYECTO-API-LATEST/PROYECTO-API/vendor/codeigniter4/framework/system/Database/MySQLi/Connection.php:184
Stack trace:
#0 /opt/lampp/htdocs/ADSO_N_2617510_G2/docs/trim7/PROYECTO-API-LATEST/PROYECTO-API/vendor/codeigniter4/framework/system/Database/MySQLi/Connection.php(184): mysqli->real_connect()
#1 /opt/lampp/htdocs/ADSO_N_2617510_G2/docs/trim7/PROYECTO-API-LATEST/PROYECTO-API/vendor/codeigniter4/framework/system/Database/BaseConnection.php(392): CodeIgniter\Database\MySQLi\Connection->connect()
#2 /opt/lampp/htdocs/ADSO_N_2617510_G2/docs/trim7/PROYECTO-API-LATEST/PROYECTO-API/vendor/codeigniter4/framework/system/Database/BaseConnection.php(575): CodeIgniter\Database\BaseConnection->initialize()
#3 /opt/lampp/htdocs/ADSO_N_2617510_G2/docs/trim7/PROYECTO-API-LATEST/PROYECTO-API/vendor/codeigniter4/framework/system/Database/BaseBuilder.php(1616): CodeIgniter\Database\BaseConnection->query()
#4 /opt/lampp/htdocs/ADSO_N_2617510_G2/docs/trim7/PROYECTO-API-LATEST/PROYECTO-API/vendor/codeigniter4/framework/system/Validation/StrictRules/Rules.php(227): CodeIgniter\Database\BaseBuilder->get()
#5 /opt/lampp/htdocs/ADSO_N_2617510_G2/docs/trim7/PROYECTO-API-LATEST/PROYECTO-API/vendor/codeigniter4/framework/system/Validation/Validation.php(328): CodeIgniter\Validation\StrictRules\Rules->is_unique()
#6 /opt/lampp/htdocs/ADSO_N_2617510_G2/docs/trim7/PROYECTO-API-LATEST/PROYECTO-API/vendor/codeigniter4/framework/system/Validation/Validation.php(200): CodeIgniter\Validation\Validation->processRules()
#7 /opt/lampp/htdocs/ADSO_N_2617510_G2/docs/trim7/PROYECTO-API-LATEST/PROYECTO-API/vendor/codeigniter4/framework/system/Controller.php(154): CodeIgniter\Validation\Validation->run()
#8 /opt/lampp/htdocs/ADSO_N_2617510_G2/docs/trim7/PROYECTO-API-LATEST/PROYECTO-API/app/Controllers/Register.php(21): CodeIgniter\Controller->validate()
#9 /opt/lampp/htdocs/ADSO_N_2617510_G2/docs/trim7/PROYECTO-API-LATEST/PROYECTO-API/vendor/codeigniter4/framework/system/CodeIgniter.php(943): App\Controllers\Register->index()
#10 /opt/lampp/htdocs/ADSO_N_2617510_G2/docs/trim7/PROYECTO-API-LATEST/PROYECTO-API/vendor/codeigniter4/framework/system/CodeIgniter.php(503): CodeIgniter\CodeIgniter->runController()
#11 /opt/lampp/htdocs/ADSO_N_2617510_G2/docs/trim7/PROYECTO-API-LATEST/PROYECTO-API/vendor/codeigniter4/framework/system/CodeIgniter.php(361): CodeIgniter\CodeIgniter->handleRequest()
#12 /opt/lampp/htdocs/ADSO_N_2617510_G2/docs/trim7/PROYECTO-API-LATEST/PROYECTO-API/public/index.php(79): CodeIgniter\CodeIgniter->run()
#13 /opt/lampp/htdocs/ADSO_N_2617510_G2/docs/trim7/PROYECTO-API-LATEST/PROYECTO-API/vendor/codeigniter4/framework/system/Commands/Server/rewrite.php(47): require_once('...')
#14 {main}

Next CodeIgniter\Database\Exceptions\DatabaseException: Connection refused in /opt/lampp/htdocs/ADSO_N_2617510_G2/docs/trim7/PROYECTO-API-LATEST/PROYECTO-API/vendor/codeigniter4/framework/system/Database/MySQLi/Connection.php:229
Stack trace:
#0 /opt/lampp/htdocs/ADSO_N_2617510_G2/docs/trim7/PROYECTO-API-LATEST/PROYECTO-API/vendor/codeigniter4/framework/system/Database/BaseConnection.php(392): CodeIgniter\Database\MySQLi\Connection->connect()
#1 /opt/lampp/htdocs/ADSO_N_2617510_G2/docs/trim7/PROYECTO-API-LATEST/PROYECTO-API/vendor/codeigniter4/framework/system/Database/BaseConnection.php(575): CodeIgniter\Database\BaseConnection->initialize()
#2 /opt/lampp/htdocs/ADSO_N_2617510_G2/docs/trim7/PROYECTO-API-LATEST/PROYECTO-API/vendor/codeigniter4/framework/system/Database/BaseBuilder.php(1616): CodeIgniter\Database\BaseConnection->query()
#3 /opt/lampp/htdocs/ADSO_N_2617510_G2/docs/trim7/PROYECTO-API-LATEST/PROYECTO-API/vendor/codeigniter4/framework/system/Validation/StrictRules/Rules.php(227): CodeIgniter\Database\BaseBuilder->get()
#4 /opt/lampp/htdocs/ADSO_N_2617510_G2/docs/trim7/PROYECTO-API-LATEST/PROYECTO-API/vendor/codeigniter4/framework/system/Validation/Validation.php(328): CodeIgniter\Validation\StrictRules\Rules->is_unique()
#5 /opt/lampp/htdocs/ADSO_N_2617510_G2/docs/trim7/PROYECTO-API-LATEST/PROYECTO-API/vendor/codeigniter4/framework/system/Validation/Validation.php(200): CodeIgniter\Validation\Validation->processRules()
#6 /opt/lampp/htdocs/ADSO_N_2617510_G2/docs/trim7/PROYECTO-API-LATEST/PROYECTO-API/vendor/codeigniter4/framework/system/Controller.php(154): CodeIgniter\Validation\Validation->run()
#7 /opt/lampp/htdocs/ADSO_N_2617510_G2/docs/trim7/PROYECTO-API-LATEST/PROYECTO-API/app/Controllers/Register.php(21): CodeIgniter\Controller->validate()
#8 /opt/lampp/htdocs/ADSO_N_2617510_G2/docs/trim7/PROYECTO-API-LATEST/PROYECTO-API/vendor/codeigniter4/framework/system/CodeIgniter.php(943): App\Controllers\Register->index()
#9 /opt/lampp/htdocs/ADSO_N_2617510_G2/docs/trim7/PROYECTO-API-LATEST/PROYECTO-API/vendor/codeigniter4/framework/system/CodeIgniter.php(503): CodeIgniter\CodeIgniter->runController()
#10 /opt/lampp/htdocs/ADSO_N_2617510_G2/docs/trim7/PROYECTO-API-LATEST/PROYECTO-API/vendor/codeigniter4/framework/system/CodeIgniter.php(361): CodeIgniter\CodeIgniter->handleRequest()
#11 /opt/lampp/htdocs/ADSO_N_2617510_G2/docs/trim7/PROYECTO-API-LATEST/PROYECTO-API/public/index.php(79): CodeIgniter\CodeIgniter->run()
#12 /opt/lampp/htdocs/ADSO_N_2617510_G2/docs/trim7/PROYECTO-API-LATEST/PROYECTO-API/vendor/codeigniter4/framework/system/Commands/Server/rewrite.php(47): require_once('...')
#13 {main}
CRITICAL - 2024-09-20 00:29:25 --> CodeIgniter\Database\Exceptions\DatabaseException: Unable to connect to the database.
Main connection [MySQLi]: Connection refused
in SYSTEMPATH/Database/BaseConnection.php on line 428.
 1 SYSTEMPATH/Database/BaseConnection.php(575): CodeIgniter\Database\BaseConnection->initialize()
 2 SYSTEMPATH/Database/BaseBuilder.php(1616): CodeIgniter\Database\BaseConnection->query()
 3 SYSTEMPATH/Validation/StrictRules/Rules.php(227): CodeIgniter\Database\BaseBuilder->get()
 4 SYSTEMPATH/Validation/Validation.php(328): CodeIgniter\Validation\StrictRules\Rules->is_unique()
 5 SYSTEMPATH/Validation/Validation.php(200): CodeIgniter\Validation\Validation->processRules()
 6 SYSTEMPATH/Controller.php(154): CodeIgniter\Validation\Validation->run()
 7 APPPATH/Controllers/Register.php(21): CodeIgniter\Controller->validate()
 8 SYSTEMPATH/CodeIgniter.php(943): App\Controllers\Register->index()
 9 SYSTEMPATH/CodeIgniter.php(503): CodeIgniter\CodeIgniter->runController()
10 SYSTEMPATH/CodeIgniter.php(361): CodeIgniter\CodeIgniter->handleRequest()
11 FCPATH/index.php(79): CodeIgniter\CodeIgniter->run()
12 SYSTEMPATH/Commands/Server/rewrite.php(47): require_once('/opt/lampp/htdocs/ADSO_N_2617510_G2/docs/trim7/PROYECTO-API-LATEST/PROYECTO-API/public/index.php')
ERROR - 2024-09-20 00:29:33 --> Error connecting to the database: mysqli_sql_exception: Connection refused in /opt/lampp/htdocs/ADSO_N_2617510_G2/docs/trim7/PROYECTO-API-LATEST/PROYECTO-API/vendor/codeigniter4/framework/system/Database/MySQLi/Connection.php:184
Stack trace:
#0 /opt/lampp/htdocs/ADSO_N_2617510_G2/docs/trim7/PROYECTO-API-LATEST/PROYECTO-API/vendor/codeigniter4/framework/system/Database/MySQLi/Connection.php(184): mysqli->real_connect()
#1 /opt/lampp/htdocs/ADSO_N_2617510_G2/docs/trim7/PROYECTO-API-LATEST/PROYECTO-API/vendor/codeigniter4/framework/system/Database/BaseConnection.php(392): CodeIgniter\Database\MySQLi\Connection->connect()
#2 /opt/lampp/htdocs/ADSO_N_2617510_G2/docs/trim7/PROYECTO-API-LATEST/PROYECTO-API/vendor/codeigniter4/framework/system/Database/BaseConnection.php(575): CodeIgniter\Database\BaseConnection->initialize()
#3 /opt/lampp/htdocs/ADSO_N_2617510_G2/docs/trim7/PROYECTO-API-LATEST/PROYECTO-API/vendor/codeigniter4/framework/system/Database/BaseBuilder.php(1616): CodeIgniter\Database\BaseConnection->query()
#4 /opt/lampp/htdocs/ADSO_N_2617510_G2/docs/trim7/PROYECTO-API-LATEST/PROYECTO-API/vendor/codeigniter4/framework/system/Model.php(271): CodeIgniter\Database\BaseBuilder->get()
#5 /opt/lampp/htdocs/ADSO_N_2617510_G2/docs/trim7/PROYECTO-API-LATEST/PROYECTO-API/vendor/codeigniter4/framework/system/BaseModel.php(679): CodeIgniter\Model->doFirst()
#6 /opt/lampp/htdocs/ADSO_N_2617510_G2/docs/trim7/PROYECTO-API-LATEST/PROYECTO-API/app/Controllers/Login.php(19): CodeIgniter\BaseModel->first()
#7 /opt/lampp/htdocs/ADSO_N_2617510_G2/docs/trim7/PROYECTO-API-LATEST/PROYECTO-API/vendor/codeigniter4/framework/system/CodeIgniter.php(943): App\Controllers\Login->index()
#8 /opt/lampp/htdocs/ADSO_N_2617510_G2/docs/trim7/PROYECTO-API-LATEST/PROYECTO-API/vendor/codeigniter4/framework/system/CodeIgniter.php(503): CodeIgniter\CodeIgniter->runController()
#9 /opt/lampp/htdocs/ADSO_N_2617510_G2/docs/trim7/PROYECTO-API-LATEST/PROYECTO-API/vendor/codeigniter4/framework/system/CodeIgniter.php(361): CodeIgniter\CodeIgniter->handleRequest()
#10 /opt/lampp/htdocs/ADSO_N_2617510_G2/docs/trim7/PROYECTO-API-LATEST/PROYECTO-API/public/index.php(79): CodeIgniter\CodeIgniter->run()
#11 /opt/lampp/htdocs/ADSO_N_2617510_G2/docs/trim7/PROYECTO-API-LATEST/PROYECTO-API/vendor/codeigniter4/framework/system/Commands/Server/rewrite.php(47): require_once('...')
#12 {main}

Next CodeIgniter\Database\Exceptions\DatabaseException: Connection refused in /opt/lampp/htdocs/ADSO_N_2617510_G2/docs/trim7/PROYECTO-API-LATEST/PROYECTO-API/vendor/codeigniter4/framework/system/Database/MySQLi/Connection.php:229
Stack trace:
#0 /opt/lampp/htdocs/ADSO_N_2617510_G2/docs/trim7/PROYECTO-API-LATEST/PROYECTO-API/vendor/codeigniter4/framework/system/Database/BaseConnection.php(392): CodeIgniter\Database\MySQLi\Connection->connect()
#1 /opt/lampp/htdocs/ADSO_N_2617510_G2/docs/trim7/PROYECTO-API-LATEST/PROYECTO-API/vendor/codeigniter4/framework/system/Database/BaseConnection.php(575): CodeIgniter\Database\BaseConnection->initialize()
#2 /opt/lampp/htdocs/ADSO_N_2617510_G2/docs/trim7/PROYECTO-API-LATEST/PROYECTO-API/vendor/codeigniter4/framework/system/Database/BaseBuilder.php(1616): CodeIgniter\Database\BaseConnection->query()
#3 /opt/lampp/htdocs/ADSO_N_2617510_G2/docs/trim7/PROYECTO-API-LATEST/PROYECTO-API/vendor/codeigniter4/framework/system/Model.php(271): CodeIgniter\Database\BaseBuilder->get()
#4 /opt/lampp/htdocs/ADSO_N_2617510_G2/docs/trim7/PROYECTO-API-LATEST/PROYECTO-API/vendor/codeigniter4/framework/system/BaseModel.php(679): CodeIgniter\Model->doFirst()
#5 /opt/lampp/htdocs/ADSO_N_2617510_G2/docs/trim7/PROYECTO-API-LATEST/PROYECTO-API/app/Controllers/Login.php(19): CodeIgniter\BaseModel->first()
#6 /opt/lampp/htdocs/ADSO_N_2617510_G2/docs/trim7/PROYECTO-API-LATEST/PROYECTO-API/vendor/codeigniter4/framework/system/CodeIgniter.php(943): App\Controllers\Login->index()
#7 /opt/lampp/htdocs/ADSO_N_2617510_G2/docs/trim7/PROYECTO-API-LATEST/PROYECTO-API/vendor/codeigniter4/framework/system/CodeIgniter.php(503): CodeIgniter\CodeIgniter->runController()
#8 /opt/lampp/htdocs/ADSO_N_2617510_G2/docs/trim7/PROYECTO-API-LATEST/PROYECTO-API/vendor/codeigniter4/framework/system/CodeIgniter.php(361): CodeIgniter\CodeIgniter->handleRequest()
#9 /opt/lampp/htdocs/ADSO_N_2617510_G2/docs/trim7/PROYECTO-API-LATEST/PROYECTO-API/public/index.php(79): CodeIgniter\CodeIgniter->run()
#10 /opt/lampp/htdocs/ADSO_N_2617510_G2/docs/trim7/PROYECTO-API-LATEST/PROYECTO-API/vendor/codeigniter4/framework/system/Commands/Server/rewrite.php(47): require_once('...')
#11 {main}
CRITICAL - 2024-09-20 00:29:33 --> CodeIgniter\Database\Exceptions\DatabaseException: Unable to connect to the database.
Main connection [MySQLi]: Connection refused
in SYSTEMPATH/Database/BaseConnection.php on line 428.
 1 SYSTEMPATH/Database/BaseConnection.php(575): CodeIgniter\Database\BaseConnection->initialize()
 2 SYSTEMPATH/Database/BaseBuilder.php(1616): CodeIgniter\Database\BaseConnection->query()
 3 SYSTEMPATH/Model.php(271): CodeIgniter\Database\BaseBuilder->get()
 4 SYSTEMPATH/BaseModel.php(679): CodeIgniter\Model->doFirst()
 5 APPPATH/Controllers/Login.php(19): CodeIgniter\BaseModel->first()
 6 SYSTEMPATH/CodeIgniter.php(943): App\Controllers\Login->index()
 7 SYSTEMPATH/CodeIgniter.php(503): CodeIgniter\CodeIgniter->runController()
 8 SYSTEMPATH/CodeIgniter.php(361): CodeIgniter\CodeIgniter->handleRequest()
 9 FCPATH/index.php(79): CodeIgniter\CodeIgniter->run()
10 SYSTEMPATH/Commands/Server/rewrite.php(47): require_once('/opt/lampp/htdocs/ADSO_N_2617510_G2/docs/trim7/PROYECTO-API-LATEST/PROYECTO-API/public/index.php')
ERROR - 2024-09-20 00:29:56 --> Error connecting to the database: mysqli_sql_exception: Connection refused in /opt/lampp/htdocs/ADSO_N_2617510_G2/docs/trim7/PROYECTO-API-LATEST/PROYECTO-API/vendor/codeigniter4/framework/system/Database/MySQLi/Connection.php:184
Stack trace:
#0 /opt/lampp/htdocs/ADSO_N_2617510_G2/docs/trim7/PROYECTO-API-LATEST/PROYECTO-API/vendor/codeigniter4/framework/system/Database/MySQLi/Connection.php(184): mysqli->real_connect()
#1 /opt/lampp/htdocs/ADSO_N_2617510_G2/docs/trim7/PROYECTO-API-LATEST/PROYECTO-API/vendor/codeigniter4/framework/system/Database/BaseConnection.php(392): CodeIgniter\Database\MySQLi\Connection->connect()
#2 /opt/lampp/htdocs/ADSO_N_2617510_G2/docs/trim7/PROYECTO-API-LATEST/PROYECTO-API/vendor/codeigniter4/framework/system/Database/BaseConnection.php(575): CodeIgniter\Database\BaseConnection->initialize()
#3 /opt/lampp/htdocs/ADSO_N_2617510_G2/docs/trim7/PROYECTO-API-LATEST/PROYECTO-API/vendor/codeigniter4/framework/system/Database/BaseBuilder.php(1616): CodeIgniter\Database\BaseConnection->query()
#4 /opt/lampp/htdocs/ADSO_N_2617510_G2/docs/trim7/PROYECTO-API-LATEST/PROYECTO-API/vendor/codeigniter4/framework/system/Model.php(271): CodeIgniter\Database\BaseBuilder->get()
#5 /opt/lampp/htdocs/ADSO_N_2617510_G2/docs/trim7/PROYECTO-API-LATEST/PROYECTO-API/vendor/codeigniter4/framework/system/BaseModel.php(679): CodeIgniter\Model->doFirst()
#6 /opt/lampp/htdocs/ADSO_N_2617510_G2/docs/trim7/PROYECTO-API-LATEST/PROYECTO-API/app/Controllers/Login.php(19): CodeIgniter\BaseModel->first()
#7 /opt/lampp/htdocs/ADSO_N_2617510_G2/docs/trim7/PROYECTO-API-LATEST/PROYECTO-API/vendor/codeigniter4/framework/system/CodeIgniter.php(943): App\Controllers\Login->index()
#8 /opt/lampp/htdocs/ADSO_N_2617510_G2/docs/trim7/PROYECTO-API-LATEST/PROYECTO-API/vendor/codeigniter4/framework/system/CodeIgniter.php(503): CodeIgniter\CodeIgniter->runController()
#9 /opt/lampp/htdocs/ADSO_N_2617510_G2/docs/trim7/PROYECTO-API-LATEST/PROYECTO-API/vendor/codeigniter4/framework/system/CodeIgniter.php(361): CodeIgniter\CodeIgniter->handleRequest()
#10 /opt/lampp/htdocs/ADSO_N_2617510_G2/docs/trim7/PROYECTO-API-LATEST/PROYECTO-API/public/index.php(79): CodeIgniter\CodeIgniter->run()
#11 /opt/lampp/htdocs/ADSO_N_2617510_G2/docs/trim7/PROYECTO-API-LATEST/PROYECTO-API/vendor/codeigniter4/framework/system/Commands/Server/rewrite.php(47): require_once('...')
#12 {main}

Next CodeIgniter\Database\Exceptions\DatabaseException: Connection refused in /opt/lampp/htdocs/ADSO_N_2617510_G2/docs/trim7/PROYECTO-API-LATEST/PROYECTO-API/vendor/codeigniter4/framework/system/Database/MySQLi/Connection.php:229
Stack trace:
#0 /opt/lampp/htdocs/ADSO_N_2617510_G2/docs/trim7/PROYECTO-API-LATEST/PROYECTO-API/vendor/codeigniter4/framework/system/Database/BaseConnection.php(392): CodeIgniter\Database\MySQLi\Connection->connect()
#1 /opt/lampp/htdocs/ADSO_N_2617510_G2/docs/trim7/PROYECTO-API-LATEST/PROYECTO-API/vendor/codeigniter4/framework/system/Database/BaseConnection.php(575): CodeIgniter\Database\BaseConnection->initialize()
#2 /opt/lampp/htdocs/ADSO_N_2617510_G2/docs/trim7/PROYECTO-API-LATEST/PROYECTO-API/vendor/codeigniter4/framework/system/Database/BaseBuilder.php(1616): CodeIgniter\Database\BaseConnection->query()
#3 /opt/lampp/htdocs/ADSO_N_2617510_G2/docs/trim7/PROYECTO-API-LATEST/PROYECTO-API/vendor/codeigniter4/framework/system/Model.php(271): CodeIgniter\Database\BaseBuilder->get()
#4 /opt/lampp/htdocs/ADSO_N_2617510_G2/docs/trim7/PROYECTO-API-LATEST/PROYECTO-API/vendor/codeigniter4/framework/system/BaseModel.php(679): CodeIgniter\Model->doFirst()
#5 /opt/lampp/htdocs/ADSO_N_2617510_G2/docs/trim7/PROYECTO-API-LATEST/PROYECTO-API/app/Controllers/Login.php(19): CodeIgniter\BaseModel->first()
#6 /opt/lampp/htdocs/ADSO_N_2617510_G2/docs/trim7/PROYECTO-API-LATEST/PROYECTO-API/vendor/codeigniter4/framework/system/CodeIgniter.php(943): App\Controllers\Login->index()
#7 /opt/lampp/htdocs/ADSO_N_2617510_G2/docs/trim7/PROYECTO-API-LATEST/PROYECTO-API/vendor/codeigniter4/framework/system/CodeIgniter.php(503): CodeIgniter\CodeIgniter->runController()
#8 /opt/lampp/htdocs/ADSO_N_2617510_G2/docs/trim7/PROYECTO-API-LATEST/PROYECTO-API/vendor/codeigniter4/framework/system/CodeIgniter.php(361): CodeIgniter\CodeIgniter->handleRequest()
#9 /opt/lampp/htdocs/ADSO_N_2617510_G2/docs/trim7/PROYECTO-API-LATEST/PROYECTO-API/public/index.php(79): CodeIgniter\CodeIgniter->run()
#10 /opt/lampp/htdocs/ADSO_N_2617510_G2/docs/trim7/PROYECTO-API-LATEST/PROYECTO-API/vendor/codeigniter4/framework/system/Commands/Server/rewrite.php(47): require_once('...')
#11 {main}
CRITICAL - 2024-09-20 00:29:56 --> CodeIgniter\Database\Exceptions\DatabaseException: Unable to connect to the database.
Main connection [MySQLi]: Connection refused
in SYSTEMPATH/Database/BaseConnection.php on line 428.
 1 SYSTEMPATH/Database/BaseConnection.php(575): CodeIgniter\Database\BaseConnection->initialize()
 2 SYSTEMPATH/Database/BaseBuilder.php(1616): CodeIgniter\Database\BaseConnection->query()
 3 SYSTEMPATH/Model.php(271): CodeIgniter\Database\BaseBuilder->get()
 4 SYSTEMPATH/BaseModel.php(679): CodeIgniter\Model->doFirst()
 5 APPPATH/Controllers/Login.php(19): CodeIgniter\BaseModel->first()
 6 SYSTEMPATH/CodeIgniter.php(943): App\Controllers\Login->index()
 7 SYSTEMPATH/CodeIgniter.php(503): CodeIgniter\CodeIgniter->runController()
 8 SYSTEMPATH/CodeIgniter.php(361): CodeIgniter\CodeIgniter->handleRequest()
 9 FCPATH/index.php(79): CodeIgniter\CodeIgniter->run()
10 SYSTEMPATH/Commands/Server/rewrite.php(47): require_once('/opt/lampp/htdocs/ADSO_N_2617510_G2/docs/trim7/PROYECTO-API-LATEST/PROYECTO-API/public/index.php')
ERROR - 2024-09-20 00:29:57 --> Error connecting to the database: mysqli_sql_exception: Connection refused in /opt/lampp/htdocs/ADSO_N_2617510_G2/docs/trim7/PROYECTO-API-LATEST/PROYECTO-API/vendor/codeigniter4/framework/system/Database/MySQLi/Connection.php:184
Stack trace:
#0 /opt/lampp/htdocs/ADSO_N_2617510_G2/docs/trim7/PROYECTO-API-LATEST/PROYECTO-API/vendor/codeigniter4/framework/system/Database/MySQLi/Connection.php(184): mysqli->real_connect()
#1 /opt/lampp/htdocs/ADSO_N_2617510_G2/docs/trim7/PROYECTO-API-LATEST/PROYECTO-API/vendor/codeigniter4/framework/system/Database/BaseConnection.php(392): CodeIgniter\Database\MySQLi\Connection->connect()
#2 /opt/lampp/htdocs/ADSO_N_2617510_G2/docs/trim7/PROYECTO-API-LATEST/PROYECTO-API/vendor/codeigniter4/framework/system/Database/BaseConnection.php(575): CodeIgniter\Database\BaseConnection->initialize()
#3 /opt/lampp/htdocs/ADSO_N_2617510_G2/docs/trim7/PROYECTO-API-LATEST/PROYECTO-API/vendor/codeigniter4/framework/system/Database/BaseBuilder.php(1616): CodeIgniter\Database\BaseConnection->query()
#4 /opt/lampp/htdocs/ADSO_N_2617510_G2/docs/trim7/PROYECTO-API-LATEST/PROYECTO-API/vendor/codeigniter4/framework/system/Model.php(271): CodeIgniter\Database\BaseBuilder->get()
#5 /opt/lampp/htdocs/ADSO_N_2617510_G2/docs/trim7/PROYECTO-API-LATEST/PROYECTO-API/vendor/codeigniter4/framework/system/BaseModel.php(679): CodeIgniter\Model->doFirst()
#6 /opt/lampp/htdocs/ADSO_N_2617510_G2/docs/trim7/PROYECTO-API-LATEST/PROYECTO-API/app/Controllers/Login.php(19): CodeIgniter\BaseModel->first()
#7 /opt/lampp/htdocs/ADSO_N_2617510_G2/docs/trim7/PROYECTO-API-LATEST/PROYECTO-API/vendor/codeigniter4/framework/system/CodeIgniter.php(943): App\Controllers\Login->index()
#8 /opt/lampp/htdocs/ADSO_N_2617510_G2/docs/trim7/PROYECTO-API-LATEST/PROYECTO-API/vendor/codeigniter4/framework/system/CodeIgniter.php(503): CodeIgniter\CodeIgniter->runController()
#9 /opt/lampp/htdocs/ADSO_N_2617510_G2/docs/trim7/PROYECTO-API-LATEST/PROYECTO-API/vendor/codeigniter4/framework/system/CodeIgniter.php(361): CodeIgniter\CodeIgniter->handleRequest()
#10 /opt/lampp/htdocs/ADSO_N_2617510_G2/docs/trim7/PROYECTO-API-LATEST/PROYECTO-API/public/index.php(79): CodeIgniter\CodeIgniter->run()
#11 /opt/lampp/htdocs/ADSO_N_2617510_G2/docs/trim7/PROYECTO-API-LATEST/PROYECTO-API/vendor/codeigniter4/framework/system/Commands/Server/rewrite.php(47): require_once('...')
#12 {main}

Next CodeIgniter\Database\Exceptions\DatabaseException: Connection refused in /opt/lampp/htdocs/ADSO_N_2617510_G2/docs/trim7/PROYECTO-API-LATEST/PROYECTO-API/vendor/codeigniter4/framework/system/Database/MySQLi/Connection.php:229
Stack trace:
#0 /opt/lampp/htdocs/ADSO_N_2617510_G2/docs/trim7/PROYECTO-API-LATEST/PROYECTO-API/vendor/codeigniter4/framework/system/Database/BaseConnection.php(392): CodeIgniter\Database\MySQLi\Connection->connect()
#1 /opt/lampp/htdocs/ADSO_N_2617510_G2/docs/trim7/PROYECTO-API-LATEST/PROYECTO-API/vendor/codeigniter4/framework/system/Database/BaseConnection.php(575): CodeIgniter\Database\BaseConnection->initialize()
#2 /opt/lampp/htdocs/ADSO_N_2617510_G2/docs/trim7/PROYECTO-API-LATEST/PROYECTO-API/vendor/codeigniter4/framework/system/Database/BaseBuilder.php(1616): CodeIgniter\Database\BaseConnection->query()
#3 /opt/lampp/htdocs/ADSO_N_2617510_G2/docs/trim7/PROYECTO-API-LATEST/PROYECTO-API/vendor/codeigniter4/framework/system/Model.php(271): CodeIgniter\Database\BaseBuilder->get()
#4 /opt/lampp/htdocs/ADSO_N_2617510_G2/docs/trim7/PROYECTO-API-LATEST/PROYECTO-API/vendor/codeigniter4/framework/system/BaseModel.php(679): CodeIgniter\Model->doFirst()
#5 /opt/lampp/htdocs/ADSO_N_2617510_G2/docs/trim7/PROYECTO-API-LATEST/PROYECTO-API/app/Controllers/Login.php(19): CodeIgniter\BaseModel->first()
#6 /opt/lampp/htdocs/ADSO_N_2617510_G2/docs/trim7/PROYECTO-API-LATEST/PROYECTO-API/vendor/codeigniter4/framework/system/CodeIgniter.php(943): App\Controllers\Login->index()
#7 /opt/lampp/htdocs/ADSO_N_2617510_G2/docs/trim7/PROYECTO-API-LATEST/PROYECTO-API/vendor/codeigniter4/framework/system/CodeIgniter.php(503): CodeIgniter\CodeIgniter->runController()
#8 /opt/lampp/htdocs/ADSO_N_2617510_G2/docs/trim7/PROYECTO-API-LATEST/PROYECTO-API/vendor/codeigniter4/framework/system/CodeIgniter.php(361): CodeIgniter\CodeIgniter->handleRequest()
#9 /opt/lampp/htdocs/ADSO_N_2617510_G2/docs/trim7/PROYECTO-API-LATEST/PROYECTO-API/public/index.php(79): CodeIgniter\CodeIgniter->run()
#10 /opt/lampp/htdocs/ADSO_N_2617510_G2/docs/trim7/PROYECTO-API-LATEST/PROYECTO-API/vendor/codeigniter4/framework/system/Commands/Server/rewrite.php(47): require_once('...')
#11 {main}
CRITICAL - 2024-09-20 00:29:57 --> CodeIgniter\Database\Exceptions\DatabaseException: Unable to connect to the database.
Main connection [MySQLi]: Connection refused
in SYSTEMPATH/Database/BaseConnection.php on line 428.
 1 SYSTEMPATH/Database/BaseConnection.php(575): CodeIgniter\Database\BaseConnection->initialize()
 2 SYSTEMPATH/Database/BaseBuilder.php(1616): CodeIgniter\Database\BaseConnection->query()
 3 SYSTEMPATH/Model.php(271): CodeIgniter\Database\BaseBuilder->get()
 4 SYSTEMPATH/BaseModel.php(679): CodeIgniter\Model->doFirst()
 5 APPPATH/Controllers/Login.php(19): CodeIgniter\BaseModel->first()
 6 SYSTEMPATH/CodeIgniter.php(943): App\Controllers\Login->index()
 7 SYSTEMPATH/CodeIgniter.php(503): CodeIgniter\CodeIgniter->runController()
 8 SYSTEMPATH/CodeIgniter.php(361): CodeIgniter\CodeIgniter->handleRequest()
 9 FCPATH/index.php(79): CodeIgniter\CodeIgniter->run()
10 SYSTEMPATH/Commands/Server/rewrite.php(47): require_once('/opt/lampp/htdocs/ADSO_N_2617510_G2/docs/trim7/PROYECTO-API-LATEST/PROYECTO-API/public/index.php')
CRITICAL - 2024-09-20 04:02:06 --> Error: Class "Locale" not found
in SYSTEMPATH/CodeIgniter.php on line 218.
 1 FCPATH/index.php(67): CodeIgniter\CodeIgniter->initialize()
CRITICAL - 2024-09-20 04:02:06 --> ErrorException: Uncaught Error: Class "Locale" not found in /var/www/html/ADSO_N_2617510_G2/docs/trim7/PROYECTO-API-LATEST/PROYECTO-API/vendor/codeigniter4/framework/system/Helpers/number_helper.php:137
Stack trace:
#0 /var/www/html/ADSO_N_2617510_G2/docs/trim7/PROYECTO-API-LATEST/PROYECTO-API/vendor/codeigniter4/framework/system/Helpers/number_helper.php(56): format_number()
#1 /var/www/html/ADSO_N_2617510_G2/docs/trim7/PROYECTO-API-LATEST/PROYECTO-API/vendor/codeigniter4/framework/system/Debug/BaseExceptionHandler.php(152): number_to_size()
#2 /var/www/html/ADSO_N_2617510_G2/docs/trim7/PROYECTO-API-LATEST/PROYECTO-API/app/Views/errors/html/error_exception.php(390): CodeIgniter\Debug\BaseExceptionHandler::describeMemory()
#3 /var/www/html/ADSO_N_2617510_G2/docs/trim7/PROYECTO-API-LATEST/PROYECTO-API/vendor/codeigniter4/framework/system/Debug/BaseExceptionHandler.php(258): include('...')
#4 /var/www/html/ADSO_N_2617510_G2/docs/trim7/PROYECTO-API-LATEST/PROYECTO-API/vendor/codeigniter4/framework/system/Debug/BaseExceptionHandler.php(261): CodeIgniter\Debug\BaseExceptionHandler->CodeIgniter\Debug\{closure}()
#5 /var/www/html/ADSO_N_2617510_G2/docs/trim7/PROYECTO-API-LATEST/PROYECTO-API/vendor/codeigniter4/framework/system/Debug/ExceptionHandler.php(112): CodeIgniter\Debug\BaseExceptionHandler->render()
#6 /var/www/html/ADSO_N_2617510_G2/docs/trim7/PROYECTO-API-LATEST/PROYECTO-API/vendor/codeigniter4/framework/system/Debug/Exceptions.php(156): CodeIgniter\Debug\ExceptionHandler->handle()
#7 [internal function]: CodeIgniter\Debug\Exceptions->exceptionHandler()
#8 {main}
  thrown
【Previous Exception】
Error
Class "Locale" not found
#0 /var/www/html/ADSO_N_2617510_G2/docs/trim7/PROYECTO-API-LATEST/PROYECTO-API/public/index.php(67): CodeIgniter\CodeIgniter->initialize()
#1 {main}
in SYSTEMPATH/Helpers/number_helper.php on line 137.
 1 [internal function]: CodeIgniter\Debug\Exceptions->shutdownHandler()
CRITICAL - 2024-09-20 04:02:10 --> Error: Class "Locale" not found
in SYSTEMPATH/CodeIgniter.php on line 218.
 1 FCPATH/index.php(67): CodeIgniter\CodeIgniter->initialize()
CRITICAL - 2024-09-20 04:02:10 --> ErrorException: Uncaught Error: Class "Locale" not found in /var/www/html/ADSO_N_2617510_G2/docs/trim7/PROYECTO-API-LATEST/PROYECTO-API/vendor/codeigniter4/framework/system/Helpers/number_helper.php:137
Stack trace:
#0 /var/www/html/ADSO_N_2617510_G2/docs/trim7/PROYECTO-API-LATEST/PROYECTO-API/vendor/codeigniter4/framework/system/Helpers/number_helper.php(56): format_number()
#1 /var/www/html/ADSO_N_2617510_G2/docs/trim7/PROYECTO-API-LATEST/PROYECTO-API/vendor/codeigniter4/framework/system/Debug/BaseExceptionHandler.php(152): number_to_size()
#2 /var/www/html/ADSO_N_2617510_G2/docs/trim7/PROYECTO-API-LATEST/PROYECTO-API/app/Views/errors/html/error_exception.php(390): CodeIgniter\Debug\BaseExceptionHandler::describeMemory()
#3 /var/www/html/ADSO_N_2617510_G2/docs/trim7/PROYECTO-API-LATEST/PROYECTO-API/vendor/codeigniter4/framework/system/Debug/BaseExceptionHandler.php(258): include('...')
#4 /var/www/html/ADSO_N_2617510_G2/docs/trim7/PROYECTO-API-LATEST/PROYECTO-API/vendor/codeigniter4/framework/system/Debug/BaseExceptionHandler.php(261): CodeIgniter\Debug\BaseExceptionHandler->CodeIgniter\Debug\{closure}()
#5 /var/www/html/ADSO_N_2617510_G2/docs/trim7/PROYECTO-API-LATEST/PROYECTO-API/vendor/codeigniter4/framework/system/Debug/ExceptionHandler.php(112): CodeIgniter\Debug\BaseExceptionHandler->render()
#6 /var/www/html/ADSO_N_2617510_G2/docs/trim7/PROYECTO-API-LATEST/PROYECTO-API/vendor/codeigniter4/framework/system/Debug/Exceptions.php(156): CodeIgniter\Debug\ExceptionHandler->handle()
#7 [internal function]: CodeIgniter\Debug\Exceptions->exceptionHandler()
#8 {main}
  thrown
【Previous Exception】
Error
Class "Locale" not found
#0 /var/www/html/ADSO_N_2617510_G2/docs/trim7/PROYECTO-API-LATEST/PROYECTO-API/public/index.php(67): CodeIgniter\CodeIgniter->initialize()
#1 {main}
in SYSTEMPATH/Helpers/number_helper.php on line 137.
 1 [internal function]: CodeIgniter\Debug\Exceptions->shutdownHandler()
CRITICAL - 2024-09-20 04:02:33 --> Error: Class "Locale" not found
in SYSTEMPATH/CodeIgniter.php on line 218.
 1 FCPATH/index.php(67): CodeIgniter\CodeIgniter->initialize()
CRITICAL - 2024-09-20 04:02:33 --> ErrorException: Uncaught Error: Class "Locale" not found in /var/www/html/ADSO_N_2617510_G2/docs/trim7/PROYECTO-API-LATEST/PROYECTO-API/vendor/codeigniter4/framework/system/Helpers/number_helper.php:137
Stack trace:
#0 /var/www/html/ADSO_N_2617510_G2/docs/trim7/PROYECTO-API-LATEST/PROYECTO-API/vendor/codeigniter4/framework/system/Helpers/number_helper.php(56): format_number()
#1 /var/www/html/ADSO_N_2617510_G2/docs/trim7/PROYECTO-API-LATEST/PROYECTO-API/vendor/codeigniter4/framework/system/Debug/BaseExceptionHandler.php(152): number_to_size()
#2 /var/www/html/ADSO_N_2617510_G2/docs/trim7/PROYECTO-API-LATEST/PROYECTO-API/app/Views/errors/html/error_exception.php(390): CodeIgniter\Debug\BaseExceptionHandler::describeMemory()
#3 /var/www/html/ADSO_N_2617510_G2/docs/trim7/PROYECTO-API-LATEST/PROYECTO-API/vendor/codeigniter4/framework/system/Debug/BaseExceptionHandler.php(258): include('...')
#4 /var/www/html/ADSO_N_2617510_G2/docs/trim7/PROYECTO-API-LATEST/PROYECTO-API/vendor/codeigniter4/framework/system/Debug/BaseExceptionHandler.php(261): CodeIgniter\Debug\BaseExceptionHandler->CodeIgniter\Debug\{closure}()
#5 /var/www/html/ADSO_N_2617510_G2/docs/trim7/PROYECTO-API-LATEST/PROYECTO-API/vendor/codeigniter4/framework/system/Debug/ExceptionHandler.php(112): CodeIgniter\Debug\BaseExceptionHandler->render()
#6 /var/www/html/ADSO_N_2617510_G2/docs/trim7/PROYECTO-API-LATEST/PROYECTO-API/vendor/codeigniter4/framework/system/Debug/Exceptions.php(156): CodeIgniter\Debug\ExceptionHandler->handle()
#7 [internal function]: CodeIgniter\Debug\Exceptions->exceptionHandler()
#8 {main}
  thrown
【Previous Exception】
Error
Class "Locale" not found
#0 /var/www/html/ADSO_N_2617510_G2/docs/trim7/PROYECTO-API-LATEST/PROYECTO-API/public/index.php(67): CodeIgniter\CodeIgniter->initialize()
#1 {main}
in SYSTEMPATH/Helpers/number_helper.php on line 137.
 1 [internal function]: CodeIgniter\Debug\Exceptions->shutdownHandler()
CRITICAL - 2024-09-20 04:20:58 --> Error: Call to undefined function CodeIgniter\CLI\mb_strpos()
in SYSTEMPATH/CLI/CLI.php on line 906.
 1 SYSTEMPATH/CLI/CLI.php(175): CodeIgniter\CLI\CLI::parseCommandLine()
 2 SYSTEMPATH/CLI/CLI.php(1153): CodeIgniter\CLI\CLI::init()
 3 SYSTEMPATH/Autoloader/Autoloader.php(311): include_once('/var/www/html/ADSO_N_2617510_G2/docs/trim7/PROYECTO-API-LATEST/PROYECTO-API/vendor/codeigniter4/framework/system/CLI/CLI.php')
 4 SYSTEMPATH/Autoloader/Autoloader.php(253): CodeIgniter\Autoloader\Autoloader->includeFile()
 5 SYSTEMPATH/CLI/Console.php(60): CodeIgniter\Autoloader\Autoloader->loadClassmap()
 6 ROOTPATH/spark(99): CodeIgniter\CLI\Console->showHeader()
CRITICAL - 2024-09-20 04:21:49 --> Error: Call to undefined function CodeIgniter\CLI\mb_strpos()
in SYSTEMPATH/CLI/CLI.php on line 906.
 1 SYSTEMPATH/CLI/CLI.php(175): CodeIgniter\CLI\CLI::parseCommandLine()
 2 SYSTEMPATH/CLI/CLI.php(1153): CodeIgniter\CLI\CLI::init()
 3 SYSTEMPATH/Autoloader/Autoloader.php(311): include_once('/var/www/html/ADSO_N_2617510_G2/docs/trim7/PROYECTO-API-LATEST/PROYECTO-API/vendor/codeigniter4/framework/system/CLI/CLI.php')
 4 SYSTEMPATH/Autoloader/Autoloader.php(253): CodeIgniter\Autoloader\Autoloader->includeFile()
 5 SYSTEMPATH/CLI/Console.php(60): CodeIgniter\Autoloader\Autoloader->loadClassmap()
 6 ROOTPATH/spark(99): CodeIgniter\CLI\Console->showHeader()
ERROR - 2024-09-20 04:24:00 --> Error connecting to the database: mysqli_sql_exception: Access denied for user 'root'@'192.168.1.9' (using password: YES) in /var/www/html/ADSO_N_2617510_G2/docs/trim7/PROYECTO-API-LATEST/PROYECTO-API/vendor/codeigniter4/framework/system/Database/MySQLi/Connection.php:184
Stack trace:
#0 /var/www/html/ADSO_N_2617510_G2/docs/trim7/PROYECTO-API-LATEST/PROYECTO-API/vendor/codeigniter4/framework/system/Database/MySQLi/Connection.php(184): mysqli->real_connect()
#1 /var/www/html/ADSO_N_2617510_G2/docs/trim7/PROYECTO-API-LATEST/PROYECTO-API/vendor/codeigniter4/framework/system/Database/BaseConnection.php(392): CodeIgniter\Database\MySQLi\Connection->connect()
#2 /var/www/html/ADSO_N_2617510_G2/docs/trim7/PROYECTO-API-LATEST/PROYECTO-API/vendor/codeigniter4/framework/system/Database/BaseConnection.php(575): CodeIgniter\Database\BaseConnection->initialize()
#3 /var/www/html/ADSO_N_2617510_G2/docs/trim7/PROYECTO-API-LATEST/PROYECTO-API/vendor/codeigniter4/framework/system/Database/BaseConnection.php(1410): CodeIgniter\Database\BaseConnection->query()
#4 /var/www/html/ADSO_N_2617510_G2/docs/trim7/PROYECTO-API-LATEST/PROYECTO-API/vendor/codeigniter4/framework/system/Database/BaseConnection.php(1429): CodeIgniter\Database\BaseConnection->listTables()
#5 /var/www/html/ADSO_N_2617510_G2/docs/trim7/PROYECTO-API-LATEST/PROYECTO-API/vendor/codeigniter4/framework/system/Database/MigrationRunner.php(757): CodeIgniter\Database\BaseConnection->tableExists()
#6 /var/www/html/ADSO_N_2617510_G2/docs/trim7/PROYECTO-API-LATEST/PROYECTO-API/vendor/codeigniter4/framework/system/Database/MigrationRunner.php(161): CodeIgniter\Database\MigrationRunner->ensureTable()
#7 /var/www/html/ADSO_N_2617510_G2/docs/trim7/PROYECTO-API-LATEST/PROYECTO-API/vendor/codeigniter4/framework/system/Commands/Database/Migrate.php(84): CodeIgniter\Database\MigrationRunner->latest()
#8 /var/www/html/ADSO_N_2617510_G2/docs/trim7/PROYECTO-API-LATEST/PROYECTO-API/vendor/codeigniter4/framework/system/CLI/Commands.php(65): CodeIgniter\Commands\Database\Migrate->run()
#9 /var/www/html/ADSO_N_2617510_G2/docs/trim7/PROYECTO-API-LATEST/PROYECTO-API/vendor/codeigniter4/framework/system/CLI/Console.php(46): CodeIgniter\CLI\Commands->run()
#10 /var/www/html/ADSO_N_2617510_G2/docs/trim7/PROYECTO-API-LATEST/PROYECTO-API/spark(102): CodeIgniter\CLI\Console->run()
#11 {main}

Next CodeIgniter\Database\Exceptions\DatabaseException: Access denied for user '****'@'192.168.1.9' (using password: YES) in /var/www/html/ADSO_N_2617510_G2/docs/trim7/PROYECTO-API-LATEST/PROYECTO-API/vendor/codeigniter4/framework/system/Database/MySQLi/Connection.php:229
Stack trace:
#0 /var/www/html/ADSO_N_2617510_G2/docs/trim7/PROYECTO-API-LATEST/PROYECTO-API/vendor/codeigniter4/framework/system/Database/BaseConnection.php(392): CodeIgniter\Database\MySQLi\Connection->connect()
#1 /var/www/html/ADSO_N_2617510_G2/docs/trim7/PROYECTO-API-LATEST/PROYECTO-API/vendor/codeigniter4/framework/system/Database/BaseConnection.php(575): CodeIgniter\Database\BaseConnection->initialize()
#2 /var/www/html/ADSO_N_2617510_G2/docs/trim7/PROYECTO-API-LATEST/PROYECTO-API/vendor/codeigniter4/framework/system/Database/BaseConnection.php(1410): CodeIgniter\Database\BaseConnection->query()
#3 /var/www/html/ADSO_N_2617510_G2/docs/trim7/PROYECTO-API-LATEST/PROYECTO-API/vendor/codeigniter4/framework/system/Database/BaseConnection.php(1429): CodeIgniter\Database\BaseConnection->listTables()
#4 /var/www/html/ADSO_N_2617510_G2/docs/trim7/PROYECTO-API-LATEST/PROYECTO-API/vendor/codeigniter4/framework/system/Database/MigrationRunner.php(757): CodeIgniter\Database\BaseConnection->tableExists()
#5 /var/www/html/ADSO_N_2617510_G2/docs/trim7/PROYECTO-API-LATEST/PROYECTO-API/vendor/codeigniter4/framework/system/Database/MigrationRunner.php(161): CodeIgniter\Database\MigrationRunner->ensureTable()
#6 /var/www/html/ADSO_N_2617510_G2/docs/trim7/PROYECTO-API-LATEST/PROYECTO-API/vendor/codeigniter4/framework/system/Commands/Database/Migrate.php(84): CodeIgniter\Database\MigrationRunner->latest()
#7 /var/www/html/ADSO_N_2617510_G2/docs/trim7/PROYECTO-API-LATEST/PROYECTO-API/vendor/codeigniter4/framework/system/CLI/Commands.php(65): CodeIgniter\Commands\Database\Migrate->run()
#8 /var/www/html/ADSO_N_2617510_G2/docs/trim7/PROYECTO-API-LATEST/PROYECTO-API/vendor/codeigniter4/framework/system/CLI/Console.php(46): CodeIgniter\CLI\Commands->run()
#9 /var/www/html/ADSO_N_2617510_G2/docs/trim7/PROYECTO-API-LATEST/PROYECTO-API/spark(102): CodeIgniter\CLI\Console->run()
#10 {main}
ERROR - 2024-09-20 04:26:23 --> Error connecting to the database: mysqli_sql_exception: Access denied for user 'root'@'192.168.1.9' (using password: YES) in /var/www/html/ADSO_N_2617510_G2/docs/trim7/PROYECTO-API-LATEST/PROYECTO-API/vendor/codeigniter4/framework/system/Database/MySQLi/Connection.php:184
Stack trace:
#0 /var/www/html/ADSO_N_2617510_G2/docs/trim7/PROYECTO-API-LATEST/PROYECTO-API/vendor/codeigniter4/framework/system/Database/MySQLi/Connection.php(184): mysqli->real_connect()
#1 /var/www/html/ADSO_N_2617510_G2/docs/trim7/PROYECTO-API-LATEST/PROYECTO-API/vendor/codeigniter4/framework/system/Database/BaseConnection.php(392): CodeIgniter\Database\MySQLi\Connection->connect()
#2 /var/www/html/ADSO_N_2617510_G2/docs/trim7/PROYECTO-API-LATEST/PROYECTO-API/vendor/codeigniter4/framework/system/Database/BaseConnection.php(575): CodeIgniter\Database\BaseConnection->initialize()
#3 /var/www/html/ADSO_N_2617510_G2/docs/trim7/PROYECTO-API-LATEST/PROYECTO-API/vendor/codeigniter4/framework/system/Database/BaseConnection.php(1410): CodeIgniter\Database\BaseConnection->query()
#4 /var/www/html/ADSO_N_2617510_G2/docs/trim7/PROYECTO-API-LATEST/PROYECTO-API/vendor/codeigniter4/framework/system/Database/BaseConnection.php(1429): CodeIgniter\Database\BaseConnection->listTables()
#5 /var/www/html/ADSO_N_2617510_G2/docs/trim7/PROYECTO-API-LATEST/PROYECTO-API/vendor/codeigniter4/framework/system/Database/MigrationRunner.php(757): CodeIgniter\Database\BaseConnection->tableExists()
#6 /var/www/html/ADSO_N_2617510_G2/docs/trim7/PROYECTO-API-LATEST/PROYECTO-API/vendor/codeigniter4/framework/system/Database/MigrationRunner.php(161): CodeIgniter\Database\MigrationRunner->ensureTable()
#7 /var/www/html/ADSO_N_2617510_G2/docs/trim7/PROYECTO-API-LATEST/PROYECTO-API/vendor/codeigniter4/framework/system/Commands/Database/Migrate.php(84): CodeIgniter\Database\MigrationRunner->latest()
#8 /var/www/html/ADSO_N_2617510_G2/docs/trim7/PROYECTO-API-LATEST/PROYECTO-API/vendor/codeigniter4/framework/system/CLI/Commands.php(65): CodeIgniter\Commands\Database\Migrate->run()
#9 /var/www/html/ADSO_N_2617510_G2/docs/trim7/PROYECTO-API-LATEST/PROYECTO-API/vendor/codeigniter4/framework/system/CLI/Console.php(46): CodeIgniter\CLI\Commands->run()
#10 /var/www/html/ADSO_N_2617510_G2/docs/trim7/PROYECTO-API-LATEST/PROYECTO-API/spark(102): CodeIgniter\CLI\Console->run()
#11 {main}

Next CodeIgniter\Database\Exceptions\DatabaseException: Access denied for user '****'@'192.168.1.9' (using password: YES) in /var/www/html/ADSO_N_2617510_G2/docs/trim7/PROYECTO-API-LATEST/PROYECTO-API/vendor/codeigniter4/framework/system/Database/MySQLi/Connection.php:229
Stack trace:
#0 /var/www/html/ADSO_N_2617510_G2/docs/trim7/PROYECTO-API-LATEST/PROYECTO-API/vendor/codeigniter4/framework/system/Database/BaseConnection.php(392): CodeIgniter\Database\MySQLi\Connection->connect()
#1 /var/www/html/ADSO_N_2617510_G2/docs/trim7/PROYECTO-API-LATEST/PROYECTO-API/vendor/codeigniter4/framework/system/Database/BaseConnection.php(575): CodeIgniter\Database\BaseConnection->initialize()
#2 /var/www/html/ADSO_N_2617510_G2/docs/trim7/PROYECTO-API-LATEST/PROYECTO-API/vendor/codeigniter4/framework/system/Database/BaseConnection.php(1410): CodeIgniter\Database\BaseConnection->query()
#3 /var/www/html/ADSO_N_2617510_G2/docs/trim7/PROYECTO-API-LATEST/PROYECTO-API/vendor/codeigniter4/framework/system/Database/BaseConnection.php(1429): CodeIgniter\Database\BaseConnection->listTables()
#4 /var/www/html/ADSO_N_2617510_G2/docs/trim7/PROYECTO-API-LATEST/PROYECTO-API/vendor/codeigniter4/framework/system/Database/MigrationRunner.php(757): CodeIgniter\Database\BaseConnection->tableExists()
#5 /var/www/html/ADSO_N_2617510_G2/docs/trim7/PROYECTO-API-LATEST/PROYECTO-API/vendor/codeigniter4/framework/system/Database/MigrationRunner.php(161): CodeIgniter\Database\MigrationRunner->ensureTable()
#6 /var/www/html/ADSO_N_2617510_G2/docs/trim7/PROYECTO-API-LATEST/PROYECTO-API/vendor/codeigniter4/framework/system/Commands/Database/Migrate.php(84): CodeIgniter\Database\MigrationRunner->latest()
#7 /var/www/html/ADSO_N_2617510_G2/docs/trim7/PROYECTO-API-LATEST/PROYECTO-API/vendor/codeigniter4/framework/system/CLI/Commands.php(65): CodeIgniter\Commands\Database\Migrate->run()
#8 /var/www/html/ADSO_N_2617510_G2/docs/trim7/PROYECTO-API-LATEST/PROYECTO-API/vendor/codeigniter4/framework/system/CLI/Console.php(46): CodeIgniter\CLI\Commands->run()
#9 /var/www/html/ADSO_N_2617510_G2/docs/trim7/PROYECTO-API-LATEST/PROYECTO-API/spark(102): CodeIgniter\CLI\Console->run()
#10 {main}
ERROR - 2024-09-20 04:29:24 --> Error connecting to the database: mysqli_sql_exception: Access denied for user 'apcr'@'192.168.1.9' (using password: YES) in /var/www/html/ADSO_N_2617510_G2/docs/trim7/PROYECTO-API-LATEST/PROYECTO-API/vendor/codeigniter4/framework/system/Database/MySQLi/Connection.php:184
Stack trace:
#0 /var/www/html/ADSO_N_2617510_G2/docs/trim7/PROYECTO-API-LATEST/PROYECTO-API/vendor/codeigniter4/framework/system/Database/MySQLi/Connection.php(184): mysqli->real_connect()
#1 /var/www/html/ADSO_N_2617510_G2/docs/trim7/PROYECTO-API-LATEST/PROYECTO-API/vendor/codeigniter4/framework/system/Database/BaseConnection.php(392): CodeIgniter\Database\MySQLi\Connection->connect()
#2 /var/www/html/ADSO_N_2617510_G2/docs/trim7/PROYECTO-API-LATEST/PROYECTO-API/vendor/codeigniter4/framework/system/Database/BaseConnection.php(575): CodeIgniter\Database\BaseConnection->initialize()
#3 /var/www/html/ADSO_N_2617510_G2/docs/trim7/PROYECTO-API-LATEST/PROYECTO-API/vendor/codeigniter4/framework/system/Database/BaseConnection.php(1410): CodeIgniter\Database\BaseConnection->query()
#4 /var/www/html/ADSO_N_2617510_G2/docs/trim7/PROYECTO-API-LATEST/PROYECTO-API/vendor/codeigniter4/framework/system/Database/BaseConnection.php(1429): CodeIgniter\Database\BaseConnection->listTables()
#5 /var/www/html/ADSO_N_2617510_G2/docs/trim7/PROYECTO-API-LATEST/PROYECTO-API/vendor/codeigniter4/framework/system/Database/MigrationRunner.php(757): CodeIgniter\Database\BaseConnection->tableExists()
#6 /var/www/html/ADSO_N_2617510_G2/docs/trim7/PROYECTO-API-LATEST/PROYECTO-API/vendor/codeigniter4/framework/system/Database/MigrationRunner.php(161): CodeIgniter\Database\MigrationRunner->ensureTable()
#7 /var/www/html/ADSO_N_2617510_G2/docs/trim7/PROYECTO-API-LATEST/PROYECTO-API/vendor/codeigniter4/framework/system/Commands/Database/Migrate.php(84): CodeIgniter\Database\MigrationRunner->latest()
#8 /var/www/html/ADSO_N_2617510_G2/docs/trim7/PROYECTO-API-LATEST/PROYECTO-API/vendor/codeigniter4/framework/system/CLI/Commands.php(65): CodeIgniter\Commands\Database\Migrate->run()
#9 /var/www/html/ADSO_N_2617510_G2/docs/trim7/PROYECTO-API-LATEST/PROYECTO-API/vendor/codeigniter4/framework/system/CLI/Console.php(46): CodeIgniter\CLI\Commands->run()
#10 /var/www/html/ADSO_N_2617510_G2/docs/trim7/PROYECTO-API-LATEST/PROYECTO-API/spark(102): CodeIgniter\CLI\Console->run()
#11 {main}

Next CodeIgniter\Database\Exceptions\DatabaseException: Access denied for user '****'@'192.168.1.9' (using password: YES) in /var/www/html/ADSO_N_2617510_G2/docs/trim7/PROYECTO-API-LATEST/PROYECTO-API/vendor/codeigniter4/framework/system/Database/MySQLi/Connection.php:229
Stack trace:
#0 /var/www/html/ADSO_N_2617510_G2/docs/trim7/PROYECTO-API-LATEST/PROYECTO-API/vendor/codeigniter4/framework/system/Database/BaseConnection.php(392): CodeIgniter\Database\MySQLi\Connection->connect()
#1 /var/www/html/ADSO_N_2617510_G2/docs/trim7/PROYECTO-API-LATEST/PROYECTO-API/vendor/codeigniter4/framework/system/Database/BaseConnection.php(575): CodeIgniter\Database\BaseConnection->initialize()
#2 /var/www/html/ADSO_N_2617510_G2/docs/trim7/PROYECTO-API-LATEST/PROYECTO-API/vendor/codeigniter4/framework/system/Database/BaseConnection.php(1410): CodeIgniter\Database\BaseConnection->query()
#3 /var/www/html/ADSO_N_2617510_G2/docs/trim7/PROYECTO-API-LATEST/PROYECTO-API/vendor/codeigniter4/framework/system/Database/BaseConnection.php(1429): CodeIgniter\Database\BaseConnection->listTables()
#4 /var/www/html/ADSO_N_2617510_G2/docs/trim7/PROYECTO-API-LATEST/PROYECTO-API/vendor/codeigniter4/framework/system/Database/MigrationRunner.php(757): CodeIgniter\Database\BaseConnection->tableExists()
#5 /var/www/html/ADSO_N_2617510_G2/docs/trim7/PROYECTO-API-LATEST/PROYECTO-API/vendor/codeigniter4/framework/system/Database/MigrationRunner.php(161): CodeIgniter\Database\MigrationRunner->ensureTable()
#6 /var/www/html/ADSO_N_2617510_G2/docs/trim7/PROYECTO-API-LATEST/PROYECTO-API/vendor/codeigniter4/framework/system/Commands/Database/Migrate.php(84): CodeIgniter\Database\MigrationRunner->latest()
#7 /var/www/html/ADSO_N_2617510_G2/docs/trim7/PROYECTO-API-LATEST/PROYECTO-API/vendor/codeigniter4/framework/system/CLI/Commands.php(65): CodeIgniter\Commands\Database\Migrate->run()
#8 /var/www/html/ADSO_N_2617510_G2/docs/trim7/PROYECTO-API-LATEST/PROYECTO-API/vendor/codeigniter4/framework/system/CLI/Console.php(46): CodeIgniter\CLI\Commands->run()
#9 /var/www/html/ADSO_N_2617510_G2/docs/trim7/PROYECTO-API-LATEST/PROYECTO-API/spark(102): CodeIgniter\CLI\Console->run()
#10 {main}
CRITICAL - 2024-09-20 14:12:32 --> Firebase\JWT\ExpiredException: Expired token
in VENDORPATH/firebase/php-jwt/src/JWT.php on line 176.
 1 APPPATH/Filters/AuthFilter.php(48): Firebase\JWT\JWT::decode()
 2 SYSTEMPATH/Filters/Filters.php(182): App\Filters\AuthFilter->before()
 3 SYSTEMPATH/CodeIgniter.php(475): CodeIgniter\Filters\Filters->run()
 4 SYSTEMPATH/CodeIgniter.php(361): CodeIgniter\CodeIgniter->handleRequest()
 5 FCPATH/index.php(79): CodeIgniter\CodeIgniter->run()
 6 SYSTEMPATH/Commands/Server/rewrite.php(47): require_once('/var/www/html/ADSO_N_2617510_G2/docs/trim7/PROYECTO-API-LATEST/PROYECTO-API/public/index.php')
CRITICAL - 2024-09-20 15:02:58 --> Firebase\JWT\ExpiredException: Expired token
in VENDORPATH/firebase/php-jwt/src/JWT.php on line 176.
 1 APPPATH/Filters/AuthFilter.php(48): Firebase\JWT\JWT::decode()
 2 SYSTEMPATH/Filters/Filters.php(182): App\Filters\AuthFilter->before()
 3 SYSTEMPATH/CodeIgniter.php(475): CodeIgniter\Filters\Filters->run()
 4 SYSTEMPATH/CodeIgniter.php(361): CodeIgniter\CodeIgniter->handleRequest()
 5 FCPATH/index.php(79): CodeIgniter\CodeIgniter->run()
 6 SYSTEMPATH/Commands/Server/rewrite.php(47): require_once('/var/www/html/ADSO_N_2617510_G2/docs/trim7/PROYECTO-API-LATEST/PROYECTO-API/public/index.php')
CRITICAL - 2024-09-20 15:23:04 --> Firebase\JWT\ExpiredException: Expired token
in VENDORPATH/firebase/php-jwt/src/JWT.php on line 176.
 1 APPPATH/Filters/AuthFilter.php(48): Firebase\JWT\JWT::decode()
 2 SYSTEMPATH/Filters/Filters.php(182): App\Filters\AuthFilter->before()
 3 SYSTEMPATH/CodeIgniter.php(475): CodeIgniter\Filters\Filters->run()
 4 SYSTEMPATH/CodeIgniter.php(361): CodeIgniter\CodeIgniter->handleRequest()
 5 FCPATH/index.php(79): CodeIgniter\CodeIgniter->run()
 6 SYSTEMPATH/Commands/Server/rewrite.php(47): require_once('/var/www/html/ADSO_N_2617510_G2/docs/trim7/PROYECTO-API-LATEST/PROYECTO-API/public/index.php')
CRITICAL - 2024-09-20 15:23:06 --> Firebase\JWT\ExpiredException: Expired token
in VENDORPATH/firebase/php-jwt/src/JWT.php on line 176.
 1 APPPATH/Filters/AuthFilter.php(48): Firebase\JWT\JWT::decode()
 2 SYSTEMPATH/Filters/Filters.php(182): App\Filters\AuthFilter->before()
 3 SYSTEMPATH/CodeIgniter.php(475): CodeIgniter\Filters\Filters->run()
 4 SYSTEMPATH/CodeIgniter.php(361): CodeIgniter\CodeIgniter->handleRequest()
 5 FCPATH/index.php(79): CodeIgniter\CodeIgniter->run()
 6 SYSTEMPATH/Commands/Server/rewrite.php(47): require_once('/var/www/html/ADSO_N_2617510_G2/docs/trim7/PROYECTO-API-LATEST/PROYECTO-API/public/index.php')
CRITICAL - 2024-09-20 15:23:07 --> Firebase\JWT\ExpiredException: Expired token
in VENDORPATH/firebase/php-jwt/src/JWT.php on line 176.
 1 APPPATH/Filters/AuthFilter.php(48): Firebase\JWT\JWT::decode()
 2 SYSTEMPATH/Filters/Filters.php(182): App\Filters\AuthFilter->before()
 3 SYSTEMPATH/CodeIgniter.php(475): CodeIgniter\Filters\Filters->run()
 4 SYSTEMPATH/CodeIgniter.php(361): CodeIgniter\CodeIgniter->handleRequest()
 5 FCPATH/index.php(79): CodeIgniter\CodeIgniter->run()
 6 SYSTEMPATH/Commands/Server/rewrite.php(47): require_once('/var/www/html/ADSO_N_2617510_G2/docs/trim7/PROYECTO-API-LATEST/PROYECTO-API/public/index.php')
CRITICAL - 2024-09-20 15:23:08 --> Firebase\JWT\ExpiredException: Expired token
in VENDORPATH/firebase/php-jwt/src/JWT.php on line 176.
 1 APPPATH/Filters/AuthFilter.php(48): Firebase\JWT\JWT::decode()
 2 SYSTEMPATH/Filters/Filters.php(182): App\Filters\AuthFilter->before()
 3 SYSTEMPATH/CodeIgniter.php(475): CodeIgniter\Filters\Filters->run()
 4 SYSTEMPATH/CodeIgniter.php(361): CodeIgniter\CodeIgniter->handleRequest()
 5 FCPATH/index.php(79): CodeIgniter\CodeIgniter->run()
 6 SYSTEMPATH/Commands/Server/rewrite.php(47): require_once('/var/www/html/ADSO_N_2617510_G2/docs/trim7/PROYECTO-API-LATEST/PROYECTO-API/public/index.php')
CRITICAL - 2024-09-20 15:23:37 --> Firebase\JWT\ExpiredException: Expired token
in VENDORPATH/firebase/php-jwt/src/JWT.php on line 176.
 1 APPPATH/Filters/AuthFilter.php(48): Firebase\JWT\JWT::decode()
 2 SYSTEMPATH/Filters/Filters.php(182): App\Filters\AuthFilter->before()
 3 SYSTEMPATH/CodeIgniter.php(475): CodeIgniter\Filters\Filters->run()
 4 SYSTEMPATH/CodeIgniter.php(361): CodeIgniter\CodeIgniter->handleRequest()
 5 FCPATH/index.php(79): CodeIgniter\CodeIgniter->run()
 6 SYSTEMPATH/Commands/Server/rewrite.php(47): require_once('/var/www/html/ADSO_N_2617510_G2/docs/trim7/PROYECTO-API-LATEST/PROYECTO-API/public/index.php')
CRITICAL - 2024-09-20 15:23:40 --> Firebase\JWT\ExpiredException: Expired token
in VENDORPATH/firebase/php-jwt/src/JWT.php on line 176.
 1 APPPATH/Filters/AuthFilter.php(48): Firebase\JWT\JWT::decode()
 2 SYSTEMPATH/Filters/Filters.php(182): App\Filters\AuthFilter->before()
 3 SYSTEMPATH/CodeIgniter.php(475): CodeIgniter\Filters\Filters->run()
 4 SYSTEMPATH/CodeIgniter.php(361): CodeIgniter\CodeIgniter->handleRequest()
 5 FCPATH/index.php(79): CodeIgniter\CodeIgniter->run()
 6 SYSTEMPATH/Commands/Server/rewrite.php(47): require_once('/var/www/html/ADSO_N_2617510_G2/docs/trim7/PROYECTO-API-LATEST/PROYECTO-API/public/index.php')
CRITICAL - 2024-09-20 15:37:34 --> Firebase\JWT\ExpiredException: Expired token
in VENDORPATH/firebase/php-jwt/src/JWT.php on line 176.
 1 APPPATH/Filters/AuthFilter.php(48): Firebase\JWT\JWT::decode()
 2 SYSTEMPATH/Filters/Filters.php(182): App\Filters\AuthFilter->before()
 3 SYSTEMPATH/CodeIgniter.php(475): CodeIgniter\Filters\Filters->run()
 4 SYSTEMPATH/CodeIgniter.php(361): CodeIgniter\CodeIgniter->handleRequest()
 5 FCPATH/index.php(79): CodeIgniter\CodeIgniter->run()
 6 SYSTEMPATH/Commands/Server/rewrite.php(47): require_once('/var/www/html/ADSO_N_2617510_G2/docs/trim7/PROYECTO-API-LATEST/PROYECTO-API/public/index.php')
CRITICAL - 2024-09-20 16:38:30 --> Firebase\JWT\ExpiredException: Expired token
in VENDORPATH/firebase/php-jwt/src/JWT.php on line 176.
 1 APPPATH/Filters/AuthFilter.php(48): Firebase\JWT\JWT::decode()
 2 SYSTEMPATH/Filters/Filters.php(182): App\Filters\AuthFilter->before()
 3 SYSTEMPATH/CodeIgniter.php(475): CodeIgniter\Filters\Filters->run()
 4 SYSTEMPATH/CodeIgniter.php(361): CodeIgniter\CodeIgniter->handleRequest()
 5 FCPATH/index.php(79): CodeIgniter\CodeIgniter->run()
 6 SYSTEMPATH/Commands/Server/rewrite.php(47): require_once('/var/www/html/ADSO_N_2617510_G2/docs/trim7/PROYECTO-API-LATEST/PROYECTO-API/public/index.php')
CRITICAL - 2024-09-20 16:38:31 --> Firebase\JWT\ExpiredException: Expired token
in VENDORPATH/firebase/php-jwt/src/JWT.php on line 176.
 1 APPPATH/Filters/AuthFilter.php(48): Firebase\JWT\JWT::decode()
 2 SYSTEMPATH/Filters/Filters.php(182): App\Filters\AuthFilter->before()
 3 SYSTEMPATH/CodeIgniter.php(475): CodeIgniter\Filters\Filters->run()
 4 SYSTEMPATH/CodeIgniter.php(361): CodeIgniter\CodeIgniter->handleRequest()
 5 FCPATH/index.php(79): CodeIgniter\CodeIgniter->run()
 6 SYSTEMPATH/Commands/Server/rewrite.php(47): require_once('/var/www/html/ADSO_N_2617510_G2/docs/trim7/PROYECTO-API-LATEST/PROYECTO-API/public/index.php')
CRITICAL - 2024-09-20 16:45:32 --> Firebase\JWT\ExpiredException: Expired token
in VENDORPATH/firebase/php-jwt/src/JWT.php on line 176.
 1 APPPATH/Filters/AuthFilter.php(48): Firebase\JWT\JWT::decode()
 2 SYSTEMPATH/Filters/Filters.php(182): App\Filters\AuthFilter->before()
 3 SYSTEMPATH/CodeIgniter.php(475): CodeIgniter\Filters\Filters->run()
 4 SYSTEMPATH/CodeIgniter.php(361): CodeIgniter\CodeIgniter->handleRequest()
 5 FCPATH/index.php(79): CodeIgniter\CodeIgniter->run()
 6 SYSTEMPATH/Commands/Server/rewrite.php(47): require_once('/var/www/html/ADSO_N_2617510_G2/docs/trim7/PROYECTO-API-LATEST/PROYECTO-API/public/index.php')
CRITICAL - 2024-09-20 16:45:35 --> Firebase\JWT\ExpiredException: Expired token
in VENDORPATH/firebase/php-jwt/src/JWT.php on line 176.
 1 APPPATH/Filters/AuthFilter.php(48): Firebase\JWT\JWT::decode()
 2 SYSTEMPATH/Filters/Filters.php(182): App\Filters\AuthFilter->before()
 3 SYSTEMPATH/CodeIgniter.php(475): CodeIgniter\Filters\Filters->run()
 4 SYSTEMPATH/CodeIgniter.php(361): CodeIgniter\CodeIgniter->handleRequest()
 5 FCPATH/index.php(79): CodeIgniter\CodeIgniter->run()
 6 SYSTEMPATH/Commands/Server/rewrite.php(47): require_once('/var/www/html/ADSO_N_2617510_G2/docs/trim7/PROYECTO-API-LATEST/PROYECTO-API/public/index.php')
