CRITICAL - 2024-09-17 03:55:28 --> Firebase\JWT\ExpiredException: Expired token
in VENDORPATH\firebase\php-jwt\src\JWT.php on line 176.
 1 APPPATH\Filters\AuthFilter.php(48): Firebase\JWT\JWT::decode('eyJ0eXAiOiJKV1QiLCJhbGciOiJIUzI1NiJ9.eyJpc3MiOiJJc3N1ZXIgb2YgdGhlIEpXVCIsImF1ZCI6IkF1ZGllbmNlIHRoYXQgdGhlIEpXVCIsInN1YiI6IlN1YmplY3Qgb2YgdGhlIEpXVCIsImlhdCI6MTcyNjUzNzcxMywiZXhwIjoxNzI2NTQxMzEzLCJlbWFpbCI6Imp1YW4xM0BnbWFpbC5jb20ifQ.dXvpr-9ycQIwiTFdrMgeVobFBplHLQ6oof-71H-oBoc', Object(Firebase\JWT\Key))
 2 SYSTEMPATH\Filters\Filters.php(182): App\Filters\AuthFilter->before(Object(CodeIgniter\HTTP\IncomingRequest), null)
 3 SYSTEMPATH\CodeIgniter.php(475): CodeIgniter\Filters\Filters->run('api/residente', 'before')
 4 SYSTEMPATH\CodeIgniter.php(361): CodeIgniter\CodeIgniter->handleRequest(null, Object(Config\Cache), false)
 5 FCPATH\index.php(79): CodeIgniter\CodeIgniter->run()
 6 SYSTEMPATH\Commands\Server\rewrite.php(47): require_once('C:\\xampp\\htdocs\\PROYECTO-API\\PROYECTO-API\\public\\index.php')
CRITICAL - 2024-09-17 03:55:42 --> Firebase\JWT\ExpiredException: Expired token
in VENDORPATH\firebase\php-jwt\src\JWT.php on line 176.
 1 APPPATH\Filters\AuthFilter.php(48): Firebase\JWT\JWT::decode('eyJ0eXAiOiJKV1QiLCJhbGciOiJIUzI1NiJ9.eyJpc3MiOiJJc3N1ZXIgb2YgdGhlIEpXVCIsImF1ZCI6IkF1ZGllbmNlIHRoYXQgdGhlIEpXVCIsInN1YiI6IlN1YmplY3Qgb2YgdGhlIEpXVCIsImlhdCI6MTcyNjUzNzcxMywiZXhwIjoxNzI2NTQxMzEzLCJlbWFpbCI6Imp1YW4xM0BnbWFpbC5jb20ifQ.dXvpr-9ycQIwiTFdrMgeVobFBplHLQ6oof-71H-oBoc', Object(Firebase\JWT\Key))
 2 SYSTEMPATH\Filters\Filters.php(182): App\Filters\AuthFilter->before(Object(CodeIgniter\HTTP\IncomingRequest), null)
 3 SYSTEMPATH\CodeIgniter.php(475): CodeIgniter\Filters\Filters->run('api/residente', 'before')
 4 SYSTEMPATH\CodeIgniter.php(361): CodeIgniter\CodeIgniter->handleRequest(null, Object(Config\Cache), false)
 5 FCPATH\index.php(79): CodeIgniter\CodeIgniter->run()
 6 SYSTEMPATH\Commands\Server\rewrite.php(47): require_once('C:\\xampp\\htdocs\\PROYECTO-API\\PROYECTO-API\\public\\index.php')
CRITICAL - 2024-09-17 03:56:47 --> Firebase\JWT\ExpiredException: Expired token
in VENDORPATH\firebase\php-jwt\src\JWT.php on line 176.
 1 APPPATH\Filters\AuthFilter.php(48): Firebase\JWT\JWT::decode('eyJ0eXAiOiJKV1QiLCJhbGciOiJIUzI1NiJ9.eyJpc3MiOiJJc3N1ZXIgb2YgdGhlIEpXVCIsImF1ZCI6IkF1ZGllbmNlIHRoYXQgdGhlIEpXVCIsInN1YiI6IlN1YmplY3Qgb2YgdGhlIEpXVCIsImlhdCI6MTcyNjUzNzcxMywiZXhwIjoxNzI2NTQxMzEzLCJlbWFpbCI6Imp1YW4xM0BnbWFpbC5jb20ifQ.dXvpr-9ycQIwiTFdrMgeVobFBplHLQ6oof-71H-oBoc', Object(Firebase\JWT\Key))
 2 SYSTEMPATH\Filters\Filters.php(182): App\Filters\AuthFilter->before(Object(CodeIgniter\HTTP\IncomingRequest), null)
 3 SYSTEMPATH\CodeIgniter.php(475): CodeIgniter\Filters\Filters->run('api/residente', 'before')
 4 SYSTEMPATH\CodeIgniter.php(361): CodeIgniter\CodeIgniter->handleRequest(null, Object(Config\Cache), false)
 5 FCPATH\index.php(79): CodeIgniter\CodeIgniter->run()
 6 SYSTEMPATH\Commands\Server\rewrite.php(47): require_once('C:\\xampp\\htdocs\\PROYECTO-API\\PROYECTO-API\\public\\index.php')
ERROR - 2024-09-17 22:38:11 --> mysqli_sql_exception: Unknown column 'email' in 'where clause' in /opt/lampp/htdocs/ADSO_N_2617510_G2/docs/trim7/PROYECTO-API-LATEST/PROYECTO-API/vendor/codeigniter4/framework/system/Database/MySQLi/Connection.php:306
Stack trace:
#0 /opt/lampp/htdocs/ADSO_N_2617510_G2/docs/trim7/PROYECTO-API-LATEST/PROYECTO-API/vendor/codeigniter4/framework/system/Database/MySQLi/Connection.php(306): mysqli->query()
#1 /opt/lampp/htdocs/ADSO_N_2617510_G2/docs/trim7/PROYECTO-API-LATEST/PROYECTO-API/vendor/codeigniter4/framework/system/Database/BaseConnection.php(693): CodeIgniter\Database\MySQLi\Connection->execute()
#2 /opt/lampp/htdocs/ADSO_N_2617510_G2/docs/trim7/PROYECTO-API-LATEST/PROYECTO-API/vendor/codeigniter4/framework/system/Database/BaseConnection.php(607): CodeIgniter\Database\BaseConnection->simpleQuery()
#3 /opt/lampp/htdocs/ADSO_N_2617510_G2/docs/trim7/PROYECTO-API-LATEST/PROYECTO-API/vendor/codeigniter4/framework/system/Database/BaseBuilder.php(1616): CodeIgniter\Database\BaseConnection->query()
#4 /opt/lampp/htdocs/ADSO_N_2617510_G2/docs/trim7/PROYECTO-API-LATEST/PROYECTO-API/vendor/codeigniter4/framework/system/Model.php(271): CodeIgniter\Database\BaseBuilder->get()
#5 /opt/lampp/htdocs/ADSO_N_2617510_G2/docs/trim7/PROYECTO-API-LATEST/PROYECTO-API/vendor/codeigniter4/framework/system/BaseModel.php(679): CodeIgniter\Model->doFirst()
#6 /opt/lampp/htdocs/ADSO_N_2617510_G2/docs/trim7/PROYECTO-API-LATEST/PROYECTO-API/app/Controllers/Login.php(19): CodeIgniter\BaseModel->first()
#7 /opt/lampp/htdocs/ADSO_N_2617510_G2/docs/trim7/PROYECTO-API-LATEST/PROYECTO-API/vendor/codeigniter4/framework/system/CodeIgniter.php(943): App\Controllers\Login->index()
#8 /opt/lampp/htdocs/ADSO_N_2617510_G2/docs/trim7/PROYECTO-API-LATEST/PROYECTO-API/vendor/codeigniter4/framework/system/CodeIgniter.php(503): CodeIgniter\CodeIgniter->runController()
#9 /opt/lampp/htdocs/ADSO_N_2617510_G2/docs/trim7/PROYECTO-API-LATEST/PROYECTO-API/vendor/codeigniter4/framework/system/CodeIgniter.php(361): CodeIgniter\CodeIgniter->handleRequest()
#10 /opt/lampp/htdocs/ADSO_N_2617510_G2/docs/trim7/PROYECTO-API-LATEST/PROYECTO-API/public/index.php(79): CodeIgniter\CodeIgniter->run()
#11 /opt/lampp/htdocs/ADSO_N_2617510_G2/docs/trim7/PROYECTO-API-LATEST/PROYECTO-API/vendor/codeigniter4/framework/system/Commands/Server/rewrite.php(47): require_once('...')
#12 {main}
CRITICAL - 2024-09-17 22:38:11 --> CodeIgniter\Database\Exceptions\DatabaseException: Unknown column 'email' in 'where clause'
in SYSTEMPATH/Database/BaseConnection.php on line 647.
 1 SYSTEMPATH/Database/BaseBuilder.php(1616): CodeIgniter\Database\BaseConnection->query()
 2 SYSTEMPATH/Model.php(271): CodeIgniter\Database\BaseBuilder->get()
 3 SYSTEMPATH/BaseModel.php(679): CodeIgniter\Model->doFirst()
 4 APPPATH/Controllers/Login.php(19): CodeIgniter\BaseModel->first()
 5 SYSTEMPATH/CodeIgniter.php(943): App\Controllers\Login->index()
 6 SYSTEMPATH/CodeIgniter.php(503): CodeIgniter\CodeIgniter->runController()
 7 SYSTEMPATH/CodeIgniter.php(361): CodeIgniter\CodeIgniter->handleRequest()
 8 FCPATH/index.php(79): CodeIgniter\CodeIgniter->run()
 9 SYSTEMPATH/Commands/Server/rewrite.php(47): require_once('/opt/lampp/htdocs/ADSO_N_2617510_G2/docs/trim7/PROYECTO-API-LATEST/PROYECTO-API/public/index.php')
CRITICAL - 2024-09-17 22:38:11 --> [Caused by] CodeIgniter\Database\Exceptions\DatabaseException: Unknown column 'email' in 'where clause'
in SYSTEMPATH/Database/MySQLi/Connection.php on line 311.
 1 SYSTEMPATH/Database/BaseConnection.php(693): CodeIgniter\Database\MySQLi\Connection->execute()
 2 SYSTEMPATH/Database/BaseConnection.php(607): CodeIgniter\Database\BaseConnection->simpleQuery()
 3 SYSTEMPATH/Database/BaseBuilder.php(1616): CodeIgniter\Database\BaseConnection->query()
 4 SYSTEMPATH/Model.php(271): CodeIgniter\Database\BaseBuilder->get()
 5 SYSTEMPATH/BaseModel.php(679): CodeIgniter\Model->doFirst()
 6 APPPATH/Controllers/Login.php(19): CodeIgniter\BaseModel->first()
 7 SYSTEMPATH/CodeIgniter.php(943): App\Controllers\Login->index()
 8 SYSTEMPATH/CodeIgniter.php(503): CodeIgniter\CodeIgniter->runController()
 9 SYSTEMPATH/CodeIgniter.php(361): CodeIgniter\CodeIgniter->handleRequest()
10 FCPATH/index.php(79): CodeIgniter\CodeIgniter->run()
11 SYSTEMPATH/Commands/Server/rewrite.php(47): require_once('/opt/lampp/htdocs/ADSO_N_2617510_G2/docs/trim7/PROYECTO-API-LATEST/PROYECTO-API/public/index.php')
CRITICAL - 2024-09-17 22:38:11 --> [Caused by] mysqli_sql_exception: Unknown column 'email' in 'where clause'
in SYSTEMPATH/Database/MySQLi/Connection.php on line 306.
 1 SYSTEMPATH/Database/MySQLi/Connection.php(306): mysqli->query()
 2 SYSTEMPATH/Database/BaseConnection.php(693): CodeIgniter\Database\MySQLi\Connection->execute()
 3 SYSTEMPATH/Database/BaseConnection.php(607): CodeIgniter\Database\BaseConnection->simpleQuery()
 4 SYSTEMPATH/Database/BaseBuilder.php(1616): CodeIgniter\Database\BaseConnection->query()
 5 SYSTEMPATH/Model.php(271): CodeIgniter\Database\BaseBuilder->get()
 6 SYSTEMPATH/BaseModel.php(679): CodeIgniter\Model->doFirst()
 7 APPPATH/Controllers/Login.php(19): CodeIgniter\BaseModel->first()
 8 SYSTEMPATH/CodeIgniter.php(943): App\Controllers\Login->index()
 9 SYSTEMPATH/CodeIgniter.php(503): CodeIgniter\CodeIgniter->runController()
10 SYSTEMPATH/CodeIgniter.php(361): CodeIgniter\CodeIgniter->handleRequest()
11 FCPATH/index.php(79): CodeIgniter\CodeIgniter->run()
12 SYSTEMPATH/Commands/Server/rewrite.php(47): require_once('/opt/lampp/htdocs/ADSO_N_2617510_G2/docs/trim7/PROYECTO-API-LATEST/PROYECTO-API/public/index.php')
ERROR - 2024-09-17 22:38:34 --> mysqli_sql_exception: Table 'baseAPCR.users' doesn't exist in /opt/lampp/htdocs/ADSO_N_2617510_G2/docs/trim7/PROYECTO-API-LATEST/PROYECTO-API/vendor/codeigniter4/framework/system/Database/MySQLi/Connection.php:306
Stack trace:
#0 /opt/lampp/htdocs/ADSO_N_2617510_G2/docs/trim7/PROYECTO-API-LATEST/PROYECTO-API/vendor/codeigniter4/framework/system/Database/MySQLi/Connection.php(306): mysqli->query()
#1 /opt/lampp/htdocs/ADSO_N_2617510_G2/docs/trim7/PROYECTO-API-LATEST/PROYECTO-API/vendor/codeigniter4/framework/system/Database/BaseConnection.php(693): CodeIgniter\Database\MySQLi\Connection->execute()
#2 /opt/lampp/htdocs/ADSO_N_2617510_G2/docs/trim7/PROYECTO-API-LATEST/PROYECTO-API/vendor/codeigniter4/framework/system/Database/BaseConnection.php(607): CodeIgniter\Database\BaseConnection->simpleQuery()
#3 /opt/lampp/htdocs/ADSO_N_2617510_G2/docs/trim7/PROYECTO-API-LATEST/PROYECTO-API/vendor/codeigniter4/framework/system/Database/BaseBuilder.php(1616): CodeIgniter\Database\BaseConnection->query()
#4 /opt/lampp/htdocs/ADSO_N_2617510_G2/docs/trim7/PROYECTO-API-LATEST/PROYECTO-API/vendor/codeigniter4/framework/system/Validation/StrictRules/Rules.php(227): CodeIgniter\Database\BaseBuilder->get()
#5 /opt/lampp/htdocs/ADSO_N_2617510_G2/docs/trim7/PROYECTO-API-LATEST/PROYECTO-API/vendor/codeigniter4/framework/system/Validation/Validation.php(328): CodeIgniter\Validation\StrictRules\Rules->is_unique()
#6 /opt/lampp/htdocs/ADSO_N_2617510_G2/docs/trim7/PROYECTO-API-LATEST/PROYECTO-API/vendor/codeigniter4/framework/system/Validation/Validation.php(200): CodeIgniter\Validation\Validation->processRules()
#7 /opt/lampp/htdocs/ADSO_N_2617510_G2/docs/trim7/PROYECTO-API-LATEST/PROYECTO-API/vendor/codeigniter4/framework/system/Controller.php(154): CodeIgniter\Validation\Validation->run()
#8 /opt/lampp/htdocs/ADSO_N_2617510_G2/docs/trim7/PROYECTO-API-LATEST/PROYECTO-API/app/Controllers/Register.php(21): CodeIgniter\Controller->validate()
#9 /opt/lampp/htdocs/ADSO_N_2617510_G2/docs/trim7/PROYECTO-API-LATEST/PROYECTO-API/vendor/codeigniter4/framework/system/CodeIgniter.php(943): App\Controllers\Register->index()
#10 /opt/lampp/htdocs/ADSO_N_2617510_G2/docs/trim7/PROYECTO-API-LATEST/PROYECTO-API/vendor/codeigniter4/framework/system/CodeIgniter.php(503): CodeIgniter\CodeIgniter->runController()
#11 /opt/lampp/htdocs/ADSO_N_2617510_G2/docs/trim7/PROYECTO-API-LATEST/PROYECTO-API/vendor/codeigniter4/framework/system/CodeIgniter.php(361): CodeIgniter\CodeIgniter->handleRequest()
#12 /opt/lampp/htdocs/ADSO_N_2617510_G2/docs/trim7/PROYECTO-API-LATEST/PROYECTO-API/public/index.php(79): CodeIgniter\CodeIgniter->run()
#13 /opt/lampp/htdocs/ADSO_N_2617510_G2/docs/trim7/PROYECTO-API-LATEST/PROYECTO-API/vendor/codeigniter4/framework/system/Commands/Server/rewrite.php(47): require_once('...')
#14 {main}
CRITICAL - 2024-09-17 22:38:34 --> CodeIgniter\Database\Exceptions\DatabaseException: Table 'baseAPCR.users' doesn't exist
in SYSTEMPATH/Database/BaseConnection.php on line 647.
 1 SYSTEMPATH/Database/BaseBuilder.php(1616): CodeIgniter\Database\BaseConnection->query()
 2 SYSTEMPATH/Validation/StrictRules/Rules.php(227): CodeIgniter\Database\BaseBuilder->get()
 3 SYSTEMPATH/Validation/Validation.php(328): CodeIgniter\Validation\StrictRules\Rules->is_unique()
 4 SYSTEMPATH/Validation/Validation.php(200): CodeIgniter\Validation\Validation->processRules()
 5 SYSTEMPATH/Controller.php(154): CodeIgniter\Validation\Validation->run()
 6 APPPATH/Controllers/Register.php(21): CodeIgniter\Controller->validate()
 7 SYSTEMPATH/CodeIgniter.php(943): App\Controllers\Register->index()
 8 SYSTEMPATH/CodeIgniter.php(503): CodeIgniter\CodeIgniter->runController()
 9 SYSTEMPATH/CodeIgniter.php(361): CodeIgniter\CodeIgniter->handleRequest()
10 FCPATH/index.php(79): CodeIgniter\CodeIgniter->run()
11 SYSTEMPATH/Commands/Server/rewrite.php(47): require_once('/opt/lampp/htdocs/ADSO_N_2617510_G2/docs/trim7/PROYECTO-API-LATEST/PROYECTO-API/public/index.php')
CRITICAL - 2024-09-17 22:38:34 --> [Caused by] CodeIgniter\Database\Exceptions\DatabaseException: Table 'baseAPCR.users' doesn't exist
in SYSTEMPATH/Database/MySQLi/Connection.php on line 311.
 1 SYSTEMPATH/Database/BaseConnection.php(693): CodeIgniter\Database\MySQLi\Connection->execute()
 2 SYSTEMPATH/Database/BaseConnection.php(607): CodeIgniter\Database\BaseConnection->simpleQuery()
 3 SYSTEMPATH/Database/BaseBuilder.php(1616): CodeIgniter\Database\BaseConnection->query()
 4 SYSTEMPATH/Validation/StrictRules/Rules.php(227): CodeIgniter\Database\BaseBuilder->get()
 5 SYSTEMPATH/Validation/Validation.php(328): CodeIgniter\Validation\StrictRules\Rules->is_unique()
 6 SYSTEMPATH/Validation/Validation.php(200): CodeIgniter\Validation\Validation->processRules()
 7 SYSTEMPATH/Controller.php(154): CodeIgniter\Validation\Validation->run()
 8 APPPATH/Controllers/Register.php(21): CodeIgniter\Controller->validate()
 9 SYSTEMPATH/CodeIgniter.php(943): App\Controllers\Register->index()
10 SYSTEMPATH/CodeIgniter.php(503): CodeIgniter\CodeIgniter->runController()
11 SYSTEMPATH/CodeIgniter.php(361): CodeIgniter\CodeIgniter->handleRequest()
12 FCPATH/index.php(79): CodeIgniter\CodeIgniter->run()
13 SYSTEMPATH/Commands/Server/rewrite.php(47): require_once('/opt/lampp/htdocs/ADSO_N_2617510_G2/docs/trim7/PROYECTO-API-LATEST/PROYECTO-API/public/index.php')
CRITICAL - 2024-09-17 22:38:34 --> [Caused by] mysqli_sql_exception: Table 'baseAPCR.users' doesn't exist
in SYSTEMPATH/Database/MySQLi/Connection.php on line 306.
 1 SYSTEMPATH/Database/MySQLi/Connection.php(306): mysqli->query()
 2 SYSTEMPATH/Database/BaseConnection.php(693): CodeIgniter\Database\MySQLi\Connection->execute()
 3 SYSTEMPATH/Database/BaseConnection.php(607): CodeIgniter\Database\BaseConnection->simpleQuery()
 4 SYSTEMPATH/Database/BaseBuilder.php(1616): CodeIgniter\Database\BaseConnection->query()
 5 SYSTEMPATH/Validation/StrictRules/Rules.php(227): CodeIgniter\Database\BaseBuilder->get()
 6 SYSTEMPATH/Validation/Validation.php(328): CodeIgniter\Validation\StrictRules\Rules->is_unique()
 7 SYSTEMPATH/Validation/Validation.php(200): CodeIgniter\Validation\Validation->processRules()
 8 SYSTEMPATH/Controller.php(154): CodeIgniter\Validation\Validation->run()
 9 APPPATH/Controllers/Register.php(21): CodeIgniter\Controller->validate()
10 SYSTEMPATH/CodeIgniter.php(943): App\Controllers\Register->index()
11 SYSTEMPATH/CodeIgniter.php(503): CodeIgniter\CodeIgniter->runController()
12 SYSTEMPATH/CodeIgniter.php(361): CodeIgniter\CodeIgniter->handleRequest()
13 FCPATH/index.php(79): CodeIgniter\CodeIgniter->run()
14 SYSTEMPATH/Commands/Server/rewrite.php(47): require_once('/opt/lampp/htdocs/ADSO_N_2617510_G2/docs/trim7/PROYECTO-API-LATEST/PROYECTO-API/public/index.php')
ERROR - 2024-09-17 22:40:15 --> mysqli_sql_exception: Table 'baseAPCR.users' doesn't exist in /opt/lampp/htdocs/ADSO_N_2617510_G2/docs/trim7/PROYECTO-API-LATEST/PROYECTO-API/vendor/codeigniter4/framework/system/Database/MySQLi/Connection.php:306
Stack trace:
#0 /opt/lampp/htdocs/ADSO_N_2617510_G2/docs/trim7/PROYECTO-API-LATEST/PROYECTO-API/vendor/codeigniter4/framework/system/Database/MySQLi/Connection.php(306): mysqli->query()
#1 /opt/lampp/htdocs/ADSO_N_2617510_G2/docs/trim7/PROYECTO-API-LATEST/PROYECTO-API/vendor/codeigniter4/framework/system/Database/BaseConnection.php(693): CodeIgniter\Database\MySQLi\Connection->execute()
#2 /opt/lampp/htdocs/ADSO_N_2617510_G2/docs/trim7/PROYECTO-API-LATEST/PROYECTO-API/vendor/codeigniter4/framework/system/Database/BaseConnection.php(607): CodeIgniter\Database\BaseConnection->simpleQuery()
#3 /opt/lampp/htdocs/ADSO_N_2617510_G2/docs/trim7/PROYECTO-API-LATEST/PROYECTO-API/vendor/codeigniter4/framework/system/Database/BaseBuilder.php(1616): CodeIgniter\Database\BaseConnection->query()
#4 /opt/lampp/htdocs/ADSO_N_2617510_G2/docs/trim7/PROYECTO-API-LATEST/PROYECTO-API/vendor/codeigniter4/framework/system/Validation/StrictRules/Rules.php(227): CodeIgniter\Database\BaseBuilder->get()
#5 /opt/lampp/htdocs/ADSO_N_2617510_G2/docs/trim7/PROYECTO-API-LATEST/PROYECTO-API/vendor/codeigniter4/framework/system/Validation/Validation.php(328): CodeIgniter\Validation\StrictRules\Rules->is_unique()
#6 /opt/lampp/htdocs/ADSO_N_2617510_G2/docs/trim7/PROYECTO-API-LATEST/PROYECTO-API/vendor/codeigniter4/framework/system/Validation/Validation.php(200): CodeIgniter\Validation\Validation->processRules()
#7 /opt/lampp/htdocs/ADSO_N_2617510_G2/docs/trim7/PROYECTO-API-LATEST/PROYECTO-API/vendor/codeigniter4/framework/system/Controller.php(154): CodeIgniter\Validation\Validation->run()
#8 /opt/lampp/htdocs/ADSO_N_2617510_G2/docs/trim7/PROYECTO-API-LATEST/PROYECTO-API/app/Controllers/Register.php(21): CodeIgniter\Controller->validate()
#9 /opt/lampp/htdocs/ADSO_N_2617510_G2/docs/trim7/PROYECTO-API-LATEST/PROYECTO-API/vendor/codeigniter4/framework/system/CodeIgniter.php(943): App\Controllers\Register->index()
#10 /opt/lampp/htdocs/ADSO_N_2617510_G2/docs/trim7/PROYECTO-API-LATEST/PROYECTO-API/vendor/codeigniter4/framework/system/CodeIgniter.php(503): CodeIgniter\CodeIgniter->runController()
#11 /opt/lampp/htdocs/ADSO_N_2617510_G2/docs/trim7/PROYECTO-API-LATEST/PROYECTO-API/vendor/codeigniter4/framework/system/CodeIgniter.php(361): CodeIgniter\CodeIgniter->handleRequest()
#12 /opt/lampp/htdocs/ADSO_N_2617510_G2/docs/trim7/PROYECTO-API-LATEST/PROYECTO-API/public/index.php(79): CodeIgniter\CodeIgniter->run()
#13 /opt/lampp/htdocs/ADSO_N_2617510_G2/docs/trim7/PROYECTO-API-LATEST/PROYECTO-API/vendor/codeigniter4/framework/system/Commands/Server/rewrite.php(47): require_once('...')
#14 {main}
CRITICAL - 2024-09-17 22:40:15 --> CodeIgniter\Database\Exceptions\DatabaseException: Table 'baseAPCR.users' doesn't exist
in SYSTEMPATH/Database/BaseConnection.php on line 647.
 1 SYSTEMPATH/Database/BaseBuilder.php(1616): CodeIgniter\Database\BaseConnection->query()
 2 SYSTEMPATH/Validation/StrictRules/Rules.php(227): CodeIgniter\Database\BaseBuilder->get()
 3 SYSTEMPATH/Validation/Validation.php(328): CodeIgniter\Validation\StrictRules\Rules->is_unique()
 4 SYSTEMPATH/Validation/Validation.php(200): CodeIgniter\Validation\Validation->processRules()
 5 SYSTEMPATH/Controller.php(154): CodeIgniter\Validation\Validation->run()
 6 APPPATH/Controllers/Register.php(21): CodeIgniter\Controller->validate()
 7 SYSTEMPATH/CodeIgniter.php(943): App\Controllers\Register->index()
 8 SYSTEMPATH/CodeIgniter.php(503): CodeIgniter\CodeIgniter->runController()
 9 SYSTEMPATH/CodeIgniter.php(361): CodeIgniter\CodeIgniter->handleRequest()
10 FCPATH/index.php(79): CodeIgniter\CodeIgniter->run()
11 SYSTEMPATH/Commands/Server/rewrite.php(47): require_once('/opt/lampp/htdocs/ADSO_N_2617510_G2/docs/trim7/PROYECTO-API-LATEST/PROYECTO-API/public/index.php')
CRITICAL - 2024-09-17 22:40:15 --> [Caused by] CodeIgniter\Database\Exceptions\DatabaseException: Table 'baseAPCR.users' doesn't exist
in SYSTEMPATH/Database/MySQLi/Connection.php on line 311.
 1 SYSTEMPATH/Database/BaseConnection.php(693): CodeIgniter\Database\MySQLi\Connection->execute()
 2 SYSTEMPATH/Database/BaseConnection.php(607): CodeIgniter\Database\BaseConnection->simpleQuery()
 3 SYSTEMPATH/Database/BaseBuilder.php(1616): CodeIgniter\Database\BaseConnection->query()
 4 SYSTEMPATH/Validation/StrictRules/Rules.php(227): CodeIgniter\Database\BaseBuilder->get()
 5 SYSTEMPATH/Validation/Validation.php(328): CodeIgniter\Validation\StrictRules\Rules->is_unique()
 6 SYSTEMPATH/Validation/Validation.php(200): CodeIgniter\Validation\Validation->processRules()
 7 SYSTEMPATH/Controller.php(154): CodeIgniter\Validation\Validation->run()
 8 APPPATH/Controllers/Register.php(21): CodeIgniter\Controller->validate()
 9 SYSTEMPATH/CodeIgniter.php(943): App\Controllers\Register->index()
10 SYSTEMPATH/CodeIgniter.php(503): CodeIgniter\CodeIgniter->runController()
11 SYSTEMPATH/CodeIgniter.php(361): CodeIgniter\CodeIgniter->handleRequest()
12 FCPATH/index.php(79): CodeIgniter\CodeIgniter->run()
13 SYSTEMPATH/Commands/Server/rewrite.php(47): require_once('/opt/lampp/htdocs/ADSO_N_2617510_G2/docs/trim7/PROYECTO-API-LATEST/PROYECTO-API/public/index.php')
CRITICAL - 2024-09-17 22:40:15 --> [Caused by] mysqli_sql_exception: Table 'baseAPCR.users' doesn't exist
in SYSTEMPATH/Database/MySQLi/Connection.php on line 306.
 1 SYSTEMPATH/Database/MySQLi/Connection.php(306): mysqli->query()
 2 SYSTEMPATH/Database/BaseConnection.php(693): CodeIgniter\Database\MySQLi\Connection->execute()
 3 SYSTEMPATH/Database/BaseConnection.php(607): CodeIgniter\Database\BaseConnection->simpleQuery()
 4 SYSTEMPATH/Database/BaseBuilder.php(1616): CodeIgniter\Database\BaseConnection->query()
 5 SYSTEMPATH/Validation/StrictRules/Rules.php(227): CodeIgniter\Database\BaseBuilder->get()
 6 SYSTEMPATH/Validation/Validation.php(328): CodeIgniter\Validation\StrictRules\Rules->is_unique()
 7 SYSTEMPATH/Validation/Validation.php(200): CodeIgniter\Validation\Validation->processRules()
 8 SYSTEMPATH/Controller.php(154): CodeIgniter\Validation\Validation->run()
 9 APPPATH/Controllers/Register.php(21): CodeIgniter\Controller->validate()
10 SYSTEMPATH/CodeIgniter.php(943): App\Controllers\Register->index()
11 SYSTEMPATH/CodeIgniter.php(503): CodeIgniter\CodeIgniter->runController()
12 SYSTEMPATH/CodeIgniter.php(361): CodeIgniter\CodeIgniter->handleRequest()
13 FCPATH/index.php(79): CodeIgniter\CodeIgniter->run()
14 SYSTEMPATH/Commands/Server/rewrite.php(47): require_once('/opt/lampp/htdocs/ADSO_N_2617510_G2/docs/trim7/PROYECTO-API-LATEST/PROYECTO-API/public/index.php')
CRITICAL - 2024-09-17 22:44:32 --> TypeError: Key material must be a string, resource, or OpenSSLAsymmetricKey
in VENDORPATH/firebase/php-jwt/src/Key.php on line 31.
 1 APPPATH/Filters/AuthFilter.php(48): Firebase\JWT\Key->__construct()
 2 SYSTEMPATH/Filters/Filters.php(182): App\Filters\AuthFilter->before()
 3 SYSTEMPATH/CodeIgniter.php(475): CodeIgniter\Filters\Filters->run()
 4 SYSTEMPATH/CodeIgniter.php(361): CodeIgniter\CodeIgniter->handleRequest()
 5 FCPATH/index.php(79): CodeIgniter\CodeIgniter->run()
 6 SYSTEMPATH/Commands/Server/rewrite.php(47): require_once('/opt/lampp/htdocs/ADSO_N_2617510_G2/docs/trim7/PROYECTO-API-LATEST/PROYECTO-API/public/index.php')
CRITICAL - 2024-09-17 22:45:06 --> TypeError: Key material must be a string, resource, or OpenSSLAsymmetricKey
in VENDORPATH/firebase/php-jwt/src/Key.php on line 31.
 1 APPPATH/Filters/AuthFilter.php(48): Firebase\JWT\Key->__construct()
 2 SYSTEMPATH/Filters/Filters.php(182): App\Filters\AuthFilter->before()
 3 SYSTEMPATH/CodeIgniter.php(475): CodeIgniter\Filters\Filters->run()
 4 SYSTEMPATH/CodeIgniter.php(361): CodeIgniter\CodeIgniter->handleRequest()
 5 FCPATH/index.php(79): CodeIgniter\CodeIgniter->run()
 6 SYSTEMPATH/Commands/Server/rewrite.php(47): require_once('/opt/lampp/htdocs/ADSO_N_2617510_G2/docs/trim7/PROYECTO-API-LATEST/PROYECTO-API/public/index.php')
